<?xml version="1.0" encoding="UTF-8"?>
<testsuites name="FlujoCompleto" time="1068.48" tests="6" failures="5" errors="0">
   <testsuite name="FlujoCompleto" tests="6" failures="5" errors="0" time="1068.48" timestamp="2019-12-19 13:55:58" hostname="Lgarciaa - P-Lgarciaa.intergrupo.com" id="Test Suites/Correspondencia/FlujoCompleto">
      <properties>
         <property name="deviceName" value=""/>
         <property name="devicePlatform" value=""/>
         <property name="logFolder" value="F:\\Proyectos\\CAF_FlujoCorrespondencia\\Reports\\20191219_135554\\Correspondencia\\FlujoCompleto\\20191219_135554"/>
         <property name="logFiles" value="F:\\Proyectos\\CAF_FlujoCorrespondencia\\Reports\\20191219_135554\\Correspondencia\\FlujoCompleto\\20191219_135554\\execution0.log"/>
         <property name="attachments" value="F:\\Proyectos\\CAF_FlujoCorrespondencia\\Reports\\20191219_135554\\Correspondencia\\FlujoCompleto\\20191219_135554\\1576782140941.png, F:\\Proyectos\\CAF_FlujoCorrespondencia\\Reports\\20191219_135554\\Correspondencia\\FlujoCompleto\\20191219_135554\\1576782386302.png, F:\\Proyectos\\CAF_FlujoCorrespondencia\\Reports\\20191219_135554\\Correspondencia\\FlujoCompleto\\20191219_135554\\1576782824343.png"/>
         <property name="hostName" value="Lgarciaa - P-Lgarciaa.intergrupo.com"/>
         <property name="os" value="Windows 10 64bit"/>
         <property name="katalonVersion" value="7.1.0.1"/>
         <property name="browser" value="Chrome 79.0.3945.88"/>
         <property name="hostAddress" value="10.60.6.13"/>
         <property name="sessionId" value="8648906317c590aaab1fd89292347392"/>
         <property name="seleniumVersion" value="3.141.59"/>
         <property name="proxyInformation" value="ProxyInformation{proxyOption=NO_PROXY, proxyServerType=HTTP, password=, proxyServerAddress=, proxyServerPort=0}"/>
         <property name="platform" value="Windows 10"/>
      </properties>
      <testcase name="Test Cases/Recepcion/Crear_Flujo" time="184.566" classname="Test Cases/Recepcion/Crear_Flujo" status="PASSED">
         <system-out><![CDATA[2019-12-19 13:55:58 - [TEST_CASE][PASSED] - Test Cases/Recepcion/Crear_Flujo: Test Cases/Recepcion/Crear_Flujo

2019-12-19 13:55:58 - [TEST_STEP][PASSED] - callTestCase(findTestCase("IniciarSesion_AplicacionCAF/IngresarPaginaPrincipal_CAF"), [:], STOP_ON_FAILURE): Call Test Case 'Test Cases/IniciarSesion_AplicacionCAF/IngresarPaginaPrincipal_CAF' successfully

2019-12-19 13:55:58 - [TEST_CASE][PASSED] - Test Cases/IniciarSesion_AplicacionCAF/IngresarPaginaPrincipal_CAF: Test Cases/IniciarSesion_AplicacionCAF/IngresarPaginaPrincipal_CAF

2019-12-19 13:55:58 - [TEST_STEP][PASSED] - openBrowser(""): Browser is opened with url: ''

2019-12-19 13:55:59 - [MESSAGE][INFO] - Starting 'Chrome' driver

2019-12-19 13:55:59 - [MESSAGE][INFO] - Action delay is set to 0 seconds

2019-12-19 13:56:07 - [MESSAGE][PASSED] - Browser is opened with url: ''

2019-12-19 13:56:07 - [TEST_STEP][PASSED] - maximizeWindow(): Current window maximized

2019-12-19 13:56:11 - [MESSAGE][PASSED] - Current window maximized

2019-12-19 13:56:11 - [TEST_STEP][PASSED] - navigateToUrl("http://smdepbwsp02v:8004/sites/correspondencia/oecu/Lists/CSL_Correspondencia/AllItems.aspx"): Navigate to 'http://smdepbwsp02v:8004/sites/correspondencia/oecu/Lists/CSL_Correspondencia/AllItems.aspx' successfully

2019-12-19 13:56:14 - [MESSAGE][PASSED] - Navigate to 'http://smdepbwsp02v:8004/sites/correspondencia/oecu/Lists/CSL_Correspondencia/AllItems.aspx' successfully

2019-12-19 13:56:14 - [MESSAGE][INFO] - =================== Smart XPath Report =======================

2019-12-19 13:56:14 - [MESSAGE][INFO] - Refer to the link below to preview and approve auto healing on broken test objects.

2019-12-19 13:56:14 - [MESSAGE][INFO] - https://docs.katalon.com/katalon-studio/docs/auto-healing-smart-xpath.html

2019-12-19 13:56:14 - [MESSAGE][INFO] - ===============================================================

2019-12-19 13:56:14 - [MESSAGE][PASSED] - Call Test Case 'Test Cases/IniciarSesion_AplicacionCAF/IngresarPaginaPrincipal_CAF' successfully

2019-12-19 13:56:14 - [TEST_STEP][PASSED] - click(findTestObject("Recepcion/Crear Flujo/span_nuevo elemento")): Object: 'Object Repository/Recepcion/Crear Flujo/span_nuevo elemento' is clicked on

2019-12-19 13:56:16 - [MESSAGE][PASSED] - Object: 'Object Repository/Recepcion/Crear Flujo/span_nuevo elemento' is clicked on

2019-12-19 13:56:16 - [TEST_STEP][PASSED] - click(findTestObject("Object Repository/Recepcion/Crear Flujo/input_Procedencia_procedencia-input")): Object: 'Object Repository/Recepcion/Crear Flujo/input_Procedencia_procedencia-input' is clicked on

2019-12-19 13:56:17 - [MESSAGE][PASSED] - Object: 'Object Repository/Recepcion/Crear Flujo/input_Procedencia_procedencia-input' is clicked on

2019-12-19 13:56:17 - [TEST_STEP][PASSED] - setText(findTestObject("Object Repository/Recepcion/Crear Flujo/input_Procedencia_procedencia-input"), "ECUADOR"): Text 'ECUADOR' is set on object 'Object Repository/Recepcion/Crear Flujo/input_Procedencia_procedencia-input'

2019-12-19 13:56:17 - [MESSAGE][PASSED] - Text 'ECUADOR' is set on object 'Object Repository/Recepcion/Crear Flujo/input_Procedencia_procedencia-input'

2019-12-19 13:56:17 - [TEST_STEP][PASSED] - setText(findTestObject("Object Repository/Recepcion/Crear Flujo/input_Tipo Documento_tipoDocumento-input"), "ORIGINAL"): Text 'ORIGINAL' is set on object 'Object Repository/Recepcion/Crear Flujo/input_Tipo Documento_tipoDocumento-input'

2019-12-19 13:56:18 - [MESSAGE][PASSED] - Text 'ORIGINAL' is set on object 'Object Repository/Recepcion/Crear Flujo/input_Tipo Documento_tipoDocumento-input'

2019-12-19 13:56:18 - [TEST_STEP][PASSED] - click(findTestObject("Object Repository/Recepcion/Crear Flujo/i_")): Object: 'Object Repository/Recepcion/Crear Flujo/i_' is clicked on

2019-12-19 13:56:18 - [MESSAGE][PASSED] - Object: 'Object Repository/Recepcion/Crear Flujo/i_' is clicked on

2019-12-19 13:56:18 - [TEST_STEP][PASSED] - click(findTestObject("Recepcion/Crear Flujo/span_20")): Object: 'Object Repository/Recepcion/Crear Flujo/span_20' is clicked on

2019-12-19 13:56:19 - [MESSAGE][PASSED] - Object: 'Object Repository/Recepcion/Crear Flujo/span_20' is clicked on

2019-12-19 13:56:19 - [TEST_STEP][PASSED] - setText(findTestObject("Recepcion/Crear Flujo/input_Nmero Oficio_numeroOficio"), "12"): Text '12' is set on object 'Object Repository/Recepcion/Crear Flujo/input_Nmero Oficio_numeroOficio'

2019-12-19 13:56:20 - [MESSAGE][PASSED] - Text '12' is set on object 'Object Repository/Recepcion/Crear Flujo/input_Nmero Oficio_numeroOficio'

2019-12-19 13:56:20 - [TEST_STEP][PASSED] - setText(findTestObject("Object Repository/Recepcion/Crear Flujo/input_Relacionado Con_relacionadoCon-input"), "CFA"): Text 'CFA' is set on object 'Object Repository/Recepcion/Crear Flujo/input_Relacionado Con_relacionadoCon-input'

2019-12-19 13:56:20 - [MESSAGE][PASSED] - Text 'CFA' is set on object 'Object Repository/Recepcion/Crear Flujo/input_Relacionado Con_relacionadoCon-input'

2019-12-19 13:56:20 - [TEST_STEP][PASSED] - setText(findTestObject("Object Repository/Recepcion/Crear Flujo/input_Nombre de Crdito_nombreCredito"), "PRUEBA"): Text 'PRUEBA' is set on object 'Object Repository/Recepcion/Crear Flujo/input_Nombre de Crdito_nombreCredito'

2019-12-19 13:56:21 - [MESSAGE][PASSED] - Text 'PRUEBA' is set on object 'Object Repository/Recepcion/Crear Flujo/input_Nombre de Crdito_nombreCredito'

2019-12-19 13:56:21 - [TEST_STEP][PASSED] - click(findTestObject("Recepcion/Crear Flujo/span_BANCO DE LA REPUBLICA")): Object: 'Object Repository/Recepcion/Crear Flujo/span_BANCO DE LA REPUBLICA' is clicked on

2019-12-19 13:56:22 - [MESSAGE][PASSED] - Object: 'Object Repository/Recepcion/Crear Flujo/span_BANCO DE LA REPUBLICA' is clicked on

2019-12-19 13:56:22 - [TEST_STEP][PASSED] - click(findTestObject("Recepcion/Crear Flujo/input_Cargo del Remitente (1)_cargoRemitenteA")): Object: 'Object Repository/Recepcion/Crear Flujo/input_Cargo del Remitente (1)_cargoRemitenteA' is clicked on

2019-12-19 13:56:22 - [MESSAGE][PASSED] - Object: 'Object Repository/Recepcion/Crear Flujo/input_Cargo del Remitente (1)_cargoRemitenteA' is clicked on

2019-12-19 13:56:22 - [TEST_STEP][PASSED] - setText(findTestObject("Recepcion/Crear Flujo/input_Nombre del Remitente (1)_nombreRemitenteA"), "Andres"): Text 'Andres' is set on object 'Object Repository/Recepcion/Crear Flujo/input_Nombre del Remitente (1)_nombreRemitenteA'

2019-12-19 13:56:23 - [MESSAGE][PASSED] - Text 'Andres' is set on object 'Object Repository/Recepcion/Crear Flujo/input_Nombre del Remitente (1)_nombreRemitenteA'

2019-12-19 13:56:23 - [TEST_STEP][PASSED] - setText(findTestObject("Recepcion/Crear Flujo/input_Cargo del Remitente (1)_cargoRemitenteA"), "DIRECTOR"): Text 'DIRECTOR' is set on object 'Object Repository/Recepcion/Crear Flujo/input_Cargo del Remitente (1)_cargoRemitenteA'

2019-12-19 13:56:24 - [MESSAGE][PASSED] - Text 'DIRECTOR' is set on object 'Object Repository/Recepcion/Crear Flujo/input_Cargo del Remitente (1)_cargoRemitenteA'

2019-12-19 13:56:24 - [TEST_STEP][PASSED] - setText(findTestObject("Recepcion/Crear Flujo/input_Nombre del Remitente (2)_nombreRemitenteB"), "DG"): Text 'DG' is set on object 'Object Repository/Recepcion/Crear Flujo/input_Nombre del Remitente (2)_nombreRemitenteB'

2019-12-19 13:56:25 - [MESSAGE][PASSED] - Text 'DG' is set on object 'Object Repository/Recepcion/Crear Flujo/input_Nombre del Remitente (2)_nombreRemitenteB'

2019-12-19 13:56:25 - [TEST_STEP][PASSED] - setText(findTestObject("Object Repository/Recepcion/Crear Flujo/input_Cargo del Remitente (2)_cargoRemitenteB"), "HOLA"): Text 'HOLA' is set on object 'Object Repository/Recepcion/Crear Flujo/input_Cargo del Remitente (2)_cargoRemitenteB'

2019-12-19 13:56:26 - [MESSAGE][PASSED] - Text 'HOLA' is set on object 'Object Repository/Recepcion/Crear Flujo/input_Cargo del Remitente (2)_cargoRemitenteB'

2019-12-19 13:56:26 - [TEST_STEP][PASSED] - setText(findTestObject("Recepcion/Crear Flujo/input_Dirigido a_ms-BasePicker-input input-144_1"), "Laura Vanessa García Agudelo"): Text 'Laura Vanessa García Agudelo' is set on object 'Object Repository/Recepcion/Crear Flujo/input_Dirigido a_ms-BasePicker-input input-144_1'

2019-12-19 13:57:13 - [MESSAGE][INFO] - Unable to find the element located by 'By.xpath: //input[@value='L']'. Please recheck the objects properties to make sure the desired element is located. 

2019-12-19 13:57:13 - [MESSAGE][INFO] - [SMART_XPATH] Auto-trying out other XPath values in the test object.

2019-12-19 13:57:13 - [MESSAGE][INFO] - [SMART_XPATH] WORKING XPATH: '(//input[@value=''])[15]'.

2019-12-19 13:57:14 - [MESSAGE][INFO] - [SMART_XPATH] Screenshot: F:/Proyectos/CAF_FlujoCorrespondencia/Reports/smart_xpath/Object Repository/Recepcion/Crear Flujo/input_Dirigido a_ms-BasePicker-input input-144_1_attributes.png

2019-12-19 13:57:14 - [MESSAGE][INFO] - [SMART_XPATH] WORKING XPATH: '//div[@id='correspondencia-nuevo-cewp-container']/div/div/div[14]/div/div/div/div/input'.

2019-12-19 13:57:15 - [MESSAGE][INFO] - [SMART_XPATH] Screenshot: F:/Proyectos/CAF_FlujoCorrespondencia/Reports/smart_xpath/Object Repository/Recepcion/Crear Flujo/input_Dirigido a_ms-BasePicker-input input-144_1_idRelative.png

2019-12-19 13:57:15 - [MESSAGE][INFO] - [SMART_XPATH] WORKING XPATH: '//div[14]/div/div/div/div/input'.

2019-12-19 13:57:16 - [MESSAGE][INFO] - [SMART_XPATH] Screenshot: F:/Proyectos/CAF_FlujoCorrespondencia/Reports/smart_xpath/Object Repository/Recepcion/Crear Flujo/input_Dirigido a_ms-BasePicker-input input-144_1_position.png

2019-12-19 13:57:16 - [MESSAGE][ERROR] - [SMART_XPATH] F:\Proyectos\CAF_FlujoCorrespondencia\Reports\smart_xpath\waiting-for-approval.json (The system cannot find the file specified)

2019-12-19 13:57:16 - [MESSAGE][ERROR] - [SMART_XPATH] F:/Proyectos/CAF_FlujoCorrespondencia/Reports/smart_xpath/waiting-for-approval.json does not exist or is provided by Smart XPath Plugin!

2019-12-19 13:57:16 - [MESSAGE][INFO] - [SMART_XPATH] Selected Smart XPath: '(//input[@value=''])[15]'.

2019-12-19 13:57:16 - [MESSAGE][INFO] - [SMART_XPATH] Continuing executing the test case!

2019-12-19 13:57:16 - [MESSAGE][PASSED] - Text 'Laura Vanessa García Agudelo' is set on object 'Object Repository/Recepcion/Crear Flujo/input_Dirigido a_ms-BasePicker-input input-144_1'

2019-12-19 13:57:16 - [TEST_STEP][PASSED] - sendKeys(findTestObject("Recepcion/Crear Flujo/input_Dirigido a_ms-BasePicker-input input-144_1"), Keys.chord(ENTER)): Keys 'ENTER + ' sent to object: 'Object Repository/Recepcion/Crear Flujo/input_Dirigido a_ms-BasePicker-input input-144_1'

2019-12-19 13:58:03 - [MESSAGE][INFO] - Unable to find the element located by 'By.xpath: //input[@value='L']'. Please recheck the objects properties to make sure the desired element is located. 

2019-12-19 13:58:03 - [MESSAGE][INFO] - [SMART_XPATH] Auto-trying out other XPath values in the test object.

2019-12-19 13:58:03 - [MESSAGE][INFO] - [SMART_XPATH] WORKING XPATH: '(//input[@value=''])[15]'.

2019-12-19 13:58:04 - [MESSAGE][INFO] - [SMART_XPATH] Screenshot: F:/Proyectos/CAF_FlujoCorrespondencia/Reports/smart_xpath/Object Repository/Recepcion/Crear Flujo/input_Dirigido a_ms-BasePicker-input input-144_1_attributes.png

2019-12-19 13:58:04 - [MESSAGE][INFO] - [SMART_XPATH] FAILED XPATH: '//div[@id='correspondencia-nuevo-cewp-container']/div/div/div[14]/div/div/div/div/input'.

2019-12-19 13:58:05 - [MESSAGE][INFO] - [SMART_XPATH] FAILED XPATH: '//div[14]/div/div/div/div/input'.

2019-12-19 13:58:05 - [MESSAGE][ERROR] - [SMART_XPATH] F:\Proyectos\CAF_FlujoCorrespondencia\Reports\smart_xpath\waiting-for-approval.json (The system cannot find the file specified)

2019-12-19 13:58:05 - [MESSAGE][ERROR] - [SMART_XPATH] F:/Proyectos/CAF_FlujoCorrespondencia/Reports/smart_xpath/waiting-for-approval.json does not exist or is provided by Smart XPath Plugin!

2019-12-19 13:58:05 - [MESSAGE][INFO] - [SMART_XPATH] Selected Smart XPath: '(//input[@value=''])[15]'.

2019-12-19 13:58:05 - [MESSAGE][INFO] - [SMART_XPATH] Continuing executing the test case!

2019-12-19 13:58:05 - [MESSAGE][PASSED] - Keys 'ENTER + ' sent to object: 'Object Repository/Recepcion/Crear Flujo/input_Dirigido a_ms-BasePicker-input input-144_1'

2019-12-19 13:58:05 - [TEST_STEP][PASSED] - setText(findTestObject("Recepcion/textarea_Asunto 1_asuntoA"), "verificar campos"): Text 'verificar campos' is set on object 'Object Repository/Recepcion/textarea_Asunto 1_asuntoA'

2019-12-19 13:58:06 - [MESSAGE][PASSED] - Text 'verificar campos' is set on object 'Object Repository/Recepcion/textarea_Asunto 1_asuntoA'

2019-12-19 13:58:06 - [TEST_STEP][PASSED] - setText(findTestObject("Recepcion/Crear Flujo/input_Adjuntos_adjuntos-input"), "FACTURAS"): Text 'FACTURAS' is set on object 'Object Repository/Recepcion/Crear Flujo/input_Adjuntos_adjuntos-input'

2019-12-19 13:58:07 - [MESSAGE][PASSED] - Text 'FACTURAS' is set on object 'Object Repository/Recepcion/Crear Flujo/input_Adjuntos_adjuntos-input'

2019-12-19 13:58:07 - [TEST_STEP][PASSED] - delay(5): Delayed 5 second(s)

2019-12-19 13:58:12 - [MESSAGE][PASSED] - Delayed 5 second(s)

2019-12-19 13:58:12 - [TEST_STEP][PASSED] - click(findTestObject("Recepcion/Crear Flujo/div_Guardar")): Object: 'Object Repository/Recepcion/Crear Flujo/div_Guardar' is clicked on

2019-12-19 13:58:59 - [MESSAGE][INFO] - Unable to find the element located by 'By.xpath: //div[@id='id__7']'. Please recheck the objects properties to make sure the desired element is located. 

2019-12-19 13:58:59 - [MESSAGE][INFO] - [SMART_XPATH] Auto-trying out other XPath values in the test object.

2019-12-19 13:58:59 - [MESSAGE][INFO] - [SMART_XPATH] FAILED XPATH: '//div[@id='id__7']'.

2019-12-19 13:58:59 - [MESSAGE][INFO] - [SMART_XPATH] FAILED XPATH: '//div[@id='correspondencia-edicion-cewp-container']/div/div/div[34]/button/div/div/div'.

2019-12-19 13:58:59 - [MESSAGE][INFO] - [SMART_XPATH] FAILED XPATH: '(.//*[normalize-space(text()) and normalize-space(.)='Devolver'])[1]/following::div[6]'.

2019-12-19 13:59:00 - [MESSAGE][INFO] - [SMART_XPATH] FAILED XPATH: '(.//*[normalize-space(text()) and normalize-space(.)='Aprobar'])[1]/following::div[8]'.

2019-12-19 13:59:00 - [MESSAGE][INFO] - [SMART_XPATH] WORKING XPATH: '(.//*[normalize-space(text()) and normalize-space(.)='Cancelar'])[1]/preceding::div[1]'.

2019-12-19 13:59:00 - [MESSAGE][ERROR] - [SMART_XPATH] Cannot save screenshot to: F:/Proyectos/CAF_FlujoCorrespondencia/Reports/smart_xpath, reason: (y + height) is outside of Raster

2019-12-19 13:59:01 - [MESSAGE][INFO] - [SMART_XPATH] FAILED XPATH: '(.//*[normalize-space(text()) and normalize-space(.)='Capture object:'])[1]/preceding::div[8]'.

2019-12-19 13:59:01 - [MESSAGE][INFO] - [SMART_XPATH] WORKING XPATH: '//*/text()[normalize-space(.)='Guardar']/parent::*'.

2019-12-19 13:59:01 - [MESSAGE][ERROR] - [SMART_XPATH] Cannot save screenshot to: F:/Proyectos/CAF_FlujoCorrespondencia/Reports/smart_xpath, reason: (y + height) is outside of Raster

2019-12-19 13:59:02 - [MESSAGE][INFO] - [SMART_XPATH] WORKING XPATH: '//button/div/div/div'.

2019-12-19 13:59:02 - [MESSAGE][ERROR] - [SMART_XPATH] Cannot save screenshot to: F:/Proyectos/CAF_FlujoCorrespondencia/Reports/smart_xpath, reason: (y + height) is outside of Raster

2019-12-19 13:59:02 - [MESSAGE][ERROR] - [SMART_XPATH] F:\Proyectos\CAF_FlujoCorrespondencia\Reports\smart_xpath\waiting-for-approval.json (The system cannot find the file specified)

2019-12-19 13:59:02 - [MESSAGE][ERROR] - [SMART_XPATH] F:/Proyectos/CAF_FlujoCorrespondencia/Reports/smart_xpath/waiting-for-approval.json does not exist or is provided by Smart XPath Plugin!

2019-12-19 13:59:02 - [MESSAGE][INFO] - [SMART_XPATH] Selected Smart XPath: '(.//*[normalize-space(text()) and normalize-space(.)='Cancelar'])[1]/preceding::div[1]'.

2019-12-19 13:59:02 - [MESSAGE][INFO] - [SMART_XPATH] Continuing executing the test case!

2019-12-19 13:59:02 - [MESSAGE][PASSED] - Object: 'Object Repository/Recepcion/Crear Flujo/div_Guardar' is clicked on]]></system-out>
         <system-err><![CDATA[]]></system-err>
      </testcase>
      <testcase name="Test Cases/Representante/ControlCorrespondencia" time="198.404" classname="Test Cases/Representante/ControlCorrespondencia" status="FAILED">
         <failure type="FAILED" message="Test Cases/Representante/ControlCorrespondencia FAILED.
Reason:
com.kms.katalon.core.exception.StepFailedException: Unable to click on object 'Object Repository/Representante/button_Guardar'
	at com.kms.katalon.core.webui.keyword.internal.WebUIKeywordMain.stepFailed(WebUIKeywordMain.groovy:64)
	at com.kms.katalon.core.webui.keyword.internal.WebUIKeywordMain.runKeyword(WebUIKeywordMain.groovy:26)
	at com.kms.katalon.core.webui.keyword.builtin.ClickKeyword.click(ClickKeyword.groovy:103)
	at com.kms.katalon.core.webui.keyword.builtin.ClickKeyword.execute(ClickKeyword.groovy:43)
	at com.kms.katalon.core.keyword.internal.KeywordExecutor.executeKeywordForPlatform(KeywordExecutor.groovy:60)
	at com.kms.katalon.core.webui.keyword.WebUiBuiltInKeywords.click(WebUiBuiltInKeywords.groovy:616)
	at com.kms.katalon.core.webui.keyword.WebUiBuiltInKeywords$click$2.call(Unknown Source)
	at ControlCorrespondencia.run(ControlCorrespondencia:47)
	at com.kms.katalon.core.main.ScriptEngine.run(ScriptEngine.java:194)
	at com.kms.katalon.core.main.ScriptEngine.runScriptAsRawText(ScriptEngine.java:119)
	at com.kms.katalon.core.main.TestCaseExecutor.runScript(TestCaseExecutor.java:337)
	at com.kms.katalon.core.main.TestCaseExecutor.doExecute(TestCaseExecutor.java:328)
	at com.kms.katalon.core.main.TestCaseExecutor.processExecutionPhase(TestCaseExecutor.java:307)
	at com.kms.katalon.core.main.TestCaseExecutor.accessMainPhase(TestCaseExecutor.java:299)
	at com.kms.katalon.core.main.TestCaseExecutor.execute(TestCaseExecutor.java:233)
	at com.kms.katalon.core.main.TestSuiteExecutor.accessTestCaseMainPhase(TestSuiteExecutor.java:169)
	at com.kms.katalon.core.main.TestSuiteExecutor.accessTestSuiteMainPhase(TestSuiteExecutor.java:142)
	at com.kms.katalon.core.main.TestSuiteExecutor.execute(TestSuiteExecutor.java:91)
	at com.kms.katalon.core.main.TestCaseMain.startTestSuite(TestCaseMain.java:157)
	at com.kms.katalon.core.main.TestCaseMain$startTestSuite$0.call(Unknown Source)
	at TempTestSuite1576781754247.run(TempTestSuite1576781754247.groovy:36)
Caused by: com.kms.katalon.core.webui.exception.WebElementNotFoundException: Web element with id: 'Object Repository/Representante/button_Guardar' located by 'By.xpath: (//button[@type='button'])[34]' not found
	at com.kms.katalon.core.webui.common.WebUiCommonHelper.findWebElement(WebUiCommonHelper.java:1113)
	at com.kms.katalon.core.webui.keyword.internal.WebUIAbstractKeyword.findWebElement(WebUIAbstractKeyword.groovy:27)
	at com.kms.katalon.core.webui.keyword.internal.WebUIAbstractKeyword.findWebElement(WebUIAbstractKeyword.groovy:26)
	at com.kms.katalon.core.webui.keyword.builtin.ClickKeyword$_click_closure1.doCall(ClickKeyword.groovy:68)
	at com.kms.katalon.core.webui.keyword.builtin.ClickKeyword$_click_closure1.call(ClickKeyword.groovy)
	at com.kms.katalon.core.webui.keyword.internal.WebUIKeywordMain.runKeyword(WebUIKeywordMain.groovy:20)
	... 19 more
"/>
         <system-out><![CDATA[2019-12-19 13:59:02 - [TEST_CASE][FAILED] - Test Cases/Representante/ControlCorrespondencia: Test Cases/Representante/ControlCorrespondencia FAILED.
Reason:
com.kms.katalon.core.exception.StepFailedException: Unable to click on object 'Object Repository/Representante/button_Guardar'
	at com.kms.katalon.core.webui.keyword.internal.WebUIKeywordMain.stepFailed(WebUIKeywordMain.groovy:64)
	at com.kms.katalon.core.webui.keyword.internal.WebUIKeywordMain.runKeyword(WebUIKeywordMain.groovy:26)
	at com.kms.katalon.core.webui.keyword.builtin.ClickKeyword.click(ClickKeyword.groovy:103)
	at com.kms.katalon.core.webui.keyword.builtin.ClickKeyword.execute(ClickKeyword.groovy:43)
	at com.kms.katalon.core.keyword.internal.KeywordExecutor.executeKeywordForPlatform(KeywordExecutor.groovy:60)
	at com.kms.katalon.core.webui.keyword.WebUiBuiltInKeywords.click(WebUiBuiltInKeywords.groovy:616)
	at com.kms.katalon.core.webui.keyword.WebUiBuiltInKeywords$click$2.call(Unknown Source)
	at ControlCorrespondencia.run(ControlCorrespondencia:47)
	at com.kms.katalon.core.main.ScriptEngine.run(ScriptEngine.java:194)
	at com.kms.katalon.core.main.ScriptEngine.runScriptAsRawText(ScriptEngine.java:119)
	at com.kms.katalon.core.main.TestCaseExecutor.runScript(TestCaseExecutor.java:337)
	at com.kms.katalon.core.main.TestCaseExecutor.doExecute(TestCaseExecutor.java:328)
	at com.kms.katalon.core.main.TestCaseExecutor.processExecutionPhase(TestCaseExecutor.java:307)
	at com.kms.katalon.core.main.TestCaseExecutor.accessMainPhase(TestCaseExecutor.java:299)
	at com.kms.katalon.core.main.TestCaseExecutor.execute(TestCaseExecutor.java:233)
	at com.kms.katalon.core.main.TestSuiteExecutor.accessTestCaseMainPhase(TestSuiteExecutor.java:169)
	at com.kms.katalon.core.main.TestSuiteExecutor.accessTestSuiteMainPhase(TestSuiteExecutor.java:142)
	at com.kms.katalon.core.main.TestSuiteExecutor.execute(TestSuiteExecutor.java:91)
	at com.kms.katalon.core.main.TestCaseMain.startTestSuite(TestCaseMain.java:157)
	at com.kms.katalon.core.main.TestCaseMain$startTestSuite$0.call(Unknown Source)
	at TempTestSuite1576781754247.run(TempTestSuite1576781754247.groovy:36)
Caused by: com.kms.katalon.core.webui.exception.WebElementNotFoundException: Web element with id: 'Object Repository/Representante/button_Guardar' located by 'By.xpath: (//button[@type='button'])[34]' not found
	at com.kms.katalon.core.webui.common.WebUiCommonHelper.findWebElement(WebUiCommonHelper.java:1113)
	at com.kms.katalon.core.webui.keyword.internal.WebUIAbstractKeyword.findWebElement(WebUIAbstractKeyword.groovy:27)
	at com.kms.katalon.core.webui.keyword.internal.WebUIAbstractKeyword.findWebElement(WebUIAbstractKeyword.groovy:26)
	at com.kms.katalon.core.webui.keyword.builtin.ClickKeyword$_click_closure1.doCall(ClickKeyword.groovy:68)
	at com.kms.katalon.core.webui.keyword.builtin.ClickKeyword$_click_closure1.call(ClickKeyword.groovy)
	at com.kms.katalon.core.webui.keyword.internal.WebUIKeywordMain.runKeyword(WebUIKeywordMain.groovy:20)
	... 19 more


2019-12-19 13:59:03 - [TEST_STEP][PASSED] - callTestCase(findTestCase("Representante/SeleccionarCorreo_Integrado"), [:], STOP_ON_FAILURE): Call Test Case 'Test Cases/Representante/SeleccionarCorreo_Integrado' successfully

2019-12-19 13:59:03 - [TEST_CASE][PASSED] - Test Cases/Representante/SeleccionarCorreo_Integrado: Test Cases/Representante/SeleccionarCorreo_Integrado

2019-12-19 13:59:03 - [TEST_STEP][PASSED] - callTestCase(findTestCase("Representante/InicioSesion_AccesoCorreo"), [:], STOP_ON_FAILURE): Call Test Case 'Test Cases/Representante/InicioSesion_AccesoCorreo' successfully

2019-12-19 13:59:03 - [TEST_CASE][PASSED] - Test Cases/Representante/InicioSesion_AccesoCorreo: Test Cases/Representante/InicioSesion_AccesoCorreo

2019-12-19 13:59:03 - [TEST_STEP][PASSED] - openBrowser(""): Browser is opened with url: ''

2019-12-19 13:59:03 - [MESSAGE][WARNING] - A browser is already opened. Closing browser and opening a new one

2019-12-19 13:59:04 - [MESSAGE][INFO] - Starting 'Chrome' driver

2019-12-19 13:59:10 - [MESSAGE][PASSED] - Browser is opened with url: ''

2019-12-19 13:59:10 - [TEST_STEP][PASSED] - navigateToUrl("https://login.microsoftonline.com/common/oauth2/authorize?client_id=00000002-0000-0ff1-ce00-000000000000&redirect_uri=https%3a%2f%2foutlook.office365.com%2fowa%2f&resource=00000002-0000-0ff1-ce00-000000000000&response_mode=form_post&response_type=code+id_token&scope=openid&msafed=0&client-request-id=90e6bfa9-e6ec-46ab-82c3-1c848ab25309&protectedtoken=true&nonce=637105585405285449.f41578f0-f800-4006-b334-7ecc8f885085&state=DcsxEoAwCAVRouNxMD8GAh5HM9Jaen0p9nVbiGjNlqwgIRvdGlRdBXqkcu4hTc0DHA6wAIPv3oXtmdPDXeFa8t3q-131Bw"): Navigate to 'https://login.microsoftonline.com/common/oauth2/authorize?client_id=00000002-0000-0ff1-ce00-000000000000&redirect_uri=https%3a%2f%2foutlook.office365.com%2fowa%2f&resource=00000002-0000-0ff1-ce00-000000000000&response_mode=form_post&response_type=code+id_token&scope=openid&msafed=0&client-request-id=90e6bfa9-e6ec-46ab-82c3-1c848ab25309&protectedtoken=true&nonce=637105585405285449.f41578f0-f800-4006-b334-7ecc8f885085&state=DcsxEoAwCAVRouNxMD8GAh5HM9Jaen0p9nVbiGjNlqwgIRvdGlRdBXqkcu4hTc0DHA6wAIPv3oXtmdPDXeFa8t3q-131Bw' successfully

2019-12-19 13:59:10 - [MESSAGE][PASSED] - Navigate to 'https://login.microsoftonline.com/common/oauth2/authorize?client_id=00000002-0000-0ff1-ce00-000000000000&redirect_uri=https%3a%2f%2foutlook.office365.com%2fowa%2f&resource=00000002-0000-0ff1-ce00-000000000000&response_mode=form_post&response_type=code+id_token&scope=openid&msafed=0&client-request-id=90e6bfa9-e6ec-46ab-82c3-1c848ab25309&protectedtoken=true&nonce=637105585405285449.f41578f0-f800-4006-b334-7ecc8f885085&state=DcsxEoAwCAVRouNxMD8GAh5HM9Jaen0p9nVbiGjNlqwgIRvdGlRdBXqkcu4hTc0DHA6wAIPv3oXtmdPDXeFa8t3q-131Bw' successfully

2019-12-19 13:59:10 - [TEST_STEP][PASSED] - setText(findTestObject("Object Repository/Representante/input_to continue to Outlook_loginfmt"), "Lgarciaa@intergrupo.com"): Text 'Lgarciaa@intergrupo.com' is set on object 'Object Repository/Representante/input_to continue to Outlook_loginfmt'

2019-12-19 13:59:13 - [MESSAGE][PASSED] - Text 'Lgarciaa@intergrupo.com' is set on object 'Object Repository/Representante/input_to continue to Outlook_loginfmt'

2019-12-19 13:59:13 - [TEST_STEP][PASSED] - click(findTestObject("Object Repository/Representante/input_to continue to Outlook_idSIButton9")): Object: 'Object Repository/Representante/input_to continue to Outlook_idSIButton9' is clicked on

2019-12-19 13:59:13 - [MESSAGE][PASSED] - Object: 'Object Repository/Representante/input_to continue to Outlook_idSIButton9' is clicked on

2019-12-19 13:59:13 - [TEST_STEP][PASSED] - setEncryptedText(findTestObject("Object Repository/Representante/input_Enter password_passwd"), "ZOlv4XWAQZkh7wlYSNhOVA=="): Text ****** has been set on object 'Object Repository/Representante/input_Enter password_passwd'

2019-12-19 13:59:14 - [MESSAGE][PASSED] - Text ****** has been set on object 'Object Repository/Representante/input_Enter password_passwd'

2019-12-19 13:59:14 - [TEST_STEP][PASSED] - click(findTestObject("Object Repository/Representante/input_to continue to Outlook_idSIButton9")): Object: 'Object Repository/Representante/input_to continue to Outlook_idSIButton9' is clicked on

2019-12-19 13:59:15 - [MESSAGE][PASSED] - Object: 'Object Repository/Representante/input_to continue to Outlook_idSIButton9' is clicked on

2019-12-19 13:59:15 - [TEST_STEP][PASSED] - click(findTestObject("Object Repository/Representante/input_concat(Don  t show this again)_idBtn_Back")): Object: 'Object Repository/Representante/input_concat(Don  t show this again)_idBtn_Back' is clicked on

2019-12-19 13:59:25 - [MESSAGE][PASSED] - Object: 'Object Repository/Representante/input_concat(Don  t show this again)_idBtn_Back' is clicked on

2019-12-19 13:59:25 - [TEST_STEP][PASSED] - maximizeWindow(STOP_ON_FAILURE): Current window maximized

2019-12-19 13:59:29 - [MESSAGE][PASSED] - Current window maximized

2019-12-19 13:59:29 - [MESSAGE][INFO] - =================== Smart XPath Report =======================

2019-12-19 13:59:29 - [MESSAGE][INFO] - Refer to the link below to preview and approve auto healing on broken test objects.

2019-12-19 13:59:29 - [MESSAGE][INFO] - https://docs.katalon.com/katalon-studio/docs/auto-healing-smart-xpath.html

2019-12-19 13:59:29 - [MESSAGE][INFO] - ===============================================================

2019-12-19 13:59:29 - [MESSAGE][PASSED] - Call Test Case 'Test Cases/Representante/InicioSesion_AccesoCorreo' successfully

2019-12-19 13:59:29 - [TEST_STEP][PASSED] - callTestCase(findTestCase("Representante/SeleccionarCorreo_EtapaRepresentante"), [:], STOP_ON_FAILURE): Call Test Case 'Test Cases/Representante/SeleccionarCorreo_EtapaRepresentante' successfully

2019-12-19 13:59:29 - [TEST_CASE][PASSED] - Test Cases/Representante/SeleccionarCorreo_EtapaRepresentante: Test Cases/Representante/SeleccionarCorreo_EtapaRepresentante

2019-12-19 13:59:29 - [TEST_STEP][PASSED] - click(findTestObject("Representante/ContinuarFlujo/span_20191062 PRUEBA - APROBACIN REPRESENTANTE")): Object: 'Object Repository/Representante/ContinuarFlujo/span_20191062 PRUEBA - APROBACIN REPRESENTANTE' is clicked on

2019-12-19 14:00:17 - [MESSAGE][INFO] - Unable to find the element located by 'By.xpath: //div[@id='AQAAAMjoylsBAAAA0EwIpAAAAAA=']/div/div/div/div[2]/div[2]/div/span'. Please recheck the objects properties to make sure the desired element is located. 

2019-12-19 14:00:17 - [MESSAGE][INFO] - [SMART_XPATH] Auto-trying out other XPath values in the test object.

2019-12-19 14:00:17 - [MESSAGE][INFO] - [SMART_XPATH] FAILED XPATH: '//div[@id='AQAAAMjoylsBAAAA0EwIpAAAAAA=']/div/div/div/div[2]/div[2]/div/span'.

2019-12-19 14:00:18 - [MESSAGE][INFO] - [SMART_XPATH] WORKING XPATH: '(.//*[normalize-space(text()) and normalize-space(.)='cafpruebassp@intergrupo.com'])[1]/following::span[5]'.

2019-12-19 14:00:18 - [MESSAGE][INFO] - [SMART_XPATH] Screenshot: F:/Proyectos/CAF_FlujoCorrespondencia/Reports/smart_xpath/Object Repository/Representante/ContinuarFlujo/span_20191062 PRUEBA - APROBACIN REPRESENTANTE_neighbor_3.png

2019-12-19 14:00:19 - [MESSAGE][INFO] - [SMART_XPATH] WORKING XPATH: '(.//*[normalize-space(text()) and normalize-space(.)='C'])[1]/following::span[6]'.

2019-12-19 14:00:19 - [MESSAGE][INFO] - [SMART_XPATH] Screenshot: F:/Proyectos/CAF_FlujoCorrespondencia/Reports/smart_xpath/Object Repository/Representante/ContinuarFlujo/span_20191062 PRUEBA - APROBACIN REPRESENTANTE_neighbor_4.png

2019-12-19 14:00:19 - [MESSAGE][INFO] - [SMART_XPATH] WORKING XPATH: '(.//*[normalize-space(text()) and normalize-space(.)='OE'])[1]/preceding::span[3]'.

2019-12-19 14:00:20 - [MESSAGE][INFO] - [SMART_XPATH] Screenshot: F:/Proyectos/CAF_FlujoCorrespondencia/Reports/smart_xpath/Object Repository/Representante/ContinuarFlujo/span_20191062 PRUEBA - APROBACIN REPRESENTANTE_neighbor_5.png

2019-12-19 14:00:20 - [MESSAGE][INFO] - [SMART_XPATH] WORKING XPATH: '(.//*[normalize-space(text()) and normalize-space(.)='Oficina Ecuador'])[1]/preceding::span[4]'.

2019-12-19 14:00:21 - [MESSAGE][INFO] - [SMART_XPATH] Screenshot: F:/Proyectos/CAF_FlujoCorrespondencia/Reports/smart_xpath/Object Repository/Representante/ContinuarFlujo/span_20191062 PRUEBA - APROBACIN REPRESENTANTE_neighbor_6.png

2019-12-19 14:00:21 - [MESSAGE][INFO] - [SMART_XPATH] WORKING XPATH: '//*/text()[normalize-space(.)='[20191062] PRUEBA - APROBACIÓN REPRESENTANTE']/parent::*'.

2019-12-19 14:00:22 - [MESSAGE][INFO] - [SMART_XPATH] Screenshot: F:/Proyectos/CAF_FlujoCorrespondencia/Reports/smart_xpath/Object Repository/Representante/ContinuarFlujo/span_20191062 PRUEBA - APROBACIN REPRESENTANTE_neighbor_7.png

2019-12-19 14:00:22 - [MESSAGE][INFO] - [SMART_XPATH] WORKING XPATH: '//div/div[2]/div/div/div/div/div/div[2]/div/div/div/div[2]/div[2]/div/span'.

2019-12-19 14:00:22 - [MESSAGE][INFO] - [SMART_XPATH] Screenshot: F:/Proyectos/CAF_FlujoCorrespondencia/Reports/smart_xpath/Object Repository/Representante/ContinuarFlujo/span_20191062 PRUEBA - APROBACIN REPRESENTANTE_position.png

2019-12-19 14:00:22 - [MESSAGE][ERROR] - [SMART_XPATH] F:\Proyectos\CAF_FlujoCorrespondencia\Reports\smart_xpath\waiting-for-approval.json (The system cannot find the file specified)

2019-12-19 14:00:22 - [MESSAGE][ERROR] - [SMART_XPATH] F:/Proyectos/CAF_FlujoCorrespondencia/Reports/smart_xpath/waiting-for-approval.json does not exist or is provided by Smart XPath Plugin!

2019-12-19 14:00:22 - [MESSAGE][INFO] - [SMART_XPATH] Selected Smart XPath: '(.//*[normalize-space(text()) and normalize-space(.)='cafpruebassp@intergrupo.com'])[1]/following::span[5]'.

2019-12-19 14:00:22 - [MESSAGE][INFO] - [SMART_XPATH] Continuing executing the test case!

2019-12-19 14:00:23 - [MESSAGE][PASSED] - Object: 'Object Repository/Representante/ContinuarFlujo/span_20191062 PRUEBA - APROBACIN REPRESENTANTE' is clicked on

2019-12-19 14:00:23 - [TEST_STEP][PASSED] - click(findTestObject("Representante/a_CORRESPONDENCIA")): Object: 'Object Repository/Representante/a_CORRESPONDENCIA' is clicked on

2019-12-19 14:00:26 - [MESSAGE][PASSED] - Object: 'Object Repository/Representante/a_CORRESPONDENCIA' is clicked on

2019-12-19 14:00:26 - [MESSAGE][INFO] - =================== Smart XPath Report =======================

2019-12-19 14:00:26 - [MESSAGE][INFO] - Refer to the link below to preview and approve auto healing on broken test objects.

2019-12-19 14:00:26 - [MESSAGE][INFO] - https://docs.katalon.com/katalon-studio/docs/auto-healing-smart-xpath.html

2019-12-19 14:00:26 - [MESSAGE][INFO] - ===============================================================

2019-12-19 14:00:26 - [MESSAGE][PASSED] - Call Test Case 'Test Cases/Representante/SeleccionarCorreo_EtapaRepresentante' successfully

2019-12-19 14:00:26 - [MESSAGE][INFO] - =================== Smart XPath Report =======================

2019-12-19 14:00:26 - [MESSAGE][INFO] - Refer to the link below to preview and approve auto healing on broken test objects.

2019-12-19 14:00:26 - [MESSAGE][INFO] - https://docs.katalon.com/katalon-studio/docs/auto-healing-smart-xpath.html

2019-12-19 14:00:26 - [MESSAGE][INFO] - ===============================================================

2019-12-19 14:00:26 - [MESSAGE][PASSED] - Call Test Case 'Test Cases/Representante/SeleccionarCorreo_Integrado' successfully

2019-12-19 14:00:26 - [TEST_STEP][PASSED] - switchToWindowTitle("Control Correspondencia - 20191062"): Switched to window with title: 'Control Correspondencia - 20191062'

2019-12-19 14:00:30 - [MESSAGE][PASSED] - Switched to window with title: 'Control Correspondencia - 20191062'

2019-12-19 14:00:30 - [TEST_STEP][PASSED] - click(findTestObject("Representante/ContinuarFlujo/i_")): Object: 'Object Repository/Representante/ContinuarFlujo/i_' is clicked on

2019-12-19 14:00:31 - [MESSAGE][PASSED] - Object: 'Object Repository/Representante/ContinuarFlujo/i_' is clicked on

2019-12-19 14:00:31 - [TEST_STEP][PASSED] - click(findTestObject("Representante/span_9")): Object: 'Object Repository/Representante/span_9' is clicked on

2019-12-19 14:01:18 - [MESSAGE][INFO] - Unable to find the element located by 'By.xpath: //button[@id='DatePickerDay-active34']/span'. Please recheck the objects properties to make sure the desired element is located. 

2019-12-19 14:01:18 - [MESSAGE][INFO] - [SMART_XPATH] Auto-trying out other XPath values in the test object.

2019-12-19 14:01:18 - [MESSAGE][INFO] - [SMART_XPATH] FAILED XPATH: '//button[@id='DatePickerDay-active34']/span'.

2019-12-19 14:01:19 - [MESSAGE][INFO] - [SMART_XPATH] WORKING XPATH: '(.//*[normalize-space(text()) and normalize-space(.)='D'])[1]/following::span[15]'.

2019-12-19 14:01:19 - [MESSAGE][INFO] - [SMART_XPATH] Screenshot: F:/Proyectos/CAF_FlujoCorrespondencia/Reports/smart_xpath/Object Repository/Representante/span_9_neighbor_4.png

2019-12-19 14:01:19 - [MESSAGE][INFO] - [SMART_XPATH] WORKING XPATH: '(.//*[normalize-space(text()) and normalize-space(.)='S'])[1]/following::span[15]'.

2019-12-19 14:01:20 - [MESSAGE][INFO] - [SMART_XPATH] Screenshot: F:/Proyectos/CAF_FlujoCorrespondencia/Reports/smart_xpath/Object Repository/Representante/span_9_neighbor_5.png

2019-12-19 14:01:20 - [MESSAGE][INFO] - [SMART_XPATH] WORKING XPATH: '(.//*[normalize-space(text()) and normalize-space(.)='Ir a hoy'])[1]/preceding::span[28]'.

2019-12-19 14:01:21 - [MESSAGE][INFO] - [SMART_XPATH] Screenshot: F:/Proyectos/CAF_FlujoCorrespondencia/Reports/smart_xpath/Object Repository/Representante/span_9_neighbor_6.png

2019-12-19 14:01:21 - [MESSAGE][INFO] - [SMART_XPATH] WORKING XPATH: '//*/text()[normalize-space(.)='9']/parent::*'.

2019-12-19 14:01:21 - [MESSAGE][INFO] - [SMART_XPATH] Screenshot: F:/Proyectos/CAF_FlujoCorrespondencia/Reports/smart_xpath/Object Repository/Representante/span_9_neighbor_7.png

2019-12-19 14:01:22 - [MESSAGE][INFO] - [SMART_XPATH] WORKING XPATH: '//tr[3]/td/button/span'.

2019-12-19 14:01:22 - [MESSAGE][INFO] - [SMART_XPATH] Screenshot: F:/Proyectos/CAF_FlujoCorrespondencia/Reports/smart_xpath/Object Repository/Representante/span_9_position.png

2019-12-19 14:01:22 - [MESSAGE][ERROR] - [SMART_XPATH] F:\Proyectos\CAF_FlujoCorrespondencia\Reports\smart_xpath\waiting-for-approval.json (The system cannot find the file specified)

2019-12-19 14:01:22 - [MESSAGE][ERROR] - [SMART_XPATH] F:/Proyectos/CAF_FlujoCorrespondencia/Reports/smart_xpath/waiting-for-approval.json does not exist or is provided by Smart XPath Plugin!

2019-12-19 14:01:22 - [MESSAGE][INFO] - [SMART_XPATH] Selected Smart XPath: '(.//*[normalize-space(text()) and normalize-space(.)='D'])[1]/following::span[15]'.

2019-12-19 14:01:22 - [MESSAGE][INFO] - [SMART_XPATH] Continuing executing the test case!

2019-12-19 14:01:22 - [MESSAGE][PASSED] - Object: 'Object Repository/Representante/span_9' is clicked on

2019-12-19 14:01:22 - [TEST_STEP][PASSED] - click(findTestObject("Representante/ContinuarFlujo/i__1")): Object: 'Object Repository/Representante/ContinuarFlujo/i__1' is clicked on

2019-12-19 14:01:23 - [MESSAGE][PASSED] - Object: 'Object Repository/Representante/ContinuarFlujo/i__1' is clicked on

2019-12-19 14:01:23 - [TEST_STEP][PASSED] - setText(findTestObject("Representante/ContinuarFlujo/input_Instrucciones_instrucciones-input"), "INFORMACIÓN "): Text 'INFORMACIÓN ' is set on object 'Object Repository/Representante/ContinuarFlujo/input_Instrucciones_instrucciones-input'

2019-12-19 14:01:24 - [MESSAGE][PASSED] - Text 'INFORMACIÓN ' is set on object 'Object Repository/Representante/ContinuarFlujo/input_Instrucciones_instrucciones-input'

2019-12-19 14:01:24 - [TEST_STEP][PASSED] - setText(findTestObject("Representante/ContinuarFlujo/textarea_V"), "Actualizar"): Text 'Actualizar' is set on object 'Object Repository/Representante/ContinuarFlujo/textarea_V'

2019-12-19 14:01:25 - [MESSAGE][PASSED] - Text 'Actualizar' is set on object 'Object Repository/Representante/ContinuarFlujo/textarea_V'

2019-12-19 14:01:25 - [TEST_STEP][PASSED] - click(findTestObject("Representante/ContinuarFlujo/button_Completar tarea de aprobacin_Toggle25")): Object: 'Object Repository/Representante/ContinuarFlujo/button_Completar tarea de aprobacin_Toggle25' is clicked on

2019-12-19 14:01:25 - [MESSAGE][PASSED] - Object: 'Object Repository/Representante/ContinuarFlujo/button_Completar tarea de aprobacin_Toggle25' is clicked on

2019-12-19 14:01:25 - [TEST_STEP][PASSED] - setText(findTestObject("Representante/ContinuarFlujo/input_Ejecutivo Responsable_ms-BasePicker-i_de3217"), "Laura Vanessa García Agudelo"): Text 'Laura Vanessa García Agudelo' is set on object 'Object Repository/Representante/ContinuarFlujo/input_Ejecutivo Responsable_ms-BasePicker-i_de3217'

2019-12-19 14:01:26 - [MESSAGE][PASSED] - Text 'Laura Vanessa García Agudelo' is set on object 'Object Repository/Representante/ContinuarFlujo/input_Ejecutivo Responsable_ms-BasePicker-i_de3217'

2019-12-19 14:01:26 - [TEST_STEP][PASSED] - click(findTestObject("Representante/ContinuarFlujo/div_Laura Vanessa Garca Agudelo")): Object: 'Object Repository/Representante/ContinuarFlujo/div_Laura Vanessa Garca Agudelo' is clicked on

2019-12-19 14:01:28 - [MESSAGE][PASSED] - Object: 'Object Repository/Representante/ContinuarFlujo/div_Laura Vanessa Garca Agudelo' is clicked on

2019-12-19 14:01:28 - [TEST_STEP][PASSED] - click(findTestObject("Representante/ContinuarFlujo/div_Correlativo20191058Duracin28 minuto(s)E_99e586")): Object: 'Object Repository/Representante/ContinuarFlujo/div_Correlativo20191058Duracin28 minuto(s)E_99e586' is clicked on

2019-12-19 14:01:29 - [MESSAGE][PASSED] - Object: 'Object Repository/Representante/ContinuarFlujo/div_Correlativo20191058Duracin28 minuto(s)E_99e586' is clicked on

2019-12-19 14:01:29 - [TEST_STEP][PASSED] - click(findTestObject("Representante/ContinuarFlujo/label_Aprobar")): Object: 'Object Repository/Representante/ContinuarFlujo/label_Aprobar' is clicked on

2019-12-19 14:01:29 - [MESSAGE][PASSED] - Object: 'Object Repository/Representante/ContinuarFlujo/label_Aprobar' is clicked on

2019-12-19 14:01:29 - [TEST_STEP][PASSED] - delay(3): Delayed 3 second(s)

2019-12-19 14:01:32 - [MESSAGE][PASSED] - Delayed 3 second(s)

2019-12-19 14:01:32 - [TEST_STEP][PASSED] - click(findTestObject("Representante/ContinuarFlujo/div_Guardar")): Object: 'Object Repository/Representante/ContinuarFlujo/div_Guardar' is clicked on

2019-12-19 14:01:33 - [MESSAGE][PASSED] - Object: 'Object Repository/Representante/ContinuarFlujo/div_Guardar' is clicked on

2019-12-19 14:01:33 - [TEST_STEP][FAILED] - click(findTestObject("Representante/button_Guardar")): Unable to click on object 'Object Repository/Representante/button_Guardar' (Root cause: com.kms.katalon.core.exception.StepFailedException: Unable to click on object 'Object Repository/Representante/button_Guardar'
	at com.kms.katalon.core.webui.keyword.internal.WebUIKeywordMain.stepFailed(WebUIKeywordMain.groovy:64)
	at com.kms.katalon.core.webui.keyword.internal.WebUIKeywordMain.runKeyword(WebUIKeywordMain.groovy:26)
	at com.kms.katalon.core.webui.keyword.builtin.ClickKeyword.click(ClickKeyword.groovy:103)
	at com.kms.katalon.core.webui.keyword.builtin.ClickKeyword.execute(ClickKeyword.groovy:43)
	at com.kms.katalon.core.keyword.internal.KeywordExecutor.executeKeywordForPlatform(KeywordExecutor.groovy:60)
	at com.kms.katalon.core.webui.keyword.WebUiBuiltInKeywords.click(WebUiBuiltInKeywords.groovy:616)
	at com.kms.katalon.core.webui.keyword.WebUiBuiltInKeywords$click$2.call(Unknown Source)
	at ControlCorrespondencia.run(ControlCorrespondencia:47)
	at com.kms.katalon.core.main.ScriptEngine.run(ScriptEngine.java:194)
	at com.kms.katalon.core.main.ScriptEngine.runScriptAsRawText(ScriptEngine.java:119)
	at com.kms.katalon.core.main.TestCaseExecutor.runScript(TestCaseExecutor.java:337)
	at com.kms.katalon.core.main.TestCaseExecutor.doExecute(TestCaseExecutor.java:328)
	at com.kms.katalon.core.main.TestCaseExecutor.processExecutionPhase(TestCaseExecutor.java:307)
	at com.kms.katalon.core.main.TestCaseExecutor.accessMainPhase(TestCaseExecutor.java:299)
	at com.kms.katalon.core.main.TestCaseExecutor.execute(TestCaseExecutor.java:233)
	at com.kms.katalon.core.main.TestSuiteExecutor.accessTestCaseMainPhase(TestSuiteExecutor.java:169)
	at com.kms.katalon.core.main.TestSuiteExecutor.accessTestSuiteMainPhase(TestSuiteExecutor.java:142)
	at com.kms.katalon.core.main.TestSuiteExecutor.execute(TestSuiteExecutor.java:91)
	at com.kms.katalon.core.main.TestCaseMain.startTestSuite(TestCaseMain.java:157)
	at com.kms.katalon.core.main.TestCaseMain$startTestSuite$0.call(Unknown Source)
	at TempTestSuite1576781754247.run(TempTestSuite1576781754247.groovy:36)
Caused by: com.kms.katalon.core.webui.exception.WebElementNotFoundException: Web element with id: 'Object Repository/Representante/button_Guardar' located by 'By.xpath: (//button[@type='button'])[34]' not found
	at com.kms.katalon.core.webui.common.WebUiCommonHelper.findWebElement(WebUiCommonHelper.java:1113)
	at com.kms.katalon.core.webui.keyword.internal.WebUIAbstractKeyword.findWebElement(WebUIAbstractKeyword.groovy:27)
	at com.kms.katalon.core.webui.keyword.internal.WebUIAbstractKeyword.findWebElement(WebUIAbstractKeyword.groovy:26)
	at com.kms.katalon.core.webui.keyword.builtin.ClickKeyword$_click_closure1.doCall(ClickKeyword.groovy:68)
	at com.kms.katalon.core.webui.keyword.builtin.ClickKeyword$_click_closure1.call(ClickKeyword.groovy)
	at com.kms.katalon.core.webui.keyword.internal.WebUIKeywordMain.runKeyword(WebUIKeywordMain.groovy:20)
	at com.kms.katalon.core.webui.keyword.builtin.ClickKeyword.click(ClickKeyword.groovy:103)
	at com.kms.katalon.core.webui.keyword.builtin.ClickKeyword.execute(ClickKeyword.groovy:43)
	at com.kms.katalon.core.keyword.internal.KeywordExecutor.executeKeywordForPlatform(KeywordExecutor.groovy:60)
	at com.kms.katalon.core.webui.keyword.WebUiBuiltInKeywords.click(WebUiBuiltInKeywords.groovy:616)
	at com.kms.katalon.core.webui.keyword.WebUiBuiltInKeywords$click$2.call(Unknown Source)
	at Script1575391246084.run(Script1575391246084.groovy:47)
	... 13 more
)

2019-12-19 14:02:19 - [MESSAGE][INFO] - Unable to find the element located by 'By.xpath: (//button[@type='button'])[34]'. Please recheck the objects properties to make sure the desired element is located. 

2019-12-19 14:02:19 - [MESSAGE][INFO] - [SMART_XPATH] Auto-trying out other XPath values in the test object.

2019-12-19 14:02:19 - [MESSAGE][INFO] - [SMART_XPATH] FAILED XPATH: '(//button[@type='button'])[34]'.

2019-12-19 14:02:19 - [MESSAGE][INFO] - [SMART_XPATH] FAILED XPATH: '//div[@id='correspondencia-edicion-cewp-container']/div/div/div[33]/button'.

2019-12-19 14:02:20 - [MESSAGE][INFO] - [SMART_XPATH] FAILED XPATH: '(.//*[normalize-space(text()) and normalize-space(.)='No'])[1]/following::button[1]'.

2019-12-19 14:02:20 - [MESSAGE][INFO] - [SMART_XPATH] FAILED XPATH: '(.//*[normalize-space(text()) and normalize-space(.)='Completar tarea de aprobación'])[1]/following::button[2]'.

2019-12-19 14:02:20 - [MESSAGE][INFO] - [SMART_XPATH] FAILED XPATH: '(.//*[normalize-space(text()) and normalize-space(.)='Cancelar'])[1]/preceding::button[1]'.

2019-12-19 14:02:20 - [MESSAGE][INFO] - [SMART_XPATH] FAILED XPATH: '//div[33]/button'.

2019-12-19 14:02:20 - [MESSAGE][INFO] - [SMART_XPATH] No working XPath is found.

2019-12-19 14:02:21 - [MESSAGE][FAILED] - Unable to click on object 'Object Repository/Representante/button_Guardar' (Root cause: com.kms.katalon.core.exception.StepFailedException: Unable to click on object 'Object Repository/Representante/button_Guardar'
	at com.kms.katalon.core.webui.keyword.internal.WebUIKeywordMain.stepFailed(WebUIKeywordMain.groovy:64)
	at com.kms.katalon.core.webui.keyword.internal.WebUIKeywordMain.runKeyword(WebUIKeywordMain.groovy:26)
	at com.kms.katalon.core.webui.keyword.builtin.ClickKeyword.click(ClickKeyword.groovy:103)
	at com.kms.katalon.core.webui.keyword.builtin.ClickKeyword.execute(ClickKeyword.groovy:43)
	at com.kms.katalon.core.keyword.internal.KeywordExecutor.executeKeywordForPlatform(KeywordExecutor.groovy:60)
	at com.kms.katalon.core.webui.keyword.WebUiBuiltInKeywords.click(WebUiBuiltInKeywords.groovy:616)
	at com.kms.katalon.core.webui.keyword.WebUiBuiltInKeywords$click$2.call(Unknown Source)
	at ControlCorrespondencia.run(ControlCorrespondencia:47)
	at com.kms.katalon.core.main.ScriptEngine.run(ScriptEngine.java:194)
	at com.kms.katalon.core.main.ScriptEngine.runScriptAsRawText(ScriptEngine.java:119)
	at com.kms.katalon.core.main.TestCaseExecutor.runScript(TestCaseExecutor.java:337)
	at com.kms.katalon.core.main.TestCaseExecutor.doExecute(TestCaseExecutor.java:328)
	at com.kms.katalon.core.main.TestCaseExecutor.processExecutionPhase(TestCaseExecutor.java:307)
	at com.kms.katalon.core.main.TestCaseExecutor.accessMainPhase(TestCaseExecutor.java:299)
	at com.kms.katalon.core.main.TestCaseExecutor.execute(TestCaseExecutor.java:233)
	at com.kms.katalon.core.main.TestSuiteExecutor.accessTestCaseMainPhase(TestSuiteExecutor.java:169)
	at com.kms.katalon.core.main.TestSuiteExecutor.accessTestSuiteMainPhase(TestSuiteExecutor.java:142)
	at com.kms.katalon.core.main.TestSuiteExecutor.execute(TestSuiteExecutor.java:91)
	at com.kms.katalon.core.main.TestCaseMain.startTestSuite(TestCaseMain.java:157)
	at com.kms.katalon.core.main.TestCaseMain$startTestSuite$0.call(Unknown Source)
	at TempTestSuite1576781754247.run(TempTestSuite1576781754247.groovy:36)
Caused by: com.kms.katalon.core.webui.exception.WebElementNotFoundException: Web element with id: 'Object Repository/Representante/button_Guardar' located by 'By.xpath: (//button[@type='button'])[34]' not found
	at com.kms.katalon.core.webui.common.WebUiCommonHelper.findWebElement(WebUiCommonHelper.java:1113)
	at com.kms.katalon.core.webui.keyword.internal.WebUIAbstractKeyword.findWebElement(WebUIAbstractKeyword.groovy:27)
	at com.kms.katalon.core.webui.keyword.internal.WebUIAbstractKeyword.findWebElement(WebUIAbstractKeyword.groovy:26)
	at com.kms.katalon.core.webui.keyword.builtin.ClickKeyword$_click_closure1.doCall(ClickKeyword.groovy:68)
	at com.kms.katalon.core.webui.keyword.builtin.ClickKeyword$_click_closure1.call(ClickKeyword.groovy)
	at com.kms.katalon.core.webui.keyword.internal.WebUIKeywordMain.runKeyword(WebUIKeywordMain.groovy:20)
	at com.kms.katalon.core.webui.keyword.builtin.ClickKeyword.click(ClickKeyword.groovy:103)
	at com.kms.katalon.core.webui.keyword.builtin.ClickKeyword.execute(ClickKeyword.groovy:43)
	at com.kms.katalon.core.keyword.internal.KeywordExecutor.executeKeywordForPlatform(KeywordExecutor.groovy:60)
	at com.kms.katalon.core.webui.keyword.WebUiBuiltInKeywords.click(WebUiBuiltInKeywords.groovy:616)
	at com.kms.katalon.core.webui.keyword.WebUiBuiltInKeywords$click$2.call(Unknown Source)
	at Script1575391246084.run(Script1575391246084.groovy:47)
	... 13 more
)
[[ATTACHMENT|F:\\Proyectos\\CAF_FlujoCorrespondencia\\Reports\\20191219_135554\\Correspondencia\\FlujoCompleto\\20191219_135554\\1576782140941.png]]]]></system-out>
         <system-err><![CDATA[2019-12-19 13:59:02 - [TEST_CASE][FAILED] - Test Cases/Representante/ControlCorrespondencia: Test Cases/Representante/ControlCorrespondencia FAILED.
Reason:
com.kms.katalon.core.exception.StepFailedException: Unable to click on object 'Object Repository/Representante/button_Guardar'
	at com.kms.katalon.core.webui.keyword.internal.WebUIKeywordMain.stepFailed(WebUIKeywordMain.groovy:64)
	at com.kms.katalon.core.webui.keyword.internal.WebUIKeywordMain.runKeyword(WebUIKeywordMain.groovy:26)
	at com.kms.katalon.core.webui.keyword.builtin.ClickKeyword.click(ClickKeyword.groovy:103)
	at com.kms.katalon.core.webui.keyword.builtin.ClickKeyword.execute(ClickKeyword.groovy:43)
	at com.kms.katalon.core.keyword.internal.KeywordExecutor.executeKeywordForPlatform(KeywordExecutor.groovy:60)
	at com.kms.katalon.core.webui.keyword.WebUiBuiltInKeywords.click(WebUiBuiltInKeywords.groovy:616)
	at com.kms.katalon.core.webui.keyword.WebUiBuiltInKeywords$click$2.call(Unknown Source)
	at ControlCorrespondencia.run(ControlCorrespondencia:47)
	at com.kms.katalon.core.main.ScriptEngine.run(ScriptEngine.java:194)
	at com.kms.katalon.core.main.ScriptEngine.runScriptAsRawText(ScriptEngine.java:119)
	at com.kms.katalon.core.main.TestCaseExecutor.runScript(TestCaseExecutor.java:337)
	at com.kms.katalon.core.main.TestCaseExecutor.doExecute(TestCaseExecutor.java:328)
	at com.kms.katalon.core.main.TestCaseExecutor.processExecutionPhase(TestCaseExecutor.java:307)
	at com.kms.katalon.core.main.TestCaseExecutor.accessMainPhase(TestCaseExecutor.java:299)
	at com.kms.katalon.core.main.TestCaseExecutor.execute(TestCaseExecutor.java:233)
	at com.kms.katalon.core.main.TestSuiteExecutor.accessTestCaseMainPhase(TestSuiteExecutor.java:169)
	at com.kms.katalon.core.main.TestSuiteExecutor.accessTestSuiteMainPhase(TestSuiteExecutor.java:142)
	at com.kms.katalon.core.main.TestSuiteExecutor.execute(TestSuiteExecutor.java:91)
	at com.kms.katalon.core.main.TestCaseMain.startTestSuite(TestCaseMain.java:157)
	at com.kms.katalon.core.main.TestCaseMain$startTestSuite$0.call(Unknown Source)
	at TempTestSuite1576781754247.run(TempTestSuite1576781754247.groovy:36)
Caused by: com.kms.katalon.core.webui.exception.WebElementNotFoundException: Web element with id: 'Object Repository/Representante/button_Guardar' located by 'By.xpath: (//button[@type='button'])[34]' not found
	at com.kms.katalon.core.webui.common.WebUiCommonHelper.findWebElement(WebUiCommonHelper.java:1113)
	at com.kms.katalon.core.webui.keyword.internal.WebUIAbstractKeyword.findWebElement(WebUIAbstractKeyword.groovy:27)
	at com.kms.katalon.core.webui.keyword.internal.WebUIAbstractKeyword.findWebElement(WebUIAbstractKeyword.groovy:26)
	at com.kms.katalon.core.webui.keyword.builtin.ClickKeyword$_click_closure1.doCall(ClickKeyword.groovy:68)
	at com.kms.katalon.core.webui.keyword.builtin.ClickKeyword$_click_closure1.call(ClickKeyword.groovy)
	at com.kms.katalon.core.webui.keyword.internal.WebUIKeywordMain.runKeyword(WebUIKeywordMain.groovy:20)
	... 19 more]]></system-err>
      </testcase>
      <testcase name="Test Cases/Ejecutivo_Responsable/Flujo_EjecutivoResponsable" time="245.574" classname="Test Cases/Ejecutivo_Responsable/Flujo_EjecutivoResponsable" status="FAILED">
         <failure type="FAILED" message="Test Cases/Ejecutivo_Responsable/Flujo_EjecutivoResponsable FAILED.
Reason:
com.kms.katalon.core.exception.StepFailedException: Unable to click on object 'Object Repository/EjecutivoResponsable/button_Guardar'
	at com.kms.katalon.core.webui.keyword.internal.WebUIKeywordMain.stepFailed(WebUIKeywordMain.groovy:64)
	at com.kms.katalon.core.webui.keyword.internal.WebUIKeywordMain.runKeyword(WebUIKeywordMain.groovy:26)
	at com.kms.katalon.core.webui.keyword.builtin.ClickKeyword.click(ClickKeyword.groovy:103)
	at com.kms.katalon.core.webui.keyword.builtin.ClickKeyword.execute(ClickKeyword.groovy:43)
	at com.kms.katalon.core.keyword.internal.KeywordExecutor.executeKeywordForPlatform(KeywordExecutor.groovy:60)
	at com.kms.katalon.core.webui.keyword.WebUiBuiltInKeywords.click(WebUiBuiltInKeywords.groovy:616)
	at com.kms.katalon.core.webui.keyword.WebUiBuiltInKeywords$click$2.call(Unknown Source)
	at Flujo_EjecutivoResponsable.run(Flujo_EjecutivoResponsable:44)
	at com.kms.katalon.core.main.ScriptEngine.run(ScriptEngine.java:194)
	at com.kms.katalon.core.main.ScriptEngine.runScriptAsRawText(ScriptEngine.java:119)
	at com.kms.katalon.core.main.TestCaseExecutor.runScript(TestCaseExecutor.java:337)
	at com.kms.katalon.core.main.TestCaseExecutor.doExecute(TestCaseExecutor.java:328)
	at com.kms.katalon.core.main.TestCaseExecutor.processExecutionPhase(TestCaseExecutor.java:307)
	at com.kms.katalon.core.main.TestCaseExecutor.accessMainPhase(TestCaseExecutor.java:299)
	at com.kms.katalon.core.main.TestCaseExecutor.execute(TestCaseExecutor.java:233)
	at com.kms.katalon.core.main.TestSuiteExecutor.accessTestCaseMainPhase(TestSuiteExecutor.java:169)
	at com.kms.katalon.core.main.TestSuiteExecutor.accessTestSuiteMainPhase(TestSuiteExecutor.java:142)
	at com.kms.katalon.core.main.TestSuiteExecutor.execute(TestSuiteExecutor.java:91)
	at com.kms.katalon.core.main.TestCaseMain.startTestSuite(TestCaseMain.java:157)
	at com.kms.katalon.core.main.TestCaseMain$startTestSuite$0.call(Unknown Source)
	at TempTestSuite1576781754247.run(TempTestSuite1576781754247.groovy:36)
Caused by: com.kms.katalon.core.webui.exception.WebElementNotFoundException: Web element with id: 'Object Repository/EjecutivoResponsable/button_Guardar' located by 'By.xpath: //*[@type = 'button' and (text() = 'Guardar' or . = 'Guardar')]' not found
	at com.kms.katalon.core.webui.common.WebUiCommonHelper.findWebElement(WebUiCommonHelper.java:1113)
	at com.kms.katalon.core.webui.keyword.internal.WebUIAbstractKeyword.findWebElement(WebUIAbstractKeyword.groovy:27)
	at com.kms.katalon.core.webui.keyword.internal.WebUIAbstractKeyword.findWebElement(WebUIAbstractKeyword.groovy:26)
	at com.kms.katalon.core.webui.keyword.builtin.ClickKeyword$_click_closure1.doCall(ClickKeyword.groovy:68)
	at com.kms.katalon.core.webui.keyword.builtin.ClickKeyword$_click_closure1.call(ClickKeyword.groovy)
	at com.kms.katalon.core.webui.keyword.internal.WebUIKeywordMain.runKeyword(WebUIKeywordMain.groovy:20)
	... 19 more
"/>
         <system-out><![CDATA[2019-12-19 14:02:21 - [TEST_CASE][FAILED] - Test Cases/Ejecutivo_Responsable/Flujo_EjecutivoResponsable: Test Cases/Ejecutivo_Responsable/Flujo_EjecutivoResponsable FAILED.
Reason:
com.kms.katalon.core.exception.StepFailedException: Unable to click on object 'Object Repository/EjecutivoResponsable/button_Guardar'
	at com.kms.katalon.core.webui.keyword.internal.WebUIKeywordMain.stepFailed(WebUIKeywordMain.groovy:64)
	at com.kms.katalon.core.webui.keyword.internal.WebUIKeywordMain.runKeyword(WebUIKeywordMain.groovy:26)
	at com.kms.katalon.core.webui.keyword.builtin.ClickKeyword.click(ClickKeyword.groovy:103)
	at com.kms.katalon.core.webui.keyword.builtin.ClickKeyword.execute(ClickKeyword.groovy:43)
	at com.kms.katalon.core.keyword.internal.KeywordExecutor.executeKeywordForPlatform(KeywordExecutor.groovy:60)
	at com.kms.katalon.core.webui.keyword.WebUiBuiltInKeywords.click(WebUiBuiltInKeywords.groovy:616)
	at com.kms.katalon.core.webui.keyword.WebUiBuiltInKeywords$click$2.call(Unknown Source)
	at Flujo_EjecutivoResponsable.run(Flujo_EjecutivoResponsable:44)
	at com.kms.katalon.core.main.ScriptEngine.run(ScriptEngine.java:194)
	at com.kms.katalon.core.main.ScriptEngine.runScriptAsRawText(ScriptEngine.java:119)
	at com.kms.katalon.core.main.TestCaseExecutor.runScript(TestCaseExecutor.java:337)
	at com.kms.katalon.core.main.TestCaseExecutor.doExecute(TestCaseExecutor.java:328)
	at com.kms.katalon.core.main.TestCaseExecutor.processExecutionPhase(TestCaseExecutor.java:307)
	at com.kms.katalon.core.main.TestCaseExecutor.accessMainPhase(TestCaseExecutor.java:299)
	at com.kms.katalon.core.main.TestCaseExecutor.execute(TestCaseExecutor.java:233)
	at com.kms.katalon.core.main.TestSuiteExecutor.accessTestCaseMainPhase(TestSuiteExecutor.java:169)
	at com.kms.katalon.core.main.TestSuiteExecutor.accessTestSuiteMainPhase(TestSuiteExecutor.java:142)
	at com.kms.katalon.core.main.TestSuiteExecutor.execute(TestSuiteExecutor.java:91)
	at com.kms.katalon.core.main.TestCaseMain.startTestSuite(TestCaseMain.java:157)
	at com.kms.katalon.core.main.TestCaseMain$startTestSuite$0.call(Unknown Source)
	at TempTestSuite1576781754247.run(TempTestSuite1576781754247.groovy:36)
Caused by: com.kms.katalon.core.webui.exception.WebElementNotFoundException: Web element with id: 'Object Repository/EjecutivoResponsable/button_Guardar' located by 'By.xpath: //*[@type = 'button' and (text() = 'Guardar' or . = 'Guardar')]' not found
	at com.kms.katalon.core.webui.common.WebUiCommonHelper.findWebElement(WebUiCommonHelper.java:1113)
	at com.kms.katalon.core.webui.keyword.internal.WebUIAbstractKeyword.findWebElement(WebUIAbstractKeyword.groovy:27)
	at com.kms.katalon.core.webui.keyword.internal.WebUIAbstractKeyword.findWebElement(WebUIAbstractKeyword.groovy:26)
	at com.kms.katalon.core.webui.keyword.builtin.ClickKeyword$_click_closure1.doCall(ClickKeyword.groovy:68)
	at com.kms.katalon.core.webui.keyword.builtin.ClickKeyword$_click_closure1.call(ClickKeyword.groovy)
	at com.kms.katalon.core.webui.keyword.internal.WebUIKeywordMain.runKeyword(WebUIKeywordMain.groovy:20)
	... 19 more


2019-12-19 14:02:21 - [TEST_STEP][PASSED] - callTestCase(findTestCase("Representante/InicioSesion_AccesoCorreo"), [:], STOP_ON_FAILURE): Call Test Case 'Test Cases/Representante/InicioSesion_AccesoCorreo' successfully

2019-12-19 14:02:21 - [TEST_CASE][PASSED] - Test Cases/Representante/InicioSesion_AccesoCorreo: Test Cases/Representante/InicioSesion_AccesoCorreo

2019-12-19 14:02:21 - [TEST_STEP][PASSED] - openBrowser(""): Browser is opened with url: ''

2019-12-19 14:02:21 - [MESSAGE][WARNING] - A browser is already opened. Closing browser and opening a new one

2019-12-19 14:02:22 - [MESSAGE][INFO] - Starting 'Chrome' driver

2019-12-19 14:02:28 - [MESSAGE][PASSED] - Browser is opened with url: ''

2019-12-19 14:02:28 - [TEST_STEP][PASSED] - navigateToUrl("https://login.microsoftonline.com/common/oauth2/authorize?client_id=00000002-0000-0ff1-ce00-000000000000&redirect_uri=https%3a%2f%2foutlook.office365.com%2fowa%2f&resource=00000002-0000-0ff1-ce00-000000000000&response_mode=form_post&response_type=code+id_token&scope=openid&msafed=0&client-request-id=90e6bfa9-e6ec-46ab-82c3-1c848ab25309&protectedtoken=true&nonce=637105585405285449.f41578f0-f800-4006-b334-7ecc8f885085&state=DcsxEoAwCAVRouNxMD8GAh5HM9Jaen0p9nVbiGjNlqwgIRvdGlRdBXqkcu4hTc0DHA6wAIPv3oXtmdPDXeFa8t3q-131Bw"): Navigate to 'https://login.microsoftonline.com/common/oauth2/authorize?client_id=00000002-0000-0ff1-ce00-000000000000&redirect_uri=https%3a%2f%2foutlook.office365.com%2fowa%2f&resource=00000002-0000-0ff1-ce00-000000000000&response_mode=form_post&response_type=code+id_token&scope=openid&msafed=0&client-request-id=90e6bfa9-e6ec-46ab-82c3-1c848ab25309&protectedtoken=true&nonce=637105585405285449.f41578f0-f800-4006-b334-7ecc8f885085&state=DcsxEoAwCAVRouNxMD8GAh5HM9Jaen0p9nVbiGjNlqwgIRvdGlRdBXqkcu4hTc0DHA6wAIPv3oXtmdPDXeFa8t3q-131Bw' successfully

2019-12-19 14:02:28 - [MESSAGE][PASSED] - Navigate to 'https://login.microsoftonline.com/common/oauth2/authorize?client_id=00000002-0000-0ff1-ce00-000000000000&redirect_uri=https%3a%2f%2foutlook.office365.com%2fowa%2f&resource=00000002-0000-0ff1-ce00-000000000000&response_mode=form_post&response_type=code+id_token&scope=openid&msafed=0&client-request-id=90e6bfa9-e6ec-46ab-82c3-1c848ab25309&protectedtoken=true&nonce=637105585405285449.f41578f0-f800-4006-b334-7ecc8f885085&state=DcsxEoAwCAVRouNxMD8GAh5HM9Jaen0p9nVbiGjNlqwgIRvdGlRdBXqkcu4hTc0DHA6wAIPv3oXtmdPDXeFa8t3q-131Bw' successfully

2019-12-19 14:02:28 - [TEST_STEP][PASSED] - setText(findTestObject("Object Repository/Representante/input_to continue to Outlook_loginfmt"), "Lgarciaa@intergrupo.com"): Text 'Lgarciaa@intergrupo.com' is set on object 'Object Repository/Representante/input_to continue to Outlook_loginfmt'

2019-12-19 14:02:30 - [MESSAGE][PASSED] - Text 'Lgarciaa@intergrupo.com' is set on object 'Object Repository/Representante/input_to continue to Outlook_loginfmt'

2019-12-19 14:02:30 - [TEST_STEP][PASSED] - click(findTestObject("Object Repository/Representante/input_to continue to Outlook_idSIButton9")): Object: 'Object Repository/Representante/input_to continue to Outlook_idSIButton9' is clicked on

2019-12-19 14:02:31 - [MESSAGE][PASSED] - Object: 'Object Repository/Representante/input_to continue to Outlook_idSIButton9' is clicked on

2019-12-19 14:02:31 - [TEST_STEP][PASSED] - setEncryptedText(findTestObject("Object Repository/Representante/input_Enter password_passwd"), "ZOlv4XWAQZkh7wlYSNhOVA=="): Text ****** has been set on object 'Object Repository/Representante/input_Enter password_passwd'

2019-12-19 14:02:32 - [MESSAGE][PASSED] - Text ****** has been set on object 'Object Repository/Representante/input_Enter password_passwd'

2019-12-19 14:02:32 - [TEST_STEP][PASSED] - click(findTestObject("Object Repository/Representante/input_to continue to Outlook_idSIButton9")): Object: 'Object Repository/Representante/input_to continue to Outlook_idSIButton9' is clicked on

2019-12-19 14:02:33 - [MESSAGE][PASSED] - Object: 'Object Repository/Representante/input_to continue to Outlook_idSIButton9' is clicked on

2019-12-19 14:02:33 - [TEST_STEP][PASSED] - click(findTestObject("Object Repository/Representante/input_concat(Don  t show this again)_idBtn_Back")): Object: 'Object Repository/Representante/input_concat(Don  t show this again)_idBtn_Back' is clicked on

2019-12-19 14:02:43 - [MESSAGE][PASSED] - Object: 'Object Repository/Representante/input_concat(Don  t show this again)_idBtn_Back' is clicked on

2019-12-19 14:02:43 - [TEST_STEP][PASSED] - maximizeWindow(STOP_ON_FAILURE): Current window maximized

2019-12-19 14:02:47 - [MESSAGE][PASSED] - Current window maximized

2019-12-19 14:02:47 - [MESSAGE][INFO] - =================== Smart XPath Report =======================

2019-12-19 14:02:47 - [MESSAGE][INFO] - Refer to the link below to preview and approve auto healing on broken test objects.

2019-12-19 14:02:47 - [MESSAGE][INFO] - https://docs.katalon.com/katalon-studio/docs/auto-healing-smart-xpath.html

2019-12-19 14:02:47 - [MESSAGE][INFO] - ===============================================================

2019-12-19 14:02:47 - [MESSAGE][PASSED] - Call Test Case 'Test Cases/Representante/InicioSesion_AccesoCorreo' successfully

2019-12-19 14:02:47 - [TEST_STEP][PASSED] - click(findTestObject("EjecutivoResponsable/span_20191062 PRUEBA - APROBACIN EJECUTIVO RESPONSABLE")): Object: 'Object Repository/EjecutivoResponsable/span_20191062 PRUEBA - APROBACIN EJECUTIVO RESPONSABLE' is clicked on

2019-12-19 14:03:34 - [MESSAGE][INFO] - Unable to find the element located by 'By.xpath: //div[@id='AQAAAMjoylsBAAAA0EwIpQAAAAA=']/div/div/div/div[2]/div[2]/div/span'. Please recheck the objects properties to make sure the desired element is located. 

2019-12-19 14:03:34 - [MESSAGE][INFO] - [SMART_XPATH] Auto-trying out other XPath values in the test object.

2019-12-19 14:03:35 - [MESSAGE][INFO] - [SMART_XPATH] FAILED XPATH: '//div[@id='AQAAAMjoylsBAAAA0EwIpQAAAAA=']/div/div/div/div[2]/div[2]/div/span'.

2019-12-19 14:03:35 - [MESSAGE][INFO] - [SMART_XPATH] WORKING XPATH: '(.//*[normalize-space(text()) and normalize-space(.)='cafpruebassp@intergrupo.com'])[1]/following::span[5]'.

2019-12-19 14:03:36 - [MESSAGE][INFO] - [SMART_XPATH] Screenshot: F:/Proyectos/CAF_FlujoCorrespondencia/Reports/smart_xpath/Object Repository/EjecutivoResponsable/span_20191062 PRUEBA - APROBACIN EJECUTIVO RESPONSABLE_neighbor_6.png

2019-12-19 14:03:36 - [MESSAGE][INFO] - [SMART_XPATH] WORKING XPATH: '(.//*[normalize-space(text()) and normalize-space(.)='C'])[1]/following::span[6]'.

2019-12-19 14:03:36 - [MESSAGE][INFO] - [SMART_XPATH] Screenshot: F:/Proyectos/CAF_FlujoCorrespondencia/Reports/smart_xpath/Object Repository/EjecutivoResponsable/span_20191062 PRUEBA - APROBACIN EJECUTIVO RESPONSABLE_neighbor_7.png

2019-12-19 14:03:37 - [MESSAGE][INFO] - [SMART_XPATH] WORKING XPATH: '(.//*[normalize-space(text()) and normalize-space(.)='C'])[2]/preceding::span[3]'.

2019-12-19 14:03:37 - [MESSAGE][INFO] - [SMART_XPATH] Screenshot: F:/Proyectos/CAF_FlujoCorrespondencia/Reports/smart_xpath/Object Repository/EjecutivoResponsable/span_20191062 PRUEBA - APROBACIN EJECUTIVO RESPONSABLE_neighbor_8.png

2019-12-19 14:03:37 - [MESSAGE][INFO] - [SMART_XPATH] WORKING XPATH: '(.//*[normalize-space(text()) and normalize-space(.)='cafpruebassp@intergrupo.com'])[2]/preceding::span[4]'.

2019-12-19 14:03:38 - [MESSAGE][INFO] - [SMART_XPATH] Screenshot: F:/Proyectos/CAF_FlujoCorrespondencia/Reports/smart_xpath/Object Repository/EjecutivoResponsable/span_20191062 PRUEBA - APROBACIN EJECUTIVO RESPONSABLE_neighbor_9.png

2019-12-19 14:03:38 - [MESSAGE][INFO] - [SMART_XPATH] WORKING XPATH: '//*/text()[normalize-space(.)='[20191062] PRUEBA - APROBACIÓN EJECUTIVO RESPONSABLE']/parent::*'.

2019-12-19 14:03:39 - [MESSAGE][INFO] - [SMART_XPATH] Screenshot: F:/Proyectos/CAF_FlujoCorrespondencia/Reports/smart_xpath/Object Repository/EjecutivoResponsable/span_20191062 PRUEBA - APROBACIN EJECUTIVO RESPONSABLE_neighbor_10.png

2019-12-19 14:03:39 - [MESSAGE][INFO] - [SMART_XPATH] WORKING XPATH: '//div/div[2]/div/div/div/div/div/div[2]/div/div/div/div[2]/div[2]/div/span'.

2019-12-19 14:03:40 - [MESSAGE][INFO] - [SMART_XPATH] Screenshot: F:/Proyectos/CAF_FlujoCorrespondencia/Reports/smart_xpath/Object Repository/EjecutivoResponsable/span_20191062 PRUEBA - APROBACIN EJECUTIVO RESPONSABLE_position.png

2019-12-19 14:03:40 - [MESSAGE][ERROR] - [SMART_XPATH] F:\Proyectos\CAF_FlujoCorrespondencia\Reports\smart_xpath\waiting-for-approval.json (The system cannot find the file specified)

2019-12-19 14:03:40 - [MESSAGE][ERROR] - [SMART_XPATH] F:/Proyectos/CAF_FlujoCorrespondencia/Reports/smart_xpath/waiting-for-approval.json does not exist or is provided by Smart XPath Plugin!

2019-12-19 14:03:40 - [MESSAGE][INFO] - [SMART_XPATH] Selected Smart XPath: '(.//*[normalize-space(text()) and normalize-space(.)='cafpruebassp@intergrupo.com'])[1]/following::span[5]'.

2019-12-19 14:03:40 - [MESSAGE][INFO] - [SMART_XPATH] Continuing executing the test case!

2019-12-19 14:03:40 - [MESSAGE][PASSED] - Object: 'Object Repository/EjecutivoResponsable/span_20191062 PRUEBA - APROBACIN EJECUTIVO RESPONSABLE' is clicked on

2019-12-19 14:03:40 - [TEST_STEP][PASSED] - click(findTestObject("Object Repository/EjecutivoResponsable/a_CORRESPONDENCIA")): Object: 'Object Repository/EjecutivoResponsable/a_CORRESPONDENCIA' is clicked on

2019-12-19 14:03:44 - [MESSAGE][PASSED] - Object: 'Object Repository/EjecutivoResponsable/a_CORRESPONDENCIA' is clicked on

2019-12-19 14:03:44 - [TEST_STEP][PASSED] - switchToWindowTitle("Control Correspondencia - 20191062"): Switched to window with title: 'Control Correspondencia - 20191062'

2019-12-19 14:03:48 - [MESSAGE][PASSED] - Switched to window with title: 'Control Correspondencia - 20191062'

2019-12-19 14:03:48 - [TEST_STEP][PASSED] - setText(findTestObject("Object Repository/EjecutivoResponsable/div_sdfsfwewe"), "https://tasks.intergrupo.com/login_page.php?return=main_page.php"): Text 'https://tasks.intergrupo.com/login_page.php?return=main_page.php' is set on object 'Object Repository/EjecutivoResponsable/div_sdfsfwewe'

2019-12-19 14:03:50 - [MESSAGE][PASSED] - Text 'https://tasks.intergrupo.com/login_page.php?return=main_page.php' is set on object 'Object Repository/EjecutivoResponsable/div_sdfsfwewe'

2019-12-19 14:03:50 - [TEST_STEP][PASSED] - setText(findTestObject("Object Repository/EjecutivoResponsable/input_Reasignado a_ms-BasePicker-input input-119"), "Laura Vanessa García Agudelo"): Text 'Laura Vanessa García Agudelo' is set on object 'Object Repository/EjecutivoResponsable/input_Reasignado a_ms-BasePicker-input input-119'

2019-12-19 14:04:37 - [MESSAGE][INFO] - Unable to find the element located by 'By.xpath: (//input[@value=''])[15]'. Please recheck the objects properties to make sure the desired element is located. 

2019-12-19 14:04:37 - [MESSAGE][INFO] - [SMART_XPATH] Auto-trying out other XPath values in the test object.

2019-12-19 14:04:37 - [MESSAGE][INFO] - [SMART_XPATH] FAILED XPATH: '(//input[@value=''])[15]'.

2019-12-19 14:04:38 - [MESSAGE][INFO] - [SMART_XPATH] WORKING XPATH: '//div[@id='correspondencia-edicion-cewp-container']/div/div/div[25]/div/div/div/div/input'.

2019-12-19 14:04:38 - [MESSAGE][ERROR] - [SMART_XPATH] Cannot save screenshot to: F:/Proyectos/CAF_FlujoCorrespondencia/Reports/smart_xpath, reason: (y + height) is outside of Raster

2019-12-19 14:04:38 - [MESSAGE][INFO] - [SMART_XPATH] WORKING XPATH: '//div[25]/div/div/div/div/input'.

2019-12-19 14:04:39 - [MESSAGE][ERROR] - [SMART_XPATH] Cannot save screenshot to: F:/Proyectos/CAF_FlujoCorrespondencia/Reports/smart_xpath, reason: (y + height) is outside of Raster

2019-12-19 14:04:39 - [MESSAGE][ERROR] - [SMART_XPATH] F:\Proyectos\CAF_FlujoCorrespondencia\Reports\smart_xpath\waiting-for-approval.json (The system cannot find the file specified)

2019-12-19 14:04:39 - [MESSAGE][ERROR] - [SMART_XPATH] F:/Proyectos/CAF_FlujoCorrespondencia/Reports/smart_xpath/waiting-for-approval.json does not exist or is provided by Smart XPath Plugin!

2019-12-19 14:04:39 - [MESSAGE][INFO] - [SMART_XPATH] Selected Smart XPath: '//div[@id='correspondencia-edicion-cewp-container']/div/div/div[25]/div/div/div/div/input'.

2019-12-19 14:04:39 - [MESSAGE][INFO] - [SMART_XPATH] Continuing executing the test case!

2019-12-19 14:04:39 - [MESSAGE][PASSED] - Text 'Laura Vanessa García Agudelo' is set on object 'Object Repository/EjecutivoResponsable/input_Reasignado a_ms-BasePicker-input input-119'

2019-12-19 14:04:39 - [TEST_STEP][PASSED] - click(findTestObject("Object Repository/EjecutivoResponsable/div_LLaura Vanessa Garca AgudeloLgarciaaint_951ad5")): Object: 'Object Repository/EjecutivoResponsable/div_LLaura Vanessa Garca AgudeloLgarciaaint_951ad5' is clicked on

2019-12-19 14:04:41 - [MESSAGE][PASSED] - Object: 'Object Repository/EjecutivoResponsable/div_LLaura Vanessa Garca AgudeloLgarciaaint_951ad5' is clicked on

2019-12-19 14:04:41 - [TEST_STEP][PASSED] - click(findTestObject("Object Repository/EjecutivoResponsable/label_EVALUACIN CRITERIO TCNICO")): Object: 'Object Repository/EjecutivoResponsable/label_EVALUACIN CRITERIO TCNICO' is clicked on

2019-12-19 14:04:42 - [MESSAGE][PASSED] - Object: 'Object Repository/EjecutivoResponsable/label_EVALUACIN CRITERIO TCNICO' is clicked on

2019-12-19 14:04:42 - [TEST_STEP][PASSED] - click(findTestObject("Object Repository/EjecutivoResponsable/button_Completar tarea de aprobacin_Toggle22")): Object: 'Object Repository/EjecutivoResponsable/button_Completar tarea de aprobacin_Toggle22' is clicked on

2019-12-19 14:04:43 - [MESSAGE][PASSED] - Object: 'Object Repository/EjecutivoResponsable/button_Completar tarea de aprobacin_Toggle22' is clicked on

2019-12-19 14:04:43 - [TEST_STEP][PASSED] - click(findTestObject("EjecutivoResponsable/label_Aprobar")): Object: 'Object Repository/EjecutivoResponsable/label_Aprobar' is clicked on

2019-12-19 14:04:43 - [MESSAGE][PASSED] - Object: 'Object Repository/EjecutivoResponsable/label_Aprobar' is clicked on

2019-12-19 14:04:43 - [TEST_STEP][PASSED] - delay(3): Delayed 3 second(s)

2019-12-19 14:04:46 - [MESSAGE][PASSED] - Delayed 3 second(s)

2019-12-19 14:04:46 - [TEST_STEP][PASSED] - click(findTestObject("EjecutivoResponsable/div_Guardar")): Object: 'Object Repository/EjecutivoResponsable/div_Guardar' is clicked on

2019-12-19 14:05:34 - [MESSAGE][INFO] - Unable to find the element located by 'By.xpath: //div[@id='id__14']'. Please recheck the objects properties to make sure the desired element is located. 

2019-12-19 14:05:34 - [MESSAGE][INFO] - [SMART_XPATH] Auto-trying out other XPath values in the test object.

2019-12-19 14:05:34 - [MESSAGE][INFO] - [SMART_XPATH] FAILED XPATH: '//div[@id='id__14']'.

2019-12-19 14:05:34 - [MESSAGE][INFO] - [SMART_XPATH] WORKING XPATH: '//div[@id='correspondencia-edicion-cewp-container']/div/div/div[34]/button/div/div/div'.

2019-12-19 14:05:35 - [MESSAGE][ERROR] - [SMART_XPATH] Cannot save screenshot to: F:/Proyectos/CAF_FlujoCorrespondencia/Reports/smart_xpath, reason: (y + height) is outside of Raster

2019-12-19 14:05:35 - [MESSAGE][INFO] - [SMART_XPATH] WORKING XPATH: '(.//*[normalize-space(text()) and normalize-space(.)='Devolver'])[1]/following::div[6]'.

2019-12-19 14:05:36 - [MESSAGE][ERROR] - [SMART_XPATH] Cannot save screenshot to: F:/Proyectos/CAF_FlujoCorrespondencia/Reports/smart_xpath, reason: (y + height) is outside of Raster

2019-12-19 14:05:36 - [MESSAGE][INFO] - [SMART_XPATH] WORKING XPATH: '(.//*[normalize-space(text()) and normalize-space(.)='Aprobar'])[1]/following::div[8]'.

2019-12-19 14:05:36 - [MESSAGE][ERROR] - [SMART_XPATH] Cannot save screenshot to: F:/Proyectos/CAF_FlujoCorrespondencia/Reports/smart_xpath, reason: (y + height) is outside of Raster

2019-12-19 14:05:37 - [MESSAGE][INFO] - [SMART_XPATH] WORKING XPATH: '(.//*[normalize-space(text()) and normalize-space(.)='Cancelar'])[1]/preceding::div[1]'.

2019-12-19 14:05:37 - [MESSAGE][ERROR] - [SMART_XPATH] Cannot save screenshot to: F:/Proyectos/CAF_FlujoCorrespondencia/Reports/smart_xpath, reason: (y + height) is outside of Raster

2019-12-19 14:05:37 - [MESSAGE][INFO] - [SMART_XPATH] FAILED XPATH: '(.//*[normalize-space(text()) and normalize-space(.)=concat('id(', '"', 'id__14', '"', ')')])[1]/preceding::div[8]'.

2019-12-19 14:05:38 - [MESSAGE][INFO] - [SMART_XPATH] WORKING XPATH: '//*/text()[normalize-space(.)='Guardar']/parent::*'.

2019-12-19 14:05:38 - [MESSAGE][ERROR] - [SMART_XPATH] Cannot save screenshot to: F:/Proyectos/CAF_FlujoCorrespondencia/Reports/smart_xpath, reason: (y + height) is outside of Raster

2019-12-19 14:05:38 - [MESSAGE][INFO] - [SMART_XPATH] WORKING XPATH: '//button/div/div/div'.

2019-12-19 14:05:39 - [MESSAGE][ERROR] - [SMART_XPATH] Cannot save screenshot to: F:/Proyectos/CAF_FlujoCorrespondencia/Reports/smart_xpath, reason: (y + height) is outside of Raster

2019-12-19 14:05:39 - [MESSAGE][ERROR] - [SMART_XPATH] F:\Proyectos\CAF_FlujoCorrespondencia\Reports\smart_xpath\waiting-for-approval.json (The system cannot find the file specified)

2019-12-19 14:05:39 - [MESSAGE][ERROR] - [SMART_XPATH] F:/Proyectos/CAF_FlujoCorrespondencia/Reports/smart_xpath/waiting-for-approval.json does not exist or is provided by Smart XPath Plugin!

2019-12-19 14:05:39 - [MESSAGE][INFO] - [SMART_XPATH] Selected Smart XPath: '//div[@id='correspondencia-edicion-cewp-container']/div/div/div[34]/button/div/div/div'.

2019-12-19 14:05:39 - [MESSAGE][INFO] - [SMART_XPATH] Continuing executing the test case!

2019-12-19 14:05:39 - [MESSAGE][PASSED] - Object: 'Object Repository/EjecutivoResponsable/div_Guardar' is clicked on

2019-12-19 14:05:39 - [TEST_STEP][FAILED] - click(findTestObject("EjecutivoResponsable/button_Guardar")): Unable to click on object 'Object Repository/EjecutivoResponsable/button_Guardar' (Root cause: com.kms.katalon.core.exception.StepFailedException: Unable to click on object 'Object Repository/EjecutivoResponsable/button_Guardar'
	at com.kms.katalon.core.webui.keyword.internal.WebUIKeywordMain.stepFailed(WebUIKeywordMain.groovy:64)
	at com.kms.katalon.core.webui.keyword.internal.WebUIKeywordMain.runKeyword(WebUIKeywordMain.groovy:26)
	at com.kms.katalon.core.webui.keyword.builtin.ClickKeyword.click(ClickKeyword.groovy:103)
	at com.kms.katalon.core.webui.keyword.builtin.ClickKeyword.execute(ClickKeyword.groovy:43)
	at com.kms.katalon.core.keyword.internal.KeywordExecutor.executeKeywordForPlatform(KeywordExecutor.groovy:60)
	at com.kms.katalon.core.webui.keyword.WebUiBuiltInKeywords.click(WebUiBuiltInKeywords.groovy:616)
	at com.kms.katalon.core.webui.keyword.WebUiBuiltInKeywords$click$2.call(Unknown Source)
	at Flujo_EjecutivoResponsable.run(Flujo_EjecutivoResponsable:44)
	at com.kms.katalon.core.main.ScriptEngine.run(ScriptEngine.java:194)
	at com.kms.katalon.core.main.ScriptEngine.runScriptAsRawText(ScriptEngine.java:119)
	at com.kms.katalon.core.main.TestCaseExecutor.runScript(TestCaseExecutor.java:337)
	at com.kms.katalon.core.main.TestCaseExecutor.doExecute(TestCaseExecutor.java:328)
	at com.kms.katalon.core.main.TestCaseExecutor.processExecutionPhase(TestCaseExecutor.java:307)
	at com.kms.katalon.core.main.TestCaseExecutor.accessMainPhase(TestCaseExecutor.java:299)
	at com.kms.katalon.core.main.TestCaseExecutor.execute(TestCaseExecutor.java:233)
	at com.kms.katalon.core.main.TestSuiteExecutor.accessTestCaseMainPhase(TestSuiteExecutor.java:169)
	at com.kms.katalon.core.main.TestSuiteExecutor.accessTestSuiteMainPhase(TestSuiteExecutor.java:142)
	at com.kms.katalon.core.main.TestSuiteExecutor.execute(TestSuiteExecutor.java:91)
	at com.kms.katalon.core.main.TestCaseMain.startTestSuite(TestCaseMain.java:157)
	at com.kms.katalon.core.main.TestCaseMain$startTestSuite$0.call(Unknown Source)
	at TempTestSuite1576781754247.run(TempTestSuite1576781754247.groovy:36)
Caused by: com.kms.katalon.core.webui.exception.WebElementNotFoundException: Web element with id: 'Object Repository/EjecutivoResponsable/button_Guardar' located by 'By.xpath: //*[@type = 'button' and (text() = 'Guardar' or . = 'Guardar')]' not found
	at com.kms.katalon.core.webui.common.WebUiCommonHelper.findWebElement(WebUiCommonHelper.java:1113)
	at com.kms.katalon.core.webui.keyword.internal.WebUIAbstractKeyword.findWebElement(WebUIAbstractKeyword.groovy:27)
	at com.kms.katalon.core.webui.keyword.internal.WebUIAbstractKeyword.findWebElement(WebUIAbstractKeyword.groovy:26)
	at com.kms.katalon.core.webui.keyword.builtin.ClickKeyword$_click_closure1.doCall(ClickKeyword.groovy:68)
	at com.kms.katalon.core.webui.keyword.builtin.ClickKeyword$_click_closure1.call(ClickKeyword.groovy)
	at com.kms.katalon.core.webui.keyword.internal.WebUIKeywordMain.runKeyword(WebUIKeywordMain.groovy:20)
	at com.kms.katalon.core.webui.keyword.builtin.ClickKeyword.click(ClickKeyword.groovy:103)
	at com.kms.katalon.core.webui.keyword.builtin.ClickKeyword.execute(ClickKeyword.groovy:43)
	at com.kms.katalon.core.keyword.internal.KeywordExecutor.executeKeywordForPlatform(KeywordExecutor.groovy:60)
	at com.kms.katalon.core.webui.keyword.WebUiBuiltInKeywords.click(WebUiBuiltInKeywords.groovy:616)
	at com.kms.katalon.core.webui.keyword.WebUiBuiltInKeywords$click$2.call(Unknown Source)
	at Script1575391245132.run(Script1575391245132.groovy:44)
	... 13 more
)

2019-12-19 14:06:26 - [MESSAGE][INFO] - Unable to find the element located by 'By.xpath: //*[@type = 'button' and (text() = 'Guardar' or . = 'Guardar')]'. Please recheck the objects properties to make sure the desired element is located. 

2019-12-19 14:06:26 - [MESSAGE][FAILED] - Unable to click on object 'Object Repository/EjecutivoResponsable/button_Guardar' (Root cause: com.kms.katalon.core.exception.StepFailedException: Unable to click on object 'Object Repository/EjecutivoResponsable/button_Guardar'
	at com.kms.katalon.core.webui.keyword.internal.WebUIKeywordMain.stepFailed(WebUIKeywordMain.groovy:64)
	at com.kms.katalon.core.webui.keyword.internal.WebUIKeywordMain.runKeyword(WebUIKeywordMain.groovy:26)
	at com.kms.katalon.core.webui.keyword.builtin.ClickKeyword.click(ClickKeyword.groovy:103)
	at com.kms.katalon.core.webui.keyword.builtin.ClickKeyword.execute(ClickKeyword.groovy:43)
	at com.kms.katalon.core.keyword.internal.KeywordExecutor.executeKeywordForPlatform(KeywordExecutor.groovy:60)
	at com.kms.katalon.core.webui.keyword.WebUiBuiltInKeywords.click(WebUiBuiltInKeywords.groovy:616)
	at com.kms.katalon.core.webui.keyword.WebUiBuiltInKeywords$click$2.call(Unknown Source)
	at Flujo_EjecutivoResponsable.run(Flujo_EjecutivoResponsable:44)
	at com.kms.katalon.core.main.ScriptEngine.run(ScriptEngine.java:194)
	at com.kms.katalon.core.main.ScriptEngine.runScriptAsRawText(ScriptEngine.java:119)
	at com.kms.katalon.core.main.TestCaseExecutor.runScript(TestCaseExecutor.java:337)
	at com.kms.katalon.core.main.TestCaseExecutor.doExecute(TestCaseExecutor.java:328)
	at com.kms.katalon.core.main.TestCaseExecutor.processExecutionPhase(TestCaseExecutor.java:307)
	at com.kms.katalon.core.main.TestCaseExecutor.accessMainPhase(TestCaseExecutor.java:299)
	at com.kms.katalon.core.main.TestCaseExecutor.execute(TestCaseExecutor.java:233)
	at com.kms.katalon.core.main.TestSuiteExecutor.accessTestCaseMainPhase(TestSuiteExecutor.java:169)
	at com.kms.katalon.core.main.TestSuiteExecutor.accessTestSuiteMainPhase(TestSuiteExecutor.java:142)
	at com.kms.katalon.core.main.TestSuiteExecutor.execute(TestSuiteExecutor.java:91)
	at com.kms.katalon.core.main.TestCaseMain.startTestSuite(TestCaseMain.java:157)
	at com.kms.katalon.core.main.TestCaseMain$startTestSuite$0.call(Unknown Source)
	at TempTestSuite1576781754247.run(TempTestSuite1576781754247.groovy:36)
Caused by: com.kms.katalon.core.webui.exception.WebElementNotFoundException: Web element with id: 'Object Repository/EjecutivoResponsable/button_Guardar' located by 'By.xpath: //*[@type = 'button' and (text() = 'Guardar' or . = 'Guardar')]' not found
	at com.kms.katalon.core.webui.common.WebUiCommonHelper.findWebElement(WebUiCommonHelper.java:1113)
	at com.kms.katalon.core.webui.keyword.internal.WebUIAbstractKeyword.findWebElement(WebUIAbstractKeyword.groovy:27)
	at com.kms.katalon.core.webui.keyword.internal.WebUIAbstractKeyword.findWebElement(WebUIAbstractKeyword.groovy:26)
	at com.kms.katalon.core.webui.keyword.builtin.ClickKeyword$_click_closure1.doCall(ClickKeyword.groovy:68)
	at com.kms.katalon.core.webui.keyword.builtin.ClickKeyword$_click_closure1.call(ClickKeyword.groovy)
	at com.kms.katalon.core.webui.keyword.internal.WebUIKeywordMain.runKeyword(WebUIKeywordMain.groovy:20)
	at com.kms.katalon.core.webui.keyword.builtin.ClickKeyword.click(ClickKeyword.groovy:103)
	at com.kms.katalon.core.webui.keyword.builtin.ClickKeyword.execute(ClickKeyword.groovy:43)
	at com.kms.katalon.core.keyword.internal.KeywordExecutor.executeKeywordForPlatform(KeywordExecutor.groovy:60)
	at com.kms.katalon.core.webui.keyword.WebUiBuiltInKeywords.click(WebUiBuiltInKeywords.groovy:616)
	at com.kms.katalon.core.webui.keyword.WebUiBuiltInKeywords$click$2.call(Unknown Source)
	at Script1575391245132.run(Script1575391245132.groovy:44)
	... 13 more
)
[[ATTACHMENT|F:\\Proyectos\\CAF_FlujoCorrespondencia\\Reports\\20191219_135554\\Correspondencia\\FlujoCompleto\\20191219_135554\\1576782386302.png]]]]></system-out>
         <system-err><![CDATA[2019-12-19 14:02:21 - [TEST_CASE][FAILED] - Test Cases/Ejecutivo_Responsable/Flujo_EjecutivoResponsable: Test Cases/Ejecutivo_Responsable/Flujo_EjecutivoResponsable FAILED.
Reason:
com.kms.katalon.core.exception.StepFailedException: Unable to click on object 'Object Repository/EjecutivoResponsable/button_Guardar'
	at com.kms.katalon.core.webui.keyword.internal.WebUIKeywordMain.stepFailed(WebUIKeywordMain.groovy:64)
	at com.kms.katalon.core.webui.keyword.internal.WebUIKeywordMain.runKeyword(WebUIKeywordMain.groovy:26)
	at com.kms.katalon.core.webui.keyword.builtin.ClickKeyword.click(ClickKeyword.groovy:103)
	at com.kms.katalon.core.webui.keyword.builtin.ClickKeyword.execute(ClickKeyword.groovy:43)
	at com.kms.katalon.core.keyword.internal.KeywordExecutor.executeKeywordForPlatform(KeywordExecutor.groovy:60)
	at com.kms.katalon.core.webui.keyword.WebUiBuiltInKeywords.click(WebUiBuiltInKeywords.groovy:616)
	at com.kms.katalon.core.webui.keyword.WebUiBuiltInKeywords$click$2.call(Unknown Source)
	at Flujo_EjecutivoResponsable.run(Flujo_EjecutivoResponsable:44)
	at com.kms.katalon.core.main.ScriptEngine.run(ScriptEngine.java:194)
	at com.kms.katalon.core.main.ScriptEngine.runScriptAsRawText(ScriptEngine.java:119)
	at com.kms.katalon.core.main.TestCaseExecutor.runScript(TestCaseExecutor.java:337)
	at com.kms.katalon.core.main.TestCaseExecutor.doExecute(TestCaseExecutor.java:328)
	at com.kms.katalon.core.main.TestCaseExecutor.processExecutionPhase(TestCaseExecutor.java:307)
	at com.kms.katalon.core.main.TestCaseExecutor.accessMainPhase(TestCaseExecutor.java:299)
	at com.kms.katalon.core.main.TestCaseExecutor.execute(TestCaseExecutor.java:233)
	at com.kms.katalon.core.main.TestSuiteExecutor.accessTestCaseMainPhase(TestSuiteExecutor.java:169)
	at com.kms.katalon.core.main.TestSuiteExecutor.accessTestSuiteMainPhase(TestSuiteExecutor.java:142)
	at com.kms.katalon.core.main.TestSuiteExecutor.execute(TestSuiteExecutor.java:91)
	at com.kms.katalon.core.main.TestCaseMain.startTestSuite(TestCaseMain.java:157)
	at com.kms.katalon.core.main.TestCaseMain$startTestSuite$0.call(Unknown Source)
	at TempTestSuite1576781754247.run(TempTestSuite1576781754247.groovy:36)
Caused by: com.kms.katalon.core.webui.exception.WebElementNotFoundException: Web element with id: 'Object Repository/EjecutivoResponsable/button_Guardar' located by 'By.xpath: //*[@type = 'button' and (text() = 'Guardar' or . = 'Guardar')]' not found
	at com.kms.katalon.core.webui.common.WebUiCommonHelper.findWebElement(WebUiCommonHelper.java:1113)
	at com.kms.katalon.core.webui.keyword.internal.WebUIAbstractKeyword.findWebElement(WebUIAbstractKeyword.groovy:27)
	at com.kms.katalon.core.webui.keyword.internal.WebUIAbstractKeyword.findWebElement(WebUIAbstractKeyword.groovy:26)
	at com.kms.katalon.core.webui.keyword.builtin.ClickKeyword$_click_closure1.doCall(ClickKeyword.groovy:68)
	at com.kms.katalon.core.webui.keyword.builtin.ClickKeyword$_click_closure1.call(ClickKeyword.groovy)
	at com.kms.katalon.core.webui.keyword.internal.WebUIKeywordMain.runKeyword(WebUIKeywordMain.groovy:20)
	... 19 more]]></system-err>
      </testcase>
      <testcase name="Test Cases/Ejecutivo_Responsable/CriterioTecnico" time="135.351" classname="Test Cases/Ejecutivo_Responsable/CriterioTecnico" status="FAILED">
         <failure type="FAILED" message="Test Cases/Ejecutivo_Responsable/CriterioTecnico FAILED.
Reason:
com.kms.katalon.core.exception.StepFailedException: Unable to click on object 'Object Repository/CriterioTecnico/button_Guardar'
	at com.kms.katalon.core.webui.keyword.internal.WebUIKeywordMain.stepFailed(WebUIKeywordMain.groovy:64)
	at com.kms.katalon.core.webui.keyword.internal.WebUIKeywordMain.runKeyword(WebUIKeywordMain.groovy:26)
	at com.kms.katalon.core.webui.keyword.builtin.ClickKeyword.click(ClickKeyword.groovy:103)
	at com.kms.katalon.core.webui.keyword.builtin.ClickKeyword.execute(ClickKeyword.groovy:43)
	at com.kms.katalon.core.keyword.internal.KeywordExecutor.executeKeywordForPlatform(KeywordExecutor.groovy:60)
	at com.kms.katalon.core.webui.keyword.WebUiBuiltInKeywords.click(WebUiBuiltInKeywords.groovy:616)
	at com.kms.katalon.core.webui.keyword.WebUiBuiltInKeywords$click$2.call(Unknown Source)
	at CriterioTecnico.run(CriterioTecnico:35)
	at com.kms.katalon.core.main.ScriptEngine.run(ScriptEngine.java:194)
	at com.kms.katalon.core.main.ScriptEngine.runScriptAsRawText(ScriptEngine.java:119)
	at com.kms.katalon.core.main.TestCaseExecutor.runScript(TestCaseExecutor.java:337)
	at com.kms.katalon.core.main.TestCaseExecutor.doExecute(TestCaseExecutor.java:328)
	at com.kms.katalon.core.main.TestCaseExecutor.processExecutionPhase(TestCaseExecutor.java:307)
	at com.kms.katalon.core.main.TestCaseExecutor.accessMainPhase(TestCaseExecutor.java:299)
	at com.kms.katalon.core.main.TestCaseExecutor.execute(TestCaseExecutor.java:233)
	at com.kms.katalon.core.main.TestSuiteExecutor.accessTestCaseMainPhase(TestSuiteExecutor.java:169)
	at com.kms.katalon.core.main.TestSuiteExecutor.accessTestSuiteMainPhase(TestSuiteExecutor.java:142)
	at com.kms.katalon.core.main.TestSuiteExecutor.execute(TestSuiteExecutor.java:91)
	at com.kms.katalon.core.main.TestCaseMain.startTestSuite(TestCaseMain.java:157)
	at com.kms.katalon.core.main.TestCaseMain$startTestSuite$0.call(Unknown Source)
	at TempTestSuite1576781754247.run(TempTestSuite1576781754247.groovy:36)
Caused by: org.openqa.selenium.WebDriverException: chrome not reachable
  (Session info: chrome=79.0.3945.88)
Build info: version: '3.141.59', revision: 'e82be7d358', time: '2018-11-14T08:25:53'
System info: host: 'P-LGARCIAA', ip: '10.60.6.13', os.name: 'Windows 10', os.arch: 'amd64', os.version: '10.0', java.version: '1.8.0_181'
Driver info: com.kms.katalon.selenium.driver.CChromeDriver
Capabilities {acceptInsecureCerts: false, browserName: chrome, browserVersion: 79.0.3945.88, chrome: {chromedriverVersion: 78.0.3904.105 (60e2d8774a81..., userDataDir: C:\Users\lgarciaa\AppData\L...}, goog:chromeOptions: {debuggerAddress: localhost:59128}, javascriptEnabled: true, networkConnectionEnabled: false, pageLoadStrategy: normal, platform: XP, platformName: XP, proxy: Proxy(), setWindowRect: true, strictFileInteractability: false, timeouts: {implicit: 0, pageLoad: 300000, script: 30000}, unhandledPromptBehavior: dismiss and notify}
Session ID: e164e872394b0cf16434a5afb014729f
*** Element info: {Using=xpath, value=(//button[@type='button'])[34]}
	at org.openqa.selenium.remote.http.W3CHttpResponseCodec.createException(W3CHttpResponseCodec.java:187)
	at org.openqa.selenium.remote.http.W3CHttpResponseCodec.decode(W3CHttpResponseCodec.java:122)
	at org.openqa.selenium.remote.http.W3CHttpResponseCodec.decode(W3CHttpResponseCodec.java:49)
	at org.openqa.selenium.remote.HttpCommandExecutor.execute(HttpCommandExecutor.java:158)
	at org.openqa.selenium.remote.service.DriverCommandExecutor.execute(DriverCommandExecutor.java:83)
	at org.openqa.selenium.remote.RemoteWebDriver.execute(RemoteWebDriver.java:552)
	at com.kms.katalon.selenium.driver.CChromeDriver.execute(CChromeDriver.java:19)
	at org.openqa.selenium.remote.RemoteWebDriver.findElements(RemoteWebDriver.java:353)
	at org.openqa.selenium.remote.RemoteWebDriver.findElementsByXPath(RemoteWebDriver.java:432)
	at org.openqa.selenium.By$ByXPath.findElements(By.java:348)
	at org.openqa.selenium.remote.RemoteWebDriver.findElements(RemoteWebDriver.java:311)
	at org.openqa.selenium.support.events.EventFiringWebDriver.lambda$new$1(EventFiringWebDriver.java:105)
	at com.sun.proxy.$Proxy8.findElements(Unknown Source)
	at org.openqa.selenium.support.events.EventFiringWebDriver.findElements(EventFiringWebDriver.java:182)
	at com.kms.katalon.core.webui.common.WebUiCommonHelper.findWebElements(WebUiCommonHelper.java:762)
	at com.kms.katalon.core.webui.common.WebUiCommonHelper.findWebElement(WebUiCommonHelper.java:1109)
	at com.kms.katalon.core.webui.keyword.internal.WebUIAbstractKeyword.findWebElement(WebUIAbstractKeyword.groovy:27)
	at com.kms.katalon.core.webui.keyword.internal.WebUIAbstractKeyword.findWebElement(WebUIAbstractKeyword.groovy:26)
	at com.kms.katalon.core.webui.keyword.builtin.ClickKeyword$_click_closure1.doCall(ClickKeyword.groovy:68)
	at com.kms.katalon.core.webui.keyword.builtin.ClickKeyword$_click_closure1.call(ClickKeyword.groovy)
	at com.kms.katalon.core.webui.keyword.internal.WebUIKeywordMain.runKeyword(WebUIKeywordMain.groovy:20)
	... 19 more
"/>
         <system-out><![CDATA[2019-12-19 14:06:26 - [TEST_CASE][FAILED] - Test Cases/Ejecutivo_Responsable/CriterioTecnico: Test Cases/Ejecutivo_Responsable/CriterioTecnico FAILED.
Reason:
com.kms.katalon.core.exception.StepFailedException: Unable to click on object 'Object Repository/CriterioTecnico/button_Guardar'
	at com.kms.katalon.core.webui.keyword.internal.WebUIKeywordMain.stepFailed(WebUIKeywordMain.groovy:64)
	at com.kms.katalon.core.webui.keyword.internal.WebUIKeywordMain.runKeyword(WebUIKeywordMain.groovy:26)
	at com.kms.katalon.core.webui.keyword.builtin.ClickKeyword.click(ClickKeyword.groovy:103)
	at com.kms.katalon.core.webui.keyword.builtin.ClickKeyword.execute(ClickKeyword.groovy:43)
	at com.kms.katalon.core.keyword.internal.KeywordExecutor.executeKeywordForPlatform(KeywordExecutor.groovy:60)
	at com.kms.katalon.core.webui.keyword.WebUiBuiltInKeywords.click(WebUiBuiltInKeywords.groovy:616)
	at com.kms.katalon.core.webui.keyword.WebUiBuiltInKeywords$click$2.call(Unknown Source)
	at CriterioTecnico.run(CriterioTecnico:35)
	at com.kms.katalon.core.main.ScriptEngine.run(ScriptEngine.java:194)
	at com.kms.katalon.core.main.ScriptEngine.runScriptAsRawText(ScriptEngine.java:119)
	at com.kms.katalon.core.main.TestCaseExecutor.runScript(TestCaseExecutor.java:337)
	at com.kms.katalon.core.main.TestCaseExecutor.doExecute(TestCaseExecutor.java:328)
	at com.kms.katalon.core.main.TestCaseExecutor.processExecutionPhase(TestCaseExecutor.java:307)
	at com.kms.katalon.core.main.TestCaseExecutor.accessMainPhase(TestCaseExecutor.java:299)
	at com.kms.katalon.core.main.TestCaseExecutor.execute(TestCaseExecutor.java:233)
	at com.kms.katalon.core.main.TestSuiteExecutor.accessTestCaseMainPhase(TestSuiteExecutor.java:169)
	at com.kms.katalon.core.main.TestSuiteExecutor.accessTestSuiteMainPhase(TestSuiteExecutor.java:142)
	at com.kms.katalon.core.main.TestSuiteExecutor.execute(TestSuiteExecutor.java:91)
	at com.kms.katalon.core.main.TestCaseMain.startTestSuite(TestCaseMain.java:157)
	at com.kms.katalon.core.main.TestCaseMain$startTestSuite$0.call(Unknown Source)
	at TempTestSuite1576781754247.run(TempTestSuite1576781754247.groovy:36)
Caused by: org.openqa.selenium.WebDriverException: chrome not reachable
  (Session info: chrome=79.0.3945.88)
Build info: version: '3.141.59', revision: 'e82be7d358', time: '2018-11-14T08:25:53'
System info: host: 'P-LGARCIAA', ip: '10.60.6.13', os.name: 'Windows 10', os.arch: 'amd64', os.version: '10.0', java.version: '1.8.0_181'
Driver info: com.kms.katalon.selenium.driver.CChromeDriver
Capabilities {acceptInsecureCerts: false, browserName: chrome, browserVersion: 79.0.3945.88, chrome: {chromedriverVersion: 78.0.3904.105 (60e2d8774a81..., userDataDir: C:\Users\lgarciaa\AppData\L...}, goog:chromeOptions: {debuggerAddress: localhost:59128}, javascriptEnabled: true, networkConnectionEnabled: false, pageLoadStrategy: normal, platform: XP, platformName: XP, proxy: Proxy(), setWindowRect: true, strictFileInteractability: false, timeouts: {implicit: 0, pageLoad: 300000, script: 30000}, unhandledPromptBehavior: dismiss and notify}
Session ID: e164e872394b0cf16434a5afb014729f
*** Element info: {Using=xpath, value=(//button[@type='button'])[34]}
	at org.openqa.selenium.remote.http.W3CHttpResponseCodec.createException(W3CHttpResponseCodec.java:187)
	at org.openqa.selenium.remote.http.W3CHttpResponseCodec.decode(W3CHttpResponseCodec.java:122)
	at org.openqa.selenium.remote.http.W3CHttpResponseCodec.decode(W3CHttpResponseCodec.java:49)
	at org.openqa.selenium.remote.HttpCommandExecutor.execute(HttpCommandExecutor.java:158)
	at org.openqa.selenium.remote.service.DriverCommandExecutor.execute(DriverCommandExecutor.java:83)
	at org.openqa.selenium.remote.RemoteWebDriver.execute(RemoteWebDriver.java:552)
	at com.kms.katalon.selenium.driver.CChromeDriver.execute(CChromeDriver.java:19)
	at org.openqa.selenium.remote.RemoteWebDriver.findElements(RemoteWebDriver.java:353)
	at org.openqa.selenium.remote.RemoteWebDriver.findElementsByXPath(RemoteWebDriver.java:432)
	at org.openqa.selenium.By$ByXPath.findElements(By.java:348)
	at org.openqa.selenium.remote.RemoteWebDriver.findElements(RemoteWebDriver.java:311)
	at org.openqa.selenium.support.events.EventFiringWebDriver.lambda$new$1(EventFiringWebDriver.java:105)
	at com.sun.proxy.$Proxy8.findElements(Unknown Source)
	at org.openqa.selenium.support.events.EventFiringWebDriver.findElements(EventFiringWebDriver.java:182)
	at com.kms.katalon.core.webui.common.WebUiCommonHelper.findWebElements(WebUiCommonHelper.java:762)
	at com.kms.katalon.core.webui.common.WebUiCommonHelper.findWebElement(WebUiCommonHelper.java:1109)
	at com.kms.katalon.core.webui.keyword.internal.WebUIAbstractKeyword.findWebElement(WebUIAbstractKeyword.groovy:27)
	at com.kms.katalon.core.webui.keyword.internal.WebUIAbstractKeyword.findWebElement(WebUIAbstractKeyword.groovy:26)
	at com.kms.katalon.core.webui.keyword.builtin.ClickKeyword$_click_closure1.doCall(ClickKeyword.groovy:68)
	at com.kms.katalon.core.webui.keyword.builtin.ClickKeyword$_click_closure1.call(ClickKeyword.groovy)
	at com.kms.katalon.core.webui.keyword.internal.WebUIKeywordMain.runKeyword(WebUIKeywordMain.groovy:20)
	... 19 more


2019-12-19 14:06:27 - [TEST_STEP][PASSED] - callTestCase(findTestCase("Representante/InicioSesion_AccesoCorreo"), [:], STOP_ON_FAILURE): Call Test Case 'Test Cases/Representante/InicioSesion_AccesoCorreo' successfully

2019-12-19 14:06:27 - [TEST_CASE][PASSED] - Test Cases/Representante/InicioSesion_AccesoCorreo: Test Cases/Representante/InicioSesion_AccesoCorreo

2019-12-19 14:06:27 - [TEST_STEP][PASSED] - openBrowser(""): Browser is opened with url: ''

2019-12-19 14:06:27 - [MESSAGE][WARNING] - A browser is already opened. Closing browser and opening a new one

2019-12-19 14:06:27 - [MESSAGE][INFO] - Starting 'Chrome' driver

2019-12-19 14:06:33 - [MESSAGE][PASSED] - Browser is opened with url: ''

2019-12-19 14:06:33 - [TEST_STEP][PASSED] - navigateToUrl("https://login.microsoftonline.com/common/oauth2/authorize?client_id=00000002-0000-0ff1-ce00-000000000000&redirect_uri=https%3a%2f%2foutlook.office365.com%2fowa%2f&resource=00000002-0000-0ff1-ce00-000000000000&response_mode=form_post&response_type=code+id_token&scope=openid&msafed=0&client-request-id=90e6bfa9-e6ec-46ab-82c3-1c848ab25309&protectedtoken=true&nonce=637105585405285449.f41578f0-f800-4006-b334-7ecc8f885085&state=DcsxEoAwCAVRouNxMD8GAh5HM9Jaen0p9nVbiGjNlqwgIRvdGlRdBXqkcu4hTc0DHA6wAIPv3oXtmdPDXeFa8t3q-131Bw"): Navigate to 'https://login.microsoftonline.com/common/oauth2/authorize?client_id=00000002-0000-0ff1-ce00-000000000000&redirect_uri=https%3a%2f%2foutlook.office365.com%2fowa%2f&resource=00000002-0000-0ff1-ce00-000000000000&response_mode=form_post&response_type=code+id_token&scope=openid&msafed=0&client-request-id=90e6bfa9-e6ec-46ab-82c3-1c848ab25309&protectedtoken=true&nonce=637105585405285449.f41578f0-f800-4006-b334-7ecc8f885085&state=DcsxEoAwCAVRouNxMD8GAh5HM9Jaen0p9nVbiGjNlqwgIRvdGlRdBXqkcu4hTc0DHA6wAIPv3oXtmdPDXeFa8t3q-131Bw' successfully

2019-12-19 14:06:35 - [MESSAGE][PASSED] - Navigate to 'https://login.microsoftonline.com/common/oauth2/authorize?client_id=00000002-0000-0ff1-ce00-000000000000&redirect_uri=https%3a%2f%2foutlook.office365.com%2fowa%2f&resource=00000002-0000-0ff1-ce00-000000000000&response_mode=form_post&response_type=code+id_token&scope=openid&msafed=0&client-request-id=90e6bfa9-e6ec-46ab-82c3-1c848ab25309&protectedtoken=true&nonce=637105585405285449.f41578f0-f800-4006-b334-7ecc8f885085&state=DcsxEoAwCAVRouNxMD8GAh5HM9Jaen0p9nVbiGjNlqwgIRvdGlRdBXqkcu4hTc0DHA6wAIPv3oXtmdPDXeFa8t3q-131Bw' successfully

2019-12-19 14:06:35 - [TEST_STEP][PASSED] - setText(findTestObject("Object Repository/Representante/input_to continue to Outlook_loginfmt"), "Lgarciaa@intergrupo.com"): Text 'Lgarciaa@intergrupo.com' is set on object 'Object Repository/Representante/input_to continue to Outlook_loginfmt'

2019-12-19 14:06:36 - [MESSAGE][PASSED] - Text 'Lgarciaa@intergrupo.com' is set on object 'Object Repository/Representante/input_to continue to Outlook_loginfmt'

2019-12-19 14:06:36 - [TEST_STEP][PASSED] - click(findTestObject("Object Repository/Representante/input_to continue to Outlook_idSIButton9")): Object: 'Object Repository/Representante/input_to continue to Outlook_idSIButton9' is clicked on

2019-12-19 14:06:36 - [MESSAGE][PASSED] - Object: 'Object Repository/Representante/input_to continue to Outlook_idSIButton9' is clicked on

2019-12-19 14:06:36 - [TEST_STEP][PASSED] - setEncryptedText(findTestObject("Object Repository/Representante/input_Enter password_passwd"), "ZOlv4XWAQZkh7wlYSNhOVA=="): Text ****** has been set on object 'Object Repository/Representante/input_Enter password_passwd'

2019-12-19 14:06:37 - [MESSAGE][PASSED] - Text ****** has been set on object 'Object Repository/Representante/input_Enter password_passwd'

2019-12-19 14:06:37 - [TEST_STEP][PASSED] - click(findTestObject("Object Repository/Representante/input_to continue to Outlook_idSIButton9")): Object: 'Object Repository/Representante/input_to continue to Outlook_idSIButton9' is clicked on

2019-12-19 14:06:38 - [MESSAGE][PASSED] - Object: 'Object Repository/Representante/input_to continue to Outlook_idSIButton9' is clicked on

2019-12-19 14:06:38 - [TEST_STEP][PASSED] - click(findTestObject("Object Repository/Representante/input_concat(Don  t show this again)_idBtn_Back")): Object: 'Object Repository/Representante/input_concat(Don  t show this again)_idBtn_Back' is clicked on

2019-12-19 14:06:42 - [MESSAGE][PASSED] - Object: 'Object Repository/Representante/input_concat(Don  t show this again)_idBtn_Back' is clicked on

2019-12-19 14:06:42 - [TEST_STEP][PASSED] - maximizeWindow(STOP_ON_FAILURE): Current window maximized

2019-12-19 14:06:46 - [MESSAGE][PASSED] - Current window maximized

2019-12-19 14:06:46 - [MESSAGE][INFO] - =================== Smart XPath Report =======================

2019-12-19 14:06:46 - [MESSAGE][INFO] - Refer to the link below to preview and approve auto healing on broken test objects.

2019-12-19 14:06:46 - [MESSAGE][INFO] - https://docs.katalon.com/katalon-studio/docs/auto-healing-smart-xpath.html

2019-12-19 14:06:46 - [MESSAGE][INFO] - ===============================================================

2019-12-19 14:06:46 - [MESSAGE][PASSED] - Call Test Case 'Test Cases/Representante/InicioSesion_AccesoCorreo' successfully

2019-12-19 14:06:46 - [TEST_STEP][PASSED] - click(findTestObject("CriterioTecnico/span_20191062 PRUEBA - APROBACIN CRITERIO TCNICO")): Object: 'Object Repository/CriterioTecnico/span_20191062 PRUEBA - APROBACIN CRITERIO TCNICO' is clicked on

2019-12-19 14:07:34 - [MESSAGE][INFO] - Unable to find the element located by 'By.xpath: //div[@id='AQAAAMjoylsBAAAA0EwIpwAAAAA=']/div/div/div/div[2]/div[2]/div/span'. Please recheck the objects properties to make sure the desired element is located. 

2019-12-19 14:07:34 - [MESSAGE][INFO] - [SMART_XPATH] Auto-trying out other XPath values in the test object.

2019-12-19 14:07:35 - [MESSAGE][INFO] - [SMART_XPATH] FAILED XPATH: '//div[@id='AQAAAMjoylsBAAAA0EwIpwAAAAA=']/div/div/div/div[2]/div[2]/div/span'.

2019-12-19 14:07:35 - [MESSAGE][INFO] - [SMART_XPATH] WORKING XPATH: '(.//*[normalize-space(text()) and normalize-space(.)='cafpruebassp@intergrupo.com'])[1]/following::span[5]'.

2019-12-19 14:07:35 - [MESSAGE][INFO] - [SMART_XPATH] Screenshot: F:/Proyectos/CAF_FlujoCorrespondencia/Reports/smart_xpath/Object Repository/CriterioTecnico/span_20191062 PRUEBA - APROBACIN CRITERIO TCNICO_neighbor_9.png

2019-12-19 14:07:36 - [MESSAGE][INFO] - [SMART_XPATH] WORKING XPATH: '(.//*[normalize-space(text()) and normalize-space(.)='C'])[1]/following::span[6]'.

2019-12-19 14:07:36 - [MESSAGE][INFO] - [SMART_XPATH] Screenshot: F:/Proyectos/CAF_FlujoCorrespondencia/Reports/smart_xpath/Object Repository/CriterioTecnico/span_20191062 PRUEBA - APROBACIN CRITERIO TCNICO_neighbor_10.png

2019-12-19 14:07:37 - [MESSAGE][INFO] - [SMART_XPATH] WORKING XPATH: '(.//*[normalize-space(text()) and normalize-space(.)='C'])[2]/preceding::span[3]'.

2019-12-19 14:07:37 - [MESSAGE][INFO] - [SMART_XPATH] Screenshot: F:/Proyectos/CAF_FlujoCorrespondencia/Reports/smart_xpath/Object Repository/CriterioTecnico/span_20191062 PRUEBA - APROBACIN CRITERIO TCNICO_neighbor_11.png

2019-12-19 14:07:38 - [MESSAGE][INFO] - [SMART_XPATH] WORKING XPATH: '(.//*[normalize-space(text()) and normalize-space(.)='cafpruebassp@intergrupo.com'])[2]/preceding::span[4]'.

2019-12-19 14:07:38 - [MESSAGE][INFO] - [SMART_XPATH] Screenshot: F:/Proyectos/CAF_FlujoCorrespondencia/Reports/smart_xpath/Object Repository/CriterioTecnico/span_20191062 PRUEBA - APROBACIN CRITERIO TCNICO_neighbor_12.png

2019-12-19 14:07:38 - [MESSAGE][INFO] - [SMART_XPATH] WORKING XPATH: '//*/text()[normalize-space(.)='[20191062] PRUEBA - APROBACIÓN CRITERIO TÉCNICO']/parent::*'.

2019-12-19 14:07:39 - [MESSAGE][INFO] - [SMART_XPATH] Screenshot: F:/Proyectos/CAF_FlujoCorrespondencia/Reports/smart_xpath/Object Repository/CriterioTecnico/span_20191062 PRUEBA - APROBACIN CRITERIO TCNICO_neighbor_13.png

2019-12-19 14:07:39 - [MESSAGE][INFO] - [SMART_XPATH] WORKING XPATH: '//div/div[2]/div/div/div/div/div/div[2]/div/div/div/div[2]/div[2]/div/span'.

2019-12-19 14:07:40 - [MESSAGE][INFO] - [SMART_XPATH] Screenshot: F:/Proyectos/CAF_FlujoCorrespondencia/Reports/smart_xpath/Object Repository/CriterioTecnico/span_20191062 PRUEBA - APROBACIN CRITERIO TCNICO_position.png

2019-12-19 14:07:40 - [MESSAGE][ERROR] - [SMART_XPATH] F:\Proyectos\CAF_FlujoCorrespondencia\Reports\smart_xpath\waiting-for-approval.json (The system cannot find the file specified)

2019-12-19 14:07:40 - [MESSAGE][ERROR] - [SMART_XPATH] F:/Proyectos/CAF_FlujoCorrespondencia/Reports/smart_xpath/waiting-for-approval.json does not exist or is provided by Smart XPath Plugin!

2019-12-19 14:07:40 - [MESSAGE][INFO] - [SMART_XPATH] Selected Smart XPath: '(.//*[normalize-space(text()) and normalize-space(.)='cafpruebassp@intergrupo.com'])[1]/following::span[5]'.

2019-12-19 14:07:40 - [MESSAGE][INFO] - [SMART_XPATH] Continuing executing the test case!

2019-12-19 14:07:40 - [MESSAGE][PASSED] - Object: 'Object Repository/CriterioTecnico/span_20191062 PRUEBA - APROBACIN CRITERIO TCNICO' is clicked on

2019-12-19 14:07:40 - [TEST_STEP][PASSED] - click(findTestObject("CriterioTecnico/a_CORRESPONDENCIA")): Object: 'Object Repository/CriterioTecnico/a_CORRESPONDENCIA' is clicked on

2019-12-19 14:07:44 - [MESSAGE][PASSED] - Object: 'Object Repository/CriterioTecnico/a_CORRESPONDENCIA' is clicked on

2019-12-19 14:07:44 - [TEST_STEP][PASSED] - switchToWindowTitle("Control Correspondencia - 20191062"): Switched to window with title: 'Control Correspondencia - 20191062'

2019-12-19 14:07:49 - [MESSAGE][PASSED] - Switched to window with title: 'Control Correspondencia - 20191062'

2019-12-19 14:07:49 - [TEST_STEP][PASSED] - click(findTestObject("CriterioTecnico/button_Completar tarea de aprobacin_Toggle25")): Object: 'Object Repository/CriterioTecnico/button_Completar tarea de aprobacin_Toggle25' is clicked on

2019-12-19 14:07:49 - [MESSAGE][PASSED] - Object: 'Object Repository/CriterioTecnico/button_Completar tarea de aprobacin_Toggle25' is clicked on

2019-12-19 14:07:49 - [TEST_STEP][PASSED] - click(findTestObject("CriterioTecnico/label_Aprobar")): Object: 'Object Repository/CriterioTecnico/label_Aprobar' is clicked on

2019-12-19 14:07:50 - [MESSAGE][PASSED] - Object: 'Object Repository/CriterioTecnico/label_Aprobar' is clicked on

2019-12-19 14:07:50 - [TEST_STEP][PASSED] - delay(3): Delayed 3 second(s)

2019-12-19 14:07:53 - [MESSAGE][PASSED] - Delayed 3 second(s)

2019-12-19 14:07:53 - [TEST_STEP][PASSED] - click(findTestObject("CriterioTecnico/div_Guardar")): Object: 'Object Repository/CriterioTecnico/div_Guardar' is clicked on

2019-12-19 14:07:53 - [MESSAGE][PASSED] - Object: 'Object Repository/CriterioTecnico/div_Guardar' is clicked on

2019-12-19 14:07:53 - [TEST_STEP][FAILED] - click(findTestObject("CriterioTecnico/button_Guardar")): Unable to click on object 'Object Repository/CriterioTecnico/button_Guardar' (Root cause: com.kms.katalon.core.exception.StepFailedException: Unable to click on object 'Object Repository/CriterioTecnico/button_Guardar'
	at com.kms.katalon.core.webui.keyword.internal.WebUIKeywordMain.stepFailed(WebUIKeywordMain.groovy:64)
	at com.kms.katalon.core.webui.keyword.internal.WebUIKeywordMain.runKeyword(WebUIKeywordMain.groovy:26)
	at com.kms.katalon.core.webui.keyword.builtin.ClickKeyword.click(ClickKeyword.groovy:103)
	at com.kms.katalon.core.webui.keyword.builtin.ClickKeyword.execute(ClickKeyword.groovy:43)
	at com.kms.katalon.core.keyword.internal.KeywordExecutor.executeKeywordForPlatform(KeywordExecutor.groovy:60)
	at com.kms.katalon.core.webui.keyword.WebUiBuiltInKeywords.click(WebUiBuiltInKeywords.groovy:616)
	at com.kms.katalon.core.webui.keyword.WebUiBuiltInKeywords$click$2.call(Unknown Source)
	at CriterioTecnico.run(CriterioTecnico:35)
	at com.kms.katalon.core.main.ScriptEngine.run(ScriptEngine.java:194)
	at com.kms.katalon.core.main.ScriptEngine.runScriptAsRawText(ScriptEngine.java:119)
	at com.kms.katalon.core.main.TestCaseExecutor.runScript(TestCaseExecutor.java:337)
	at com.kms.katalon.core.main.TestCaseExecutor.doExecute(TestCaseExecutor.java:328)
	at com.kms.katalon.core.main.TestCaseExecutor.processExecutionPhase(TestCaseExecutor.java:307)
	at com.kms.katalon.core.main.TestCaseExecutor.accessMainPhase(TestCaseExecutor.java:299)
	at com.kms.katalon.core.main.TestCaseExecutor.execute(TestCaseExecutor.java:233)
	at com.kms.katalon.core.main.TestSuiteExecutor.accessTestCaseMainPhase(TestSuiteExecutor.java:169)
	at com.kms.katalon.core.main.TestSuiteExecutor.accessTestSuiteMainPhase(TestSuiteExecutor.java:142)
	at com.kms.katalon.core.main.TestSuiteExecutor.execute(TestSuiteExecutor.java:91)
	at com.kms.katalon.core.main.TestCaseMain.startTestSuite(TestCaseMain.java:157)
	at com.kms.katalon.core.main.TestCaseMain$startTestSuite$0.call(Unknown Source)
	at TempTestSuite1576781754247.run(TempTestSuite1576781754247.groovy:36)
Caused by: org.openqa.selenium.WebDriverException: chrome not reachable
  (Session info: chrome=79.0.3945.88)
Build info: version: '3.141.59', revision: 'e82be7d358', time: '2018-11-14T08:25:53'
System info: host: 'P-LGARCIAA', ip: '10.60.6.13', os.name: 'Windows 10', os.arch: 'amd64', os.version: '10.0', java.version: '1.8.0_181'
Driver info: com.kms.katalon.selenium.driver.CChromeDriver
Capabilities {acceptInsecureCerts: false, browserName: chrome, browserVersion: 79.0.3945.88, chrome: {chromedriverVersion: 78.0.3904.105 (60e2d8774a81..., userDataDir: C:\Users\lgarciaa\AppData\L...}, goog:chromeOptions: {debuggerAddress: localhost:59128}, javascriptEnabled: true, networkConnectionEnabled: false, pageLoadStrategy: normal, platform: XP, platformName: XP, proxy: Proxy(), setWindowRect: true, strictFileInteractability: false, timeouts: {implicit: 0, pageLoad: 300000, script: 30000}, unhandledPromptBehavior: dismiss and notify}
Session ID: e164e872394b0cf16434a5afb014729f
*** Element info: {Using=xpath, value=(//button[@type='button'])[34]}
	at org.openqa.selenium.remote.http.W3CHttpResponseCodec.createException(W3CHttpResponseCodec.java:187)
	at org.openqa.selenium.remote.http.W3CHttpResponseCodec.decode(W3CHttpResponseCodec.java:122)
	at org.openqa.selenium.remote.http.W3CHttpResponseCodec.decode(W3CHttpResponseCodec.java:49)
	at org.openqa.selenium.remote.HttpCommandExecutor.execute(HttpCommandExecutor.java:158)
	at org.openqa.selenium.remote.service.DriverCommandExecutor.execute(DriverCommandExecutor.java:83)
	at org.openqa.selenium.remote.RemoteWebDriver.execute(RemoteWebDriver.java:552)
	at com.kms.katalon.selenium.driver.CChromeDriver.execute(CChromeDriver.java:19)
	at org.openqa.selenium.remote.RemoteWebDriver.findElements(RemoteWebDriver.java:353)
	at org.openqa.selenium.remote.RemoteWebDriver.findElementsByXPath(RemoteWebDriver.java:432)
	at org.openqa.selenium.By$ByXPath.findElements(By.java:348)
	at org.openqa.selenium.remote.RemoteWebDriver.findElements(RemoteWebDriver.java:311)
	at org.openqa.selenium.support.events.EventFiringWebDriver.lambda$new$1(EventFiringWebDriver.java:105)
	at com.sun.proxy.$Proxy8.findElements(Unknown Source)
	at org.openqa.selenium.support.events.EventFiringWebDriver.findElements(EventFiringWebDriver.java:182)
	at com.kms.katalon.core.webui.common.WebUiCommonHelper.findWebElements(WebUiCommonHelper.java:762)
	at com.kms.katalon.core.webui.common.WebUiCommonHelper.findWebElement(WebUiCommonHelper.java:1109)
	at com.kms.katalon.core.webui.keyword.internal.WebUIAbstractKeyword.findWebElement(WebUIAbstractKeyword.groovy:27)
	at com.kms.katalon.core.webui.keyword.internal.WebUIAbstractKeyword.findWebElement(WebUIAbstractKeyword.groovy:26)
	at com.kms.katalon.core.webui.keyword.builtin.ClickKeyword$_click_closure1.doCall(ClickKeyword.groovy:68)
	at com.kms.katalon.core.webui.keyword.builtin.ClickKeyword$_click_closure1.call(ClickKeyword.groovy)
	at com.kms.katalon.core.webui.keyword.internal.WebUIKeywordMain.runKeyword(WebUIKeywordMain.groovy:20)
	at com.kms.katalon.core.webui.keyword.builtin.ClickKeyword.click(ClickKeyword.groovy:103)
	at com.kms.katalon.core.webui.keyword.builtin.ClickKeyword.execute(ClickKeyword.groovy:43)
	at com.kms.katalon.core.keyword.internal.KeywordExecutor.executeKeywordForPlatform(KeywordExecutor.groovy:60)
	at com.kms.katalon.core.webui.keyword.WebUiBuiltInKeywords.click(WebUiBuiltInKeywords.groovy:616)
	at com.kms.katalon.core.webui.keyword.WebUiBuiltInKeywords$click$2.call(Unknown Source)
	at Script1575391245116.run(Script1575391245116.groovy:35)
	... 13 more
)

2019-12-19 14:08:42 - [MESSAGE][WARNING] - Cannot take screenshot

2019-12-19 14:08:42 - [MESSAGE][FAILED] - Unable to click on object 'Object Repository/CriterioTecnico/button_Guardar' (Root cause: com.kms.katalon.core.exception.StepFailedException: Unable to click on object 'Object Repository/CriterioTecnico/button_Guardar'
	at com.kms.katalon.core.webui.keyword.internal.WebUIKeywordMain.stepFailed(WebUIKeywordMain.groovy:64)
	at com.kms.katalon.core.webui.keyword.internal.WebUIKeywordMain.runKeyword(WebUIKeywordMain.groovy:26)
	at com.kms.katalon.core.webui.keyword.builtin.ClickKeyword.click(ClickKeyword.groovy:103)
	at com.kms.katalon.core.webui.keyword.builtin.ClickKeyword.execute(ClickKeyword.groovy:43)
	at com.kms.katalon.core.keyword.internal.KeywordExecutor.executeKeywordForPlatform(KeywordExecutor.groovy:60)
	at com.kms.katalon.core.webui.keyword.WebUiBuiltInKeywords.click(WebUiBuiltInKeywords.groovy:616)
	at com.kms.katalon.core.webui.keyword.WebUiBuiltInKeywords$click$2.call(Unknown Source)
	at CriterioTecnico.run(CriterioTecnico:35)
	at com.kms.katalon.core.main.ScriptEngine.run(ScriptEngine.java:194)
	at com.kms.katalon.core.main.ScriptEngine.runScriptAsRawText(ScriptEngine.java:119)
	at com.kms.katalon.core.main.TestCaseExecutor.runScript(TestCaseExecutor.java:337)
	at com.kms.katalon.core.main.TestCaseExecutor.doExecute(TestCaseExecutor.java:328)
	at com.kms.katalon.core.main.TestCaseExecutor.processExecutionPhase(TestCaseExecutor.java:307)
	at com.kms.katalon.core.main.TestCaseExecutor.accessMainPhase(TestCaseExecutor.java:299)
	at com.kms.katalon.core.main.TestCaseExecutor.execute(TestCaseExecutor.java:233)
	at com.kms.katalon.core.main.TestSuiteExecutor.accessTestCaseMainPhase(TestSuiteExecutor.java:169)
	at com.kms.katalon.core.main.TestSuiteExecutor.accessTestSuiteMainPhase(TestSuiteExecutor.java:142)
	at com.kms.katalon.core.main.TestSuiteExecutor.execute(TestSuiteExecutor.java:91)
	at com.kms.katalon.core.main.TestCaseMain.startTestSuite(TestCaseMain.java:157)
	at com.kms.katalon.core.main.TestCaseMain$startTestSuite$0.call(Unknown Source)
	at TempTestSuite1576781754247.run(TempTestSuite1576781754247.groovy:36)
Caused by: org.openqa.selenium.WebDriverException: chrome not reachable
  (Session info: chrome=79.0.3945.88)
Build info: version: '3.141.59', revision: 'e82be7d358', time: '2018-11-14T08:25:53'
System info: host: 'P-LGARCIAA', ip: '10.60.6.13', os.name: 'Windows 10', os.arch: 'amd64', os.version: '10.0', java.version: '1.8.0_181'
Driver info: com.kms.katalon.selenium.driver.CChromeDriver
Capabilities {acceptInsecureCerts: false, browserName: chrome, browserVersion: 79.0.3945.88, chrome: {chromedriverVersion: 78.0.3904.105 (60e2d8774a81..., userDataDir: C:\Users\lgarciaa\AppData\L...}, goog:chromeOptions: {debuggerAddress: localhost:59128}, javascriptEnabled: true, networkConnectionEnabled: false, pageLoadStrategy: normal, platform: XP, platformName: XP, proxy: Proxy(), setWindowRect: true, strictFileInteractability: false, timeouts: {implicit: 0, pageLoad: 300000, script: 30000}, unhandledPromptBehavior: dismiss and notify}
Session ID: e164e872394b0cf16434a5afb014729f
*** Element info: {Using=xpath, value=(//button[@type='button'])[34]}
	at org.openqa.selenium.remote.http.W3CHttpResponseCodec.createException(W3CHttpResponseCodec.java:187)
	at org.openqa.selenium.remote.http.W3CHttpResponseCodec.decode(W3CHttpResponseCodec.java:122)
	at org.openqa.selenium.remote.http.W3CHttpResponseCodec.decode(W3CHttpResponseCodec.java:49)
	at org.openqa.selenium.remote.HttpCommandExecutor.execute(HttpCommandExecutor.java:158)
	at org.openqa.selenium.remote.service.DriverCommandExecutor.execute(DriverCommandExecutor.java:83)
	at org.openqa.selenium.remote.RemoteWebDriver.execute(RemoteWebDriver.java:552)
	at com.kms.katalon.selenium.driver.CChromeDriver.execute(CChromeDriver.java:19)
	at org.openqa.selenium.remote.RemoteWebDriver.findElements(RemoteWebDriver.java:353)
	at org.openqa.selenium.remote.RemoteWebDriver.findElementsByXPath(RemoteWebDriver.java:432)
	at org.openqa.selenium.By$ByXPath.findElements(By.java:348)
	at org.openqa.selenium.remote.RemoteWebDriver.findElements(RemoteWebDriver.java:311)
	at org.openqa.selenium.support.events.EventFiringWebDriver.lambda$new$1(EventFiringWebDriver.java:105)
	at com.sun.proxy.$Proxy8.findElements(Unknown Source)
	at org.openqa.selenium.support.events.EventFiringWebDriver.findElements(EventFiringWebDriver.java:182)
	at com.kms.katalon.core.webui.common.WebUiCommonHelper.findWebElements(WebUiCommonHelper.java:762)
	at com.kms.katalon.core.webui.common.WebUiCommonHelper.findWebElement(WebUiCommonHelper.java:1109)
	at com.kms.katalon.core.webui.keyword.internal.WebUIAbstractKeyword.findWebElement(WebUIAbstractKeyword.groovy:27)
	at com.kms.katalon.core.webui.keyword.internal.WebUIAbstractKeyword.findWebElement(WebUIAbstractKeyword.groovy:26)
	at com.kms.katalon.core.webui.keyword.builtin.ClickKeyword$_click_closure1.doCall(ClickKeyword.groovy:68)
	at com.kms.katalon.core.webui.keyword.builtin.ClickKeyword$_click_closure1.call(ClickKeyword.groovy)
	at com.kms.katalon.core.webui.keyword.internal.WebUIKeywordMain.runKeyword(WebUIKeywordMain.groovy:20)
	at com.kms.katalon.core.webui.keyword.builtin.ClickKeyword.click(ClickKeyword.groovy:103)
	at com.kms.katalon.core.webui.keyword.builtin.ClickKeyword.execute(ClickKeyword.groovy:43)
	at com.kms.katalon.core.keyword.internal.KeywordExecutor.executeKeywordForPlatform(KeywordExecutor.groovy:60)
	at com.kms.katalon.core.webui.keyword.WebUiBuiltInKeywords.click(WebUiBuiltInKeywords.groovy:616)
	at com.kms.katalon.core.webui.keyword.WebUiBuiltInKeywords$click$2.call(Unknown Source)
	at Script1575391245116.run(Script1575391245116.groovy:35)
	... 13 more
)]]></system-out>
         <system-err><![CDATA[2019-12-19 14:06:26 - [TEST_CASE][FAILED] - Test Cases/Ejecutivo_Responsable/CriterioTecnico: Test Cases/Ejecutivo_Responsable/CriterioTecnico FAILED.
Reason:
com.kms.katalon.core.exception.StepFailedException: Unable to click on object 'Object Repository/CriterioTecnico/button_Guardar'
	at com.kms.katalon.core.webui.keyword.internal.WebUIKeywordMain.stepFailed(WebUIKeywordMain.groovy:64)
	at com.kms.katalon.core.webui.keyword.internal.WebUIKeywordMain.runKeyword(WebUIKeywordMain.groovy:26)
	at com.kms.katalon.core.webui.keyword.builtin.ClickKeyword.click(ClickKeyword.groovy:103)
	at com.kms.katalon.core.webui.keyword.builtin.ClickKeyword.execute(ClickKeyword.groovy:43)
	at com.kms.katalon.core.keyword.internal.KeywordExecutor.executeKeywordForPlatform(KeywordExecutor.groovy:60)
	at com.kms.katalon.core.webui.keyword.WebUiBuiltInKeywords.click(WebUiBuiltInKeywords.groovy:616)
	at com.kms.katalon.core.webui.keyword.WebUiBuiltInKeywords$click$2.call(Unknown Source)
	at CriterioTecnico.run(CriterioTecnico:35)
	at com.kms.katalon.core.main.ScriptEngine.run(ScriptEngine.java:194)
	at com.kms.katalon.core.main.ScriptEngine.runScriptAsRawText(ScriptEngine.java:119)
	at com.kms.katalon.core.main.TestCaseExecutor.runScript(TestCaseExecutor.java:337)
	at com.kms.katalon.core.main.TestCaseExecutor.doExecute(TestCaseExecutor.java:328)
	at com.kms.katalon.core.main.TestCaseExecutor.processExecutionPhase(TestCaseExecutor.java:307)
	at com.kms.katalon.core.main.TestCaseExecutor.accessMainPhase(TestCaseExecutor.java:299)
	at com.kms.katalon.core.main.TestCaseExecutor.execute(TestCaseExecutor.java:233)
	at com.kms.katalon.core.main.TestSuiteExecutor.accessTestCaseMainPhase(TestSuiteExecutor.java:169)
	at com.kms.katalon.core.main.TestSuiteExecutor.accessTestSuiteMainPhase(TestSuiteExecutor.java:142)
	at com.kms.katalon.core.main.TestSuiteExecutor.execute(TestSuiteExecutor.java:91)
	at com.kms.katalon.core.main.TestCaseMain.startTestSuite(TestCaseMain.java:157)
	at com.kms.katalon.core.main.TestCaseMain$startTestSuite$0.call(Unknown Source)
	at TempTestSuite1576781754247.run(TempTestSuite1576781754247.groovy:36)
Caused by: org.openqa.selenium.WebDriverException: chrome not reachable
  (Session info: chrome=79.0.3945.88)
Build info: version: '3.141.59', revision: 'e82be7d358', time: '2018-11-14T08:25:53'
System info: host: 'P-LGARCIAA', ip: '10.60.6.13', os.name: 'Windows 10', os.arch: 'amd64', os.version: '10.0', java.version: '1.8.0_181'
Driver info: com.kms.katalon.selenium.driver.CChromeDriver
Capabilities {acceptInsecureCerts: false, browserName: chrome, browserVersion: 79.0.3945.88, chrome: {chromedriverVersion: 78.0.3904.105 (60e2d8774a81..., userDataDir: C:\Users\lgarciaa\AppData\L...}, goog:chromeOptions: {debuggerAddress: localhost:59128}, javascriptEnabled: true, networkConnectionEnabled: false, pageLoadStrategy: normal, platform: XP, platformName: XP, proxy: Proxy(), setWindowRect: true, strictFileInteractability: false, timeouts: {implicit: 0, pageLoad: 300000, script: 30000}, unhandledPromptBehavior: dismiss and notify}
Session ID: e164e872394b0cf16434a5afb014729f
*** Element info: {Using=xpath, value=(//button[@type='button'])[34]}
	at org.openqa.selenium.remote.http.W3CHttpResponseCodec.createException(W3CHttpResponseCodec.java:187)
	at org.openqa.selenium.remote.http.W3CHttpResponseCodec.decode(W3CHttpResponseCodec.java:122)
	at org.openqa.selenium.remote.http.W3CHttpResponseCodec.decode(W3CHttpResponseCodec.java:49)
	at org.openqa.selenium.remote.HttpCommandExecutor.execute(HttpCommandExecutor.java:158)
	at org.openqa.selenium.remote.service.DriverCommandExecutor.execute(DriverCommandExecutor.java:83)
	at org.openqa.selenium.remote.RemoteWebDriver.execute(RemoteWebDriver.java:552)
	at com.kms.katalon.selenium.driver.CChromeDriver.execute(CChromeDriver.java:19)
	at org.openqa.selenium.remote.RemoteWebDriver.findElements(RemoteWebDriver.java:353)
	at org.openqa.selenium.remote.RemoteWebDriver.findElementsByXPath(RemoteWebDriver.java:432)
	at org.openqa.selenium.By$ByXPath.findElements(By.java:348)
	at org.openqa.selenium.remote.RemoteWebDriver.findElements(RemoteWebDriver.java:311)
	at org.openqa.selenium.support.events.EventFiringWebDriver.lambda$new$1(EventFiringWebDriver.java:105)
	at com.sun.proxy.$Proxy8.findElements(Unknown Source)
	at org.openqa.selenium.support.events.EventFiringWebDriver.findElements(EventFiringWebDriver.java:182)
	at com.kms.katalon.core.webui.common.WebUiCommonHelper.findWebElements(WebUiCommonHelper.java:762)
	at com.kms.katalon.core.webui.common.WebUiCommonHelper.findWebElement(WebUiCommonHelper.java:1109)
	at com.kms.katalon.core.webui.keyword.internal.WebUIAbstractKeyword.findWebElement(WebUIAbstractKeyword.groovy:27)
	at com.kms.katalon.core.webui.keyword.internal.WebUIAbstractKeyword.findWebElement(WebUIAbstractKeyword.groovy:26)
	at com.kms.katalon.core.webui.keyword.builtin.ClickKeyword$_click_closure1.doCall(ClickKeyword.groovy:68)
	at com.kms.katalon.core.webui.keyword.builtin.ClickKeyword$_click_closure1.call(ClickKeyword.groovy)
	at com.kms.katalon.core.webui.keyword.internal.WebUIKeywordMain.runKeyword(WebUIKeywordMain.groovy:20)
	... 19 more]]></system-err>
      </testcase>
      <testcase name="Test Cases/Ejecutivo_Responsable/EjecutivoResponsable2" time="104.391" classname="Test Cases/Ejecutivo_Responsable/EjecutivoResponsable2" status="FAILED">
         <failure type="FAILED" message="Test Cases/Ejecutivo_Responsable/EjecutivoResponsable2 FAILED.
Reason:
com.kms.katalon.core.exception.StepFailedException: Unable to click on object 'Object Repository/EjecutivoResponsable2/button_Guardar'
	at com.kms.katalon.core.webui.keyword.internal.WebUIKeywordMain.stepFailed(WebUIKeywordMain.groovy:64)
	at com.kms.katalon.core.webui.keyword.internal.WebUIKeywordMain.runKeyword(WebUIKeywordMain.groovy:26)
	at com.kms.katalon.core.webui.keyword.builtin.ClickKeyword.click(ClickKeyword.groovy:103)
	at com.kms.katalon.core.webui.keyword.builtin.ClickKeyword.execute(ClickKeyword.groovy:43)
	at com.kms.katalon.core.keyword.internal.KeywordExecutor.executeKeywordForPlatform(KeywordExecutor.groovy:60)
	at com.kms.katalon.core.webui.keyword.WebUiBuiltInKeywords.click(WebUiBuiltInKeywords.groovy:616)
	at com.kms.katalon.core.webui.keyword.WebUiBuiltInKeywords$click$2.call(Unknown Source)
	at EjecutivoResponsable2.run(EjecutivoResponsable2:39)
	at com.kms.katalon.core.main.ScriptEngine.run(ScriptEngine.java:194)
	at com.kms.katalon.core.main.ScriptEngine.runScriptAsRawText(ScriptEngine.java:119)
	at com.kms.katalon.core.main.TestCaseExecutor.runScript(TestCaseExecutor.java:337)
	at com.kms.katalon.core.main.TestCaseExecutor.doExecute(TestCaseExecutor.java:328)
	at com.kms.katalon.core.main.TestCaseExecutor.processExecutionPhase(TestCaseExecutor.java:307)
	at com.kms.katalon.core.main.TestCaseExecutor.accessMainPhase(TestCaseExecutor.java:299)
	at com.kms.katalon.core.main.TestCaseExecutor.execute(TestCaseExecutor.java:233)
	at com.kms.katalon.core.main.TestSuiteExecutor.accessTestCaseMainPhase(TestSuiteExecutor.java:169)
	at com.kms.katalon.core.main.TestSuiteExecutor.accessTestSuiteMainPhase(TestSuiteExecutor.java:142)
	at com.kms.katalon.core.main.TestSuiteExecutor.execute(TestSuiteExecutor.java:91)
	at com.kms.katalon.core.main.TestCaseMain.startTestSuite(TestCaseMain.java:157)
	at com.kms.katalon.core.main.TestCaseMain$startTestSuite$0.call(Unknown Source)
	at TempTestSuite1576781754247.run(TempTestSuite1576781754247.groovy:36)
Caused by: org.openqa.selenium.NoSuchWindowException: no such window: target window already closed
from unknown error: web view not found
  (Session info: chrome=79.0.3945.88)
Build info: version: '3.141.59', revision: 'e82be7d358', time: '2018-11-14T08:25:53'
System info: host: 'P-LGARCIAA', ip: '10.60.6.13', os.name: 'Windows 10', os.arch: 'amd64', os.version: '10.0', java.version: '1.8.0_181'
Driver info: com.kms.katalon.selenium.driver.CChromeDriver
Capabilities {acceptInsecureCerts: false, browserName: chrome, browserVersion: 79.0.3945.88, chrome: {chromedriverVersion: 78.0.3904.105 (60e2d8774a81..., userDataDir: C:\Users\lgarciaa\AppData\L...}, goog:chromeOptions: {debuggerAddress: localhost:59306}, javascriptEnabled: true, networkConnectionEnabled: false, pageLoadStrategy: normal, platform: XP, platformName: XP, proxy: Proxy(), setWindowRect: true, strictFileInteractability: false, timeouts: {implicit: 0, pageLoad: 300000, script: 30000}, unhandledPromptBehavior: dismiss and notify}
Session ID: 7a9299ccc16b9ee19a287dc46f062e95
*** Element info: {Using=xpath, value=(//button[@type='button'])[34]}
	at org.openqa.selenium.remote.http.W3CHttpResponseCodec.createException(W3CHttpResponseCodec.java:187)
	at org.openqa.selenium.remote.http.W3CHttpResponseCodec.decode(W3CHttpResponseCodec.java:122)
	at org.openqa.selenium.remote.http.W3CHttpResponseCodec.decode(W3CHttpResponseCodec.java:49)
	at org.openqa.selenium.remote.HttpCommandExecutor.execute(HttpCommandExecutor.java:158)
	at org.openqa.selenium.remote.service.DriverCommandExecutor.execute(DriverCommandExecutor.java:83)
	at org.openqa.selenium.remote.RemoteWebDriver.execute(RemoteWebDriver.java:552)
	at com.kms.katalon.selenium.driver.CChromeDriver.execute(CChromeDriver.java:19)
	at org.openqa.selenium.remote.RemoteWebDriver.findElements(RemoteWebDriver.java:353)
	at org.openqa.selenium.remote.RemoteWebDriver.findElementsByXPath(RemoteWebDriver.java:432)
	at org.openqa.selenium.By$ByXPath.findElements(By.java:348)
	at org.openqa.selenium.remote.RemoteWebDriver.findElements(RemoteWebDriver.java:311)
	at org.openqa.selenium.support.events.EventFiringWebDriver.lambda$new$1(EventFiringWebDriver.java:105)
	at com.sun.proxy.$Proxy8.findElements(Unknown Source)
	at org.openqa.selenium.support.events.EventFiringWebDriver.findElements(EventFiringWebDriver.java:182)
	at com.kms.katalon.core.webui.common.WebUiCommonHelper.findWebElements(WebUiCommonHelper.java:762)
	at com.kms.katalon.core.webui.common.WebUiCommonHelper.findWebElement(WebUiCommonHelper.java:1109)
	at com.kms.katalon.core.webui.keyword.internal.WebUIAbstractKeyword.findWebElement(WebUIAbstractKeyword.groovy:27)
	at com.kms.katalon.core.webui.keyword.internal.WebUIAbstractKeyword.findWebElement(WebUIAbstractKeyword.groovy:26)
	at com.kms.katalon.core.webui.keyword.builtin.ClickKeyword$_click_closure1.doCall(ClickKeyword.groovy:68)
	at com.kms.katalon.core.webui.keyword.builtin.ClickKeyword$_click_closure1.call(ClickKeyword.groovy)
	at com.kms.katalon.core.webui.keyword.internal.WebUIKeywordMain.runKeyword(WebUIKeywordMain.groovy:20)
	... 19 more
"/>
         <system-out><![CDATA[2019-12-19 14:08:42 - [TEST_CASE][FAILED] - Test Cases/Ejecutivo_Responsable/EjecutivoResponsable2: Test Cases/Ejecutivo_Responsable/EjecutivoResponsable2 FAILED.
Reason:
com.kms.katalon.core.exception.StepFailedException: Unable to click on object 'Object Repository/EjecutivoResponsable2/button_Guardar'
	at com.kms.katalon.core.webui.keyword.internal.WebUIKeywordMain.stepFailed(WebUIKeywordMain.groovy:64)
	at com.kms.katalon.core.webui.keyword.internal.WebUIKeywordMain.runKeyword(WebUIKeywordMain.groovy:26)
	at com.kms.katalon.core.webui.keyword.builtin.ClickKeyword.click(ClickKeyword.groovy:103)
	at com.kms.katalon.core.webui.keyword.builtin.ClickKeyword.execute(ClickKeyword.groovy:43)
	at com.kms.katalon.core.keyword.internal.KeywordExecutor.executeKeywordForPlatform(KeywordExecutor.groovy:60)
	at com.kms.katalon.core.webui.keyword.WebUiBuiltInKeywords.click(WebUiBuiltInKeywords.groovy:616)
	at com.kms.katalon.core.webui.keyword.WebUiBuiltInKeywords$click$2.call(Unknown Source)
	at EjecutivoResponsable2.run(EjecutivoResponsable2:39)
	at com.kms.katalon.core.main.ScriptEngine.run(ScriptEngine.java:194)
	at com.kms.katalon.core.main.ScriptEngine.runScriptAsRawText(ScriptEngine.java:119)
	at com.kms.katalon.core.main.TestCaseExecutor.runScript(TestCaseExecutor.java:337)
	at com.kms.katalon.core.main.TestCaseExecutor.doExecute(TestCaseExecutor.java:328)
	at com.kms.katalon.core.main.TestCaseExecutor.processExecutionPhase(TestCaseExecutor.java:307)
	at com.kms.katalon.core.main.TestCaseExecutor.accessMainPhase(TestCaseExecutor.java:299)
	at com.kms.katalon.core.main.TestCaseExecutor.execute(TestCaseExecutor.java:233)
	at com.kms.katalon.core.main.TestSuiteExecutor.accessTestCaseMainPhase(TestSuiteExecutor.java:169)
	at com.kms.katalon.core.main.TestSuiteExecutor.accessTestSuiteMainPhase(TestSuiteExecutor.java:142)
	at com.kms.katalon.core.main.TestSuiteExecutor.execute(TestSuiteExecutor.java:91)
	at com.kms.katalon.core.main.TestCaseMain.startTestSuite(TestCaseMain.java:157)
	at com.kms.katalon.core.main.TestCaseMain$startTestSuite$0.call(Unknown Source)
	at TempTestSuite1576781754247.run(TempTestSuite1576781754247.groovy:36)
Caused by: org.openqa.selenium.NoSuchWindowException: no such window: target window already closed
from unknown error: web view not found
  (Session info: chrome=79.0.3945.88)
Build info: version: '3.141.59', revision: 'e82be7d358', time: '2018-11-14T08:25:53'
System info: host: 'P-LGARCIAA', ip: '10.60.6.13', os.name: 'Windows 10', os.arch: 'amd64', os.version: '10.0', java.version: '1.8.0_181'
Driver info: com.kms.katalon.selenium.driver.CChromeDriver
Capabilities {acceptInsecureCerts: false, browserName: chrome, browserVersion: 79.0.3945.88, chrome: {chromedriverVersion: 78.0.3904.105 (60e2d8774a81..., userDataDir: C:\Users\lgarciaa\AppData\L...}, goog:chromeOptions: {debuggerAddress: localhost:59306}, javascriptEnabled: true, networkConnectionEnabled: false, pageLoadStrategy: normal, platform: XP, platformName: XP, proxy: Proxy(), setWindowRect: true, strictFileInteractability: false, timeouts: {implicit: 0, pageLoad: 300000, script: 30000}, unhandledPromptBehavior: dismiss and notify}
Session ID: 7a9299ccc16b9ee19a287dc46f062e95
*** Element info: {Using=xpath, value=(//button[@type='button'])[34]}
	at org.openqa.selenium.remote.http.W3CHttpResponseCodec.createException(W3CHttpResponseCodec.java:187)
	at org.openqa.selenium.remote.http.W3CHttpResponseCodec.decode(W3CHttpResponseCodec.java:122)
	at org.openqa.selenium.remote.http.W3CHttpResponseCodec.decode(W3CHttpResponseCodec.java:49)
	at org.openqa.selenium.remote.HttpCommandExecutor.execute(HttpCommandExecutor.java:158)
	at org.openqa.selenium.remote.service.DriverCommandExecutor.execute(DriverCommandExecutor.java:83)
	at org.openqa.selenium.remote.RemoteWebDriver.execute(RemoteWebDriver.java:552)
	at com.kms.katalon.selenium.driver.CChromeDriver.execute(CChromeDriver.java:19)
	at org.openqa.selenium.remote.RemoteWebDriver.findElements(RemoteWebDriver.java:353)
	at org.openqa.selenium.remote.RemoteWebDriver.findElementsByXPath(RemoteWebDriver.java:432)
	at org.openqa.selenium.By$ByXPath.findElements(By.java:348)
	at org.openqa.selenium.remote.RemoteWebDriver.findElements(RemoteWebDriver.java:311)
	at org.openqa.selenium.support.events.EventFiringWebDriver.lambda$new$1(EventFiringWebDriver.java:105)
	at com.sun.proxy.$Proxy8.findElements(Unknown Source)
	at org.openqa.selenium.support.events.EventFiringWebDriver.findElements(EventFiringWebDriver.java:182)
	at com.kms.katalon.core.webui.common.WebUiCommonHelper.findWebElements(WebUiCommonHelper.java:762)
	at com.kms.katalon.core.webui.common.WebUiCommonHelper.findWebElement(WebUiCommonHelper.java:1109)
	at com.kms.katalon.core.webui.keyword.internal.WebUIAbstractKeyword.findWebElement(WebUIAbstractKeyword.groovy:27)
	at com.kms.katalon.core.webui.keyword.internal.WebUIAbstractKeyword.findWebElement(WebUIAbstractKeyword.groovy:26)
	at com.kms.katalon.core.webui.keyword.builtin.ClickKeyword$_click_closure1.doCall(ClickKeyword.groovy:68)
	at com.kms.katalon.core.webui.keyword.builtin.ClickKeyword$_click_closure1.call(ClickKeyword.groovy)
	at com.kms.katalon.core.webui.keyword.internal.WebUIKeywordMain.runKeyword(WebUIKeywordMain.groovy:20)
	... 19 more


2019-12-19 14:08:42 - [TEST_STEP][PASSED] - callTestCase(findTestCase("Representante/InicioSesion_AccesoCorreo"), [:], STOP_ON_FAILURE): Call Test Case 'Test Cases/Representante/InicioSesion_AccesoCorreo' successfully

2019-12-19 14:08:42 - [TEST_CASE][PASSED] - Test Cases/Representante/InicioSesion_AccesoCorreo: Test Cases/Representante/InicioSesion_AccesoCorreo

2019-12-19 14:08:42 - [TEST_STEP][PASSED] - openBrowser(""): Browser is opened with url: ''

2019-12-19 14:08:42 - [MESSAGE][WARNING] - A browser is already opened. Closing browser and opening a new one

2019-12-19 14:08:43 - [MESSAGE][INFO] - Starting 'Chrome' driver

2019-12-19 14:08:49 - [MESSAGE][PASSED] - Browser is opened with url: ''

2019-12-19 14:08:49 - [TEST_STEP][PASSED] - navigateToUrl("https://login.microsoftonline.com/common/oauth2/authorize?client_id=00000002-0000-0ff1-ce00-000000000000&redirect_uri=https%3a%2f%2foutlook.office365.com%2fowa%2f&resource=00000002-0000-0ff1-ce00-000000000000&response_mode=form_post&response_type=code+id_token&scope=openid&msafed=0&client-request-id=90e6bfa9-e6ec-46ab-82c3-1c848ab25309&protectedtoken=true&nonce=637105585405285449.f41578f0-f800-4006-b334-7ecc8f885085&state=DcsxEoAwCAVRouNxMD8GAh5HM9Jaen0p9nVbiGjNlqwgIRvdGlRdBXqkcu4hTc0DHA6wAIPv3oXtmdPDXeFa8t3q-131Bw"): Navigate to 'https://login.microsoftonline.com/common/oauth2/authorize?client_id=00000002-0000-0ff1-ce00-000000000000&redirect_uri=https%3a%2f%2foutlook.office365.com%2fowa%2f&resource=00000002-0000-0ff1-ce00-000000000000&response_mode=form_post&response_type=code+id_token&scope=openid&msafed=0&client-request-id=90e6bfa9-e6ec-46ab-82c3-1c848ab25309&protectedtoken=true&nonce=637105585405285449.f41578f0-f800-4006-b334-7ecc8f885085&state=DcsxEoAwCAVRouNxMD8GAh5HM9Jaen0p9nVbiGjNlqwgIRvdGlRdBXqkcu4hTc0DHA6wAIPv3oXtmdPDXeFa8t3q-131Bw' successfully

2019-12-19 14:08:50 - [MESSAGE][PASSED] - Navigate to 'https://login.microsoftonline.com/common/oauth2/authorize?client_id=00000002-0000-0ff1-ce00-000000000000&redirect_uri=https%3a%2f%2foutlook.office365.com%2fowa%2f&resource=00000002-0000-0ff1-ce00-000000000000&response_mode=form_post&response_type=code+id_token&scope=openid&msafed=0&client-request-id=90e6bfa9-e6ec-46ab-82c3-1c848ab25309&protectedtoken=true&nonce=637105585405285449.f41578f0-f800-4006-b334-7ecc8f885085&state=DcsxEoAwCAVRouNxMD8GAh5HM9Jaen0p9nVbiGjNlqwgIRvdGlRdBXqkcu4hTc0DHA6wAIPv3oXtmdPDXeFa8t3q-131Bw' successfully

2019-12-19 14:08:50 - [TEST_STEP][PASSED] - setText(findTestObject("Object Repository/Representante/input_to continue to Outlook_loginfmt"), "Lgarciaa@intergrupo.com"): Text 'Lgarciaa@intergrupo.com' is set on object 'Object Repository/Representante/input_to continue to Outlook_loginfmt'

2019-12-19 14:08:52 - [MESSAGE][PASSED] - Text 'Lgarciaa@intergrupo.com' is set on object 'Object Repository/Representante/input_to continue to Outlook_loginfmt'

2019-12-19 14:08:52 - [TEST_STEP][PASSED] - click(findTestObject("Object Repository/Representante/input_to continue to Outlook_idSIButton9")): Object: 'Object Repository/Representante/input_to continue to Outlook_idSIButton9' is clicked on

2019-12-19 14:08:52 - [MESSAGE][PASSED] - Object: 'Object Repository/Representante/input_to continue to Outlook_idSIButton9' is clicked on

2019-12-19 14:08:52 - [TEST_STEP][PASSED] - setEncryptedText(findTestObject("Object Repository/Representante/input_Enter password_passwd"), "ZOlv4XWAQZkh7wlYSNhOVA=="): Text ****** has been set on object 'Object Repository/Representante/input_Enter password_passwd'

2019-12-19 14:08:53 - [MESSAGE][PASSED] - Text ****** has been set on object 'Object Repository/Representante/input_Enter password_passwd'

2019-12-19 14:08:53 - [TEST_STEP][PASSED] - click(findTestObject("Object Repository/Representante/input_to continue to Outlook_idSIButton9")): Object: 'Object Repository/Representante/input_to continue to Outlook_idSIButton9' is clicked on

2019-12-19 14:08:54 - [MESSAGE][PASSED] - Object: 'Object Repository/Representante/input_to continue to Outlook_idSIButton9' is clicked on

2019-12-19 14:08:54 - [TEST_STEP][PASSED] - click(findTestObject("Object Repository/Representante/input_concat(Don  t show this again)_idBtn_Back")): Object: 'Object Repository/Representante/input_concat(Don  t show this again)_idBtn_Back' is clicked on

2019-12-19 14:09:05 - [MESSAGE][PASSED] - Object: 'Object Repository/Representante/input_concat(Don  t show this again)_idBtn_Back' is clicked on

2019-12-19 14:09:05 - [TEST_STEP][PASSED] - maximizeWindow(STOP_ON_FAILURE): Current window maximized

2019-12-19 14:09:09 - [MESSAGE][PASSED] - Current window maximized

2019-12-19 14:09:09 - [MESSAGE][INFO] - =================== Smart XPath Report =======================

2019-12-19 14:09:09 - [MESSAGE][INFO] - Refer to the link below to preview and approve auto healing on broken test objects.

2019-12-19 14:09:09 - [MESSAGE][INFO] - https://docs.katalon.com/katalon-studio/docs/auto-healing-smart-xpath.html

2019-12-19 14:09:09 - [MESSAGE][INFO] - ===============================================================

2019-12-19 14:09:09 - [MESSAGE][PASSED] - Call Test Case 'Test Cases/Representante/InicioSesion_AccesoCorreo' successfully

2019-12-19 14:09:09 - [TEST_STEP][PASSED] - click(findTestObject("EjecutivoResponsable2/span_20191062 PRUEBA - APROBACIN EJECUTIVO RESPONSABLE")): Object: 'Object Repository/EjecutivoResponsable2/span_20191062 PRUEBA - APROBACIN EJECUTIVO RESPONSABLE' is clicked on

2019-12-19 14:09:57 - [MESSAGE][INFO] - Unable to find the element located by 'By.xpath: //div[@id='AQAAAMjoylsBAAAA0EwIqAAAAAA=']/div/div/div/div[2]/div[2]/div/span'. Please recheck the objects properties to make sure the desired element is located. 

2019-12-19 14:09:57 - [MESSAGE][INFO] - [SMART_XPATH] Auto-trying out other XPath values in the test object.

2019-12-19 14:09:57 - [MESSAGE][INFO] - [SMART_XPATH] FAILED XPATH: '//div[@id='AQAAAMjoylsBAAAA0EwIqAAAAAA=']/div/div/div/div[2]/div[2]/div/span'.

2019-12-19 14:09:57 - [MESSAGE][INFO] - [SMART_XPATH] WORKING XPATH: '(.//*[normalize-space(text()) and normalize-space(.)='cafpruebassp@intergrupo.com'])[1]/following::span[5]'.

2019-12-19 14:09:58 - [MESSAGE][INFO] - [SMART_XPATH] Screenshot: F:/Proyectos/CAF_FlujoCorrespondencia/Reports/smart_xpath/Object Repository/EjecutivoResponsable2/span_20191062 PRUEBA - APROBACIN EJECUTIVO RESPONSABLE_neighbor_10.png

2019-12-19 14:09:58 - [MESSAGE][INFO] - [SMART_XPATH] WORKING XPATH: '(.//*[normalize-space(text()) and normalize-space(.)='C'])[1]/following::span[6]'.

2019-12-19 14:09:59 - [MESSAGE][INFO] - [SMART_XPATH] Screenshot: F:/Proyectos/CAF_FlujoCorrespondencia/Reports/smart_xpath/Object Repository/EjecutivoResponsable2/span_20191062 PRUEBA - APROBACIN EJECUTIVO RESPONSABLE_neighbor_11.png

2019-12-19 14:09:59 - [MESSAGE][INFO] - [SMART_XPATH] WORKING XPATH: '(.//*[normalize-space(text()) and normalize-space(.)='C'])[2]/preceding::span[3]'.

2019-12-19 14:09:59 - [MESSAGE][INFO] - [SMART_XPATH] Screenshot: F:/Proyectos/CAF_FlujoCorrespondencia/Reports/smart_xpath/Object Repository/EjecutivoResponsable2/span_20191062 PRUEBA - APROBACIN EJECUTIVO RESPONSABLE_neighbor_12.png

2019-12-19 14:10:00 - [MESSAGE][INFO] - [SMART_XPATH] WORKING XPATH: '(.//*[normalize-space(text()) and normalize-space(.)='cafpruebassp@intergrupo.com'])[2]/preceding::span[4]'.

2019-12-19 14:10:01 - [MESSAGE][INFO] - [SMART_XPATH] Screenshot: F:/Proyectos/CAF_FlujoCorrespondencia/Reports/smart_xpath/Object Repository/EjecutivoResponsable2/span_20191062 PRUEBA - APROBACIN EJECUTIVO RESPONSABLE_neighbor_13.png

2019-12-19 14:10:01 - [MESSAGE][INFO] - [SMART_XPATH] WORKING XPATH: '//*/text()[normalize-space(.)='[20191062] PRUEBA - APROBACIÓN EJECUTIVO RESPONSABLE']/parent::*'.

2019-12-19 14:10:02 - [MESSAGE][INFO] - [SMART_XPATH] Screenshot: F:/Proyectos/CAF_FlujoCorrespondencia/Reports/smart_xpath/Object Repository/EjecutivoResponsable2/span_20191062 PRUEBA - APROBACIN EJECUTIVO RESPONSABLE_neighbor_14.png

2019-12-19 14:10:03 - [MESSAGE][INFO] - [SMART_XPATH] WORKING XPATH: '//div/div[2]/div/div/div/div/div/div[2]/div/div/div/div[2]/div[2]/div/span'.

2019-12-19 14:10:04 - [MESSAGE][INFO] - [SMART_XPATH] Screenshot: F:/Proyectos/CAF_FlujoCorrespondencia/Reports/smart_xpath/Object Repository/EjecutivoResponsable2/span_20191062 PRUEBA - APROBACIN EJECUTIVO RESPONSABLE_position.png

2019-12-19 14:10:04 - [MESSAGE][ERROR] - [SMART_XPATH] F:\Proyectos\CAF_FlujoCorrespondencia\Reports\smart_xpath\waiting-for-approval.json (The system cannot find the file specified)

2019-12-19 14:10:04 - [MESSAGE][ERROR] - [SMART_XPATH] F:/Proyectos/CAF_FlujoCorrespondencia/Reports/smart_xpath/waiting-for-approval.json does not exist or is provided by Smart XPath Plugin!

2019-12-19 14:10:04 - [MESSAGE][INFO] - [SMART_XPATH] Selected Smart XPath: '(.//*[normalize-space(text()) and normalize-space(.)='cafpruebassp@intergrupo.com'])[1]/following::span[5]'.

2019-12-19 14:10:04 - [MESSAGE][INFO] - [SMART_XPATH] Continuing executing the test case!

2019-12-19 14:10:04 - [MESSAGE][PASSED] - Object: 'Object Repository/EjecutivoResponsable2/span_20191062 PRUEBA - APROBACIN EJECUTIVO RESPONSABLE' is clicked on

2019-12-19 14:10:04 - [TEST_STEP][PASSED] - click(findTestObject("EjecutivoResponsable2/a_CORRESPONDENCIA")): Object: 'Object Repository/EjecutivoResponsable2/a_CORRESPONDENCIA' is clicked on

2019-12-19 14:10:08 - [MESSAGE][PASSED] - Object: 'Object Repository/EjecutivoResponsable2/a_CORRESPONDENCIA' is clicked on

2019-12-19 14:10:08 - [TEST_STEP][PASSED] - switchToWindowTitle("Control Correspondencia - 20191062"): Switched to window with title: 'Control Correspondencia - 20191062'

2019-12-19 14:10:12 - [MESSAGE][PASSED] - Switched to window with title: 'Control Correspondencia - 20191062'

2019-12-19 14:10:12 - [TEST_STEP][PASSED] - setText(findTestObject("EjecutivoResponsable2/div_httpstasksintergrupocomlogin_pagephpreturnmain_pagephp"), "link portal"): Text 'link portal' is set on object 'Object Repository/EjecutivoResponsable2/div_httpstasksintergrupocomlogin_pagephpreturnmain_pagephp'

2019-12-19 14:10:12 - [MESSAGE][PASSED] - Text 'link portal' is set on object 'Object Repository/EjecutivoResponsable2/div_httpstasksintergrupocomlogin_pagephpreturnmain_pagephp'

2019-12-19 14:10:12 - [TEST_STEP][PASSED] - click(findTestObject("EjecutivoResponsable2/label_GESTIN ADMINISTRATIVA")): Object: 'Object Repository/EjecutivoResponsable2/label_GESTIN ADMINISTRATIVA' is clicked on

2019-12-19 14:10:13 - [MESSAGE][PASSED] - Object: 'Object Repository/EjecutivoResponsable2/label_GESTIN ADMINISTRATIVA' is clicked on

2019-12-19 14:10:13 - [TEST_STEP][PASSED] - click(findTestObject("EjecutivoResponsable2/button_Completar tarea de aprobacin_Toggle35")): Object: 'Object Repository/EjecutivoResponsable2/button_Completar tarea de aprobacin_Toggle35' is clicked on

2019-12-19 14:10:14 - [MESSAGE][PASSED] - Object: 'Object Repository/EjecutivoResponsable2/button_Completar tarea de aprobacin_Toggle35' is clicked on

2019-12-19 14:10:14 - [TEST_STEP][PASSED] - click(findTestObject("EjecutivoResponsable2/label_Aprobar")): Object: 'Object Repository/EjecutivoResponsable2/label_Aprobar' is clicked on

2019-12-19 14:10:14 - [MESSAGE][PASSED] - Object: 'Object Repository/EjecutivoResponsable2/label_Aprobar' is clicked on

2019-12-19 14:10:14 - [TEST_STEP][PASSED] - delay(3): Delayed 3 second(s)

2019-12-19 14:10:17 - [MESSAGE][PASSED] - Delayed 3 second(s)

2019-12-19 14:10:17 - [TEST_STEP][PASSED] - click(findTestObject("EjecutivoResponsable2/div_Guardar")): Object: 'Object Repository/EjecutivoResponsable2/div_Guardar' is clicked on

2019-12-19 14:10:18 - [MESSAGE][PASSED] - Object: 'Object Repository/EjecutivoResponsable2/div_Guardar' is clicked on

2019-12-19 14:10:18 - [TEST_STEP][FAILED] - click(findTestObject("EjecutivoResponsable2/button_Guardar")): Unable to click on object 'Object Repository/EjecutivoResponsable2/button_Guardar' (Root cause: com.kms.katalon.core.exception.StepFailedException: Unable to click on object 'Object Repository/EjecutivoResponsable2/button_Guardar'
	at com.kms.katalon.core.webui.keyword.internal.WebUIKeywordMain.stepFailed(WebUIKeywordMain.groovy:64)
	at com.kms.katalon.core.webui.keyword.internal.WebUIKeywordMain.runKeyword(WebUIKeywordMain.groovy:26)
	at com.kms.katalon.core.webui.keyword.builtin.ClickKeyword.click(ClickKeyword.groovy:103)
	at com.kms.katalon.core.webui.keyword.builtin.ClickKeyword.execute(ClickKeyword.groovy:43)
	at com.kms.katalon.core.keyword.internal.KeywordExecutor.executeKeywordForPlatform(KeywordExecutor.groovy:60)
	at com.kms.katalon.core.webui.keyword.WebUiBuiltInKeywords.click(WebUiBuiltInKeywords.groovy:616)
	at com.kms.katalon.core.webui.keyword.WebUiBuiltInKeywords$click$2.call(Unknown Source)
	at EjecutivoResponsable2.run(EjecutivoResponsable2:39)
	at com.kms.katalon.core.main.ScriptEngine.run(ScriptEngine.java:194)
	at com.kms.katalon.core.main.ScriptEngine.runScriptAsRawText(ScriptEngine.java:119)
	at com.kms.katalon.core.main.TestCaseExecutor.runScript(TestCaseExecutor.java:337)
	at com.kms.katalon.core.main.TestCaseExecutor.doExecute(TestCaseExecutor.java:328)
	at com.kms.katalon.core.main.TestCaseExecutor.processExecutionPhase(TestCaseExecutor.java:307)
	at com.kms.katalon.core.main.TestCaseExecutor.accessMainPhase(TestCaseExecutor.java:299)
	at com.kms.katalon.core.main.TestCaseExecutor.execute(TestCaseExecutor.java:233)
	at com.kms.katalon.core.main.TestSuiteExecutor.accessTestCaseMainPhase(TestSuiteExecutor.java:169)
	at com.kms.katalon.core.main.TestSuiteExecutor.accessTestSuiteMainPhase(TestSuiteExecutor.java:142)
	at com.kms.katalon.core.main.TestSuiteExecutor.execute(TestSuiteExecutor.java:91)
	at com.kms.katalon.core.main.TestCaseMain.startTestSuite(TestCaseMain.java:157)
	at com.kms.katalon.core.main.TestCaseMain$startTestSuite$0.call(Unknown Source)
	at TempTestSuite1576781754247.run(TempTestSuite1576781754247.groovy:36)
Caused by: org.openqa.selenium.NoSuchWindowException: no such window: target window already closed
from unknown error: web view not found
  (Session info: chrome=79.0.3945.88)
Build info: version: '3.141.59', revision: 'e82be7d358', time: '2018-11-14T08:25:53'
System info: host: 'P-LGARCIAA', ip: '10.60.6.13', os.name: 'Windows 10', os.arch: 'amd64', os.version: '10.0', java.version: '1.8.0_181'
Driver info: com.kms.katalon.selenium.driver.CChromeDriver
Capabilities {acceptInsecureCerts: false, browserName: chrome, browserVersion: 79.0.3945.88, chrome: {chromedriverVersion: 78.0.3904.105 (60e2d8774a81..., userDataDir: C:\Users\lgarciaa\AppData\L...}, goog:chromeOptions: {debuggerAddress: localhost:59306}, javascriptEnabled: true, networkConnectionEnabled: false, pageLoadStrategy: normal, platform: XP, platformName: XP, proxy: Proxy(), setWindowRect: true, strictFileInteractability: false, timeouts: {implicit: 0, pageLoad: 300000, script: 30000}, unhandledPromptBehavior: dismiss and notify}
Session ID: 7a9299ccc16b9ee19a287dc46f062e95
*** Element info: {Using=xpath, value=(//button[@type='button'])[34]}
	at org.openqa.selenium.remote.http.W3CHttpResponseCodec.createException(W3CHttpResponseCodec.java:187)
	at org.openqa.selenium.remote.http.W3CHttpResponseCodec.decode(W3CHttpResponseCodec.java:122)
	at org.openqa.selenium.remote.http.W3CHttpResponseCodec.decode(W3CHttpResponseCodec.java:49)
	at org.openqa.selenium.remote.HttpCommandExecutor.execute(HttpCommandExecutor.java:158)
	at org.openqa.selenium.remote.service.DriverCommandExecutor.execute(DriverCommandExecutor.java:83)
	at org.openqa.selenium.remote.RemoteWebDriver.execute(RemoteWebDriver.java:552)
	at com.kms.katalon.selenium.driver.CChromeDriver.execute(CChromeDriver.java:19)
	at org.openqa.selenium.remote.RemoteWebDriver.findElements(RemoteWebDriver.java:353)
	at org.openqa.selenium.remote.RemoteWebDriver.findElementsByXPath(RemoteWebDriver.java:432)
	at org.openqa.selenium.By$ByXPath.findElements(By.java:348)
	at org.openqa.selenium.remote.RemoteWebDriver.findElements(RemoteWebDriver.java:311)
	at org.openqa.selenium.support.events.EventFiringWebDriver.lambda$new$1(EventFiringWebDriver.java:105)
	at com.sun.proxy.$Proxy8.findElements(Unknown Source)
	at org.openqa.selenium.support.events.EventFiringWebDriver.findElements(EventFiringWebDriver.java:182)
	at com.kms.katalon.core.webui.common.WebUiCommonHelper.findWebElements(WebUiCommonHelper.java:762)
	at com.kms.katalon.core.webui.common.WebUiCommonHelper.findWebElement(WebUiCommonHelper.java:1109)
	at com.kms.katalon.core.webui.keyword.internal.WebUIAbstractKeyword.findWebElement(WebUIAbstractKeyword.groovy:27)
	at com.kms.katalon.core.webui.keyword.internal.WebUIAbstractKeyword.findWebElement(WebUIAbstractKeyword.groovy:26)
	at com.kms.katalon.core.webui.keyword.builtin.ClickKeyword$_click_closure1.doCall(ClickKeyword.groovy:68)
	at com.kms.katalon.core.webui.keyword.builtin.ClickKeyword$_click_closure1.call(ClickKeyword.groovy)
	at com.kms.katalon.core.webui.keyword.internal.WebUIKeywordMain.runKeyword(WebUIKeywordMain.groovy:20)
	at com.kms.katalon.core.webui.keyword.builtin.ClickKeyword.click(ClickKeyword.groovy:103)
	at com.kms.katalon.core.webui.keyword.builtin.ClickKeyword.execute(ClickKeyword.groovy:43)
	at com.kms.katalon.core.keyword.internal.KeywordExecutor.executeKeywordForPlatform(KeywordExecutor.groovy:60)
	at com.kms.katalon.core.webui.keyword.WebUiBuiltInKeywords.click(WebUiBuiltInKeywords.groovy:616)
	at com.kms.katalon.core.webui.keyword.WebUiBuiltInKeywords$click$2.call(Unknown Source)
	at Script1575391245116.run(Script1575391245116.groovy:39)
	... 13 more
)

2019-12-19 14:10:26 - [MESSAGE][WARNING] - Cannot take screenshot

2019-12-19 14:10:26 - [MESSAGE][FAILED] - Unable to click on object 'Object Repository/EjecutivoResponsable2/button_Guardar' (Root cause: com.kms.katalon.core.exception.StepFailedException: Unable to click on object 'Object Repository/EjecutivoResponsable2/button_Guardar'
	at com.kms.katalon.core.webui.keyword.internal.WebUIKeywordMain.stepFailed(WebUIKeywordMain.groovy:64)
	at com.kms.katalon.core.webui.keyword.internal.WebUIKeywordMain.runKeyword(WebUIKeywordMain.groovy:26)
	at com.kms.katalon.core.webui.keyword.builtin.ClickKeyword.click(ClickKeyword.groovy:103)
	at com.kms.katalon.core.webui.keyword.builtin.ClickKeyword.execute(ClickKeyword.groovy:43)
	at com.kms.katalon.core.keyword.internal.KeywordExecutor.executeKeywordForPlatform(KeywordExecutor.groovy:60)
	at com.kms.katalon.core.webui.keyword.WebUiBuiltInKeywords.click(WebUiBuiltInKeywords.groovy:616)
	at com.kms.katalon.core.webui.keyword.WebUiBuiltInKeywords$click$2.call(Unknown Source)
	at EjecutivoResponsable2.run(EjecutivoResponsable2:39)
	at com.kms.katalon.core.main.ScriptEngine.run(ScriptEngine.java:194)
	at com.kms.katalon.core.main.ScriptEngine.runScriptAsRawText(ScriptEngine.java:119)
	at com.kms.katalon.core.main.TestCaseExecutor.runScript(TestCaseExecutor.java:337)
	at com.kms.katalon.core.main.TestCaseExecutor.doExecute(TestCaseExecutor.java:328)
	at com.kms.katalon.core.main.TestCaseExecutor.processExecutionPhase(TestCaseExecutor.java:307)
	at com.kms.katalon.core.main.TestCaseExecutor.accessMainPhase(TestCaseExecutor.java:299)
	at com.kms.katalon.core.main.TestCaseExecutor.execute(TestCaseExecutor.java:233)
	at com.kms.katalon.core.main.TestSuiteExecutor.accessTestCaseMainPhase(TestSuiteExecutor.java:169)
	at com.kms.katalon.core.main.TestSuiteExecutor.accessTestSuiteMainPhase(TestSuiteExecutor.java:142)
	at com.kms.katalon.core.main.TestSuiteExecutor.execute(TestSuiteExecutor.java:91)
	at com.kms.katalon.core.main.TestCaseMain.startTestSuite(TestCaseMain.java:157)
	at com.kms.katalon.core.main.TestCaseMain$startTestSuite$0.call(Unknown Source)
	at TempTestSuite1576781754247.run(TempTestSuite1576781754247.groovy:36)
Caused by: org.openqa.selenium.NoSuchWindowException: no such window: target window already closed
from unknown error: web view not found
  (Session info: chrome=79.0.3945.88)
Build info: version: '3.141.59', revision: 'e82be7d358', time: '2018-11-14T08:25:53'
System info: host: 'P-LGARCIAA', ip: '10.60.6.13', os.name: 'Windows 10', os.arch: 'amd64', os.version: '10.0', java.version: '1.8.0_181'
Driver info: com.kms.katalon.selenium.driver.CChromeDriver
Capabilities {acceptInsecureCerts: false, browserName: chrome, browserVersion: 79.0.3945.88, chrome: {chromedriverVersion: 78.0.3904.105 (60e2d8774a81..., userDataDir: C:\Users\lgarciaa\AppData\L...}, goog:chromeOptions: {debuggerAddress: localhost:59306}, javascriptEnabled: true, networkConnectionEnabled: false, pageLoadStrategy: normal, platform: XP, platformName: XP, proxy: Proxy(), setWindowRect: true, strictFileInteractability: false, timeouts: {implicit: 0, pageLoad: 300000, script: 30000}, unhandledPromptBehavior: dismiss and notify}
Session ID: 7a9299ccc16b9ee19a287dc46f062e95
*** Element info: {Using=xpath, value=(//button[@type='button'])[34]}
	at org.openqa.selenium.remote.http.W3CHttpResponseCodec.createException(W3CHttpResponseCodec.java:187)
	at org.openqa.selenium.remote.http.W3CHttpResponseCodec.decode(W3CHttpResponseCodec.java:122)
	at org.openqa.selenium.remote.http.W3CHttpResponseCodec.decode(W3CHttpResponseCodec.java:49)
	at org.openqa.selenium.remote.HttpCommandExecutor.execute(HttpCommandExecutor.java:158)
	at org.openqa.selenium.remote.service.DriverCommandExecutor.execute(DriverCommandExecutor.java:83)
	at org.openqa.selenium.remote.RemoteWebDriver.execute(RemoteWebDriver.java:552)
	at com.kms.katalon.selenium.driver.CChromeDriver.execute(CChromeDriver.java:19)
	at org.openqa.selenium.remote.RemoteWebDriver.findElements(RemoteWebDriver.java:353)
	at org.openqa.selenium.remote.RemoteWebDriver.findElementsByXPath(RemoteWebDriver.java:432)
	at org.openqa.selenium.By$ByXPath.findElements(By.java:348)
	at org.openqa.selenium.remote.RemoteWebDriver.findElements(RemoteWebDriver.java:311)
	at org.openqa.selenium.support.events.EventFiringWebDriver.lambda$new$1(EventFiringWebDriver.java:105)
	at com.sun.proxy.$Proxy8.findElements(Unknown Source)
	at org.openqa.selenium.support.events.EventFiringWebDriver.findElements(EventFiringWebDriver.java:182)
	at com.kms.katalon.core.webui.common.WebUiCommonHelper.findWebElements(WebUiCommonHelper.java:762)
	at com.kms.katalon.core.webui.common.WebUiCommonHelper.findWebElement(WebUiCommonHelper.java:1109)
	at com.kms.katalon.core.webui.keyword.internal.WebUIAbstractKeyword.findWebElement(WebUIAbstractKeyword.groovy:27)
	at com.kms.katalon.core.webui.keyword.internal.WebUIAbstractKeyword.findWebElement(WebUIAbstractKeyword.groovy:26)
	at com.kms.katalon.core.webui.keyword.builtin.ClickKeyword$_click_closure1.doCall(ClickKeyword.groovy:68)
	at com.kms.katalon.core.webui.keyword.builtin.ClickKeyword$_click_closure1.call(ClickKeyword.groovy)
	at com.kms.katalon.core.webui.keyword.internal.WebUIKeywordMain.runKeyword(WebUIKeywordMain.groovy:20)
	at com.kms.katalon.core.webui.keyword.builtin.ClickKeyword.click(ClickKeyword.groovy:103)
	at com.kms.katalon.core.webui.keyword.builtin.ClickKeyword.execute(ClickKeyword.groovy:43)
	at com.kms.katalon.core.keyword.internal.KeywordExecutor.executeKeywordForPlatform(KeywordExecutor.groovy:60)
	at com.kms.katalon.core.webui.keyword.WebUiBuiltInKeywords.click(WebUiBuiltInKeywords.groovy:616)
	at com.kms.katalon.core.webui.keyword.WebUiBuiltInKeywords$click$2.call(Unknown Source)
	at Script1575391245116.run(Script1575391245116.groovy:39)
	... 13 more
)]]></system-out>
         <system-err><![CDATA[2019-12-19 14:08:42 - [TEST_CASE][FAILED] - Test Cases/Ejecutivo_Responsable/EjecutivoResponsable2: Test Cases/Ejecutivo_Responsable/EjecutivoResponsable2 FAILED.
Reason:
com.kms.katalon.core.exception.StepFailedException: Unable to click on object 'Object Repository/EjecutivoResponsable2/button_Guardar'
	at com.kms.katalon.core.webui.keyword.internal.WebUIKeywordMain.stepFailed(WebUIKeywordMain.groovy:64)
	at com.kms.katalon.core.webui.keyword.internal.WebUIKeywordMain.runKeyword(WebUIKeywordMain.groovy:26)
	at com.kms.katalon.core.webui.keyword.builtin.ClickKeyword.click(ClickKeyword.groovy:103)
	at com.kms.katalon.core.webui.keyword.builtin.ClickKeyword.execute(ClickKeyword.groovy:43)
	at com.kms.katalon.core.keyword.internal.KeywordExecutor.executeKeywordForPlatform(KeywordExecutor.groovy:60)
	at com.kms.katalon.core.webui.keyword.WebUiBuiltInKeywords.click(WebUiBuiltInKeywords.groovy:616)
	at com.kms.katalon.core.webui.keyword.WebUiBuiltInKeywords$click$2.call(Unknown Source)
	at EjecutivoResponsable2.run(EjecutivoResponsable2:39)
	at com.kms.katalon.core.main.ScriptEngine.run(ScriptEngine.java:194)
	at com.kms.katalon.core.main.ScriptEngine.runScriptAsRawText(ScriptEngine.java:119)
	at com.kms.katalon.core.main.TestCaseExecutor.runScript(TestCaseExecutor.java:337)
	at com.kms.katalon.core.main.TestCaseExecutor.doExecute(TestCaseExecutor.java:328)
	at com.kms.katalon.core.main.TestCaseExecutor.processExecutionPhase(TestCaseExecutor.java:307)
	at com.kms.katalon.core.main.TestCaseExecutor.accessMainPhase(TestCaseExecutor.java:299)
	at com.kms.katalon.core.main.TestCaseExecutor.execute(TestCaseExecutor.java:233)
	at com.kms.katalon.core.main.TestSuiteExecutor.accessTestCaseMainPhase(TestSuiteExecutor.java:169)
	at com.kms.katalon.core.main.TestSuiteExecutor.accessTestSuiteMainPhase(TestSuiteExecutor.java:142)
	at com.kms.katalon.core.main.TestSuiteExecutor.execute(TestSuiteExecutor.java:91)
	at com.kms.katalon.core.main.TestCaseMain.startTestSuite(TestCaseMain.java:157)
	at com.kms.katalon.core.main.TestCaseMain$startTestSuite$0.call(Unknown Source)
	at TempTestSuite1576781754247.run(TempTestSuite1576781754247.groovy:36)
Caused by: org.openqa.selenium.NoSuchWindowException: no such window: target window already closed
from unknown error: web view not found
  (Session info: chrome=79.0.3945.88)
Build info: version: '3.141.59', revision: 'e82be7d358', time: '2018-11-14T08:25:53'
System info: host: 'P-LGARCIAA', ip: '10.60.6.13', os.name: 'Windows 10', os.arch: 'amd64', os.version: '10.0', java.version: '1.8.0_181'
Driver info: com.kms.katalon.selenium.driver.CChromeDriver
Capabilities {acceptInsecureCerts: false, browserName: chrome, browserVersion: 79.0.3945.88, chrome: {chromedriverVersion: 78.0.3904.105 (60e2d8774a81..., userDataDir: C:\Users\lgarciaa\AppData\L...}, goog:chromeOptions: {debuggerAddress: localhost:59306}, javascriptEnabled: true, networkConnectionEnabled: false, pageLoadStrategy: normal, platform: XP, platformName: XP, proxy: Proxy(), setWindowRect: true, strictFileInteractability: false, timeouts: {implicit: 0, pageLoad: 300000, script: 30000}, unhandledPromptBehavior: dismiss and notify}
Session ID: 7a9299ccc16b9ee19a287dc46f062e95
*** Element info: {Using=xpath, value=(//button[@type='button'])[34]}
	at org.openqa.selenium.remote.http.W3CHttpResponseCodec.createException(W3CHttpResponseCodec.java:187)
	at org.openqa.selenium.remote.http.W3CHttpResponseCodec.decode(W3CHttpResponseCodec.java:122)
	at org.openqa.selenium.remote.http.W3CHttpResponseCodec.decode(W3CHttpResponseCodec.java:49)
	at org.openqa.selenium.remote.HttpCommandExecutor.execute(HttpCommandExecutor.java:158)
	at org.openqa.selenium.remote.service.DriverCommandExecutor.execute(DriverCommandExecutor.java:83)
	at org.openqa.selenium.remote.RemoteWebDriver.execute(RemoteWebDriver.java:552)
	at com.kms.katalon.selenium.driver.CChromeDriver.execute(CChromeDriver.java:19)
	at org.openqa.selenium.remote.RemoteWebDriver.findElements(RemoteWebDriver.java:353)
	at org.openqa.selenium.remote.RemoteWebDriver.findElementsByXPath(RemoteWebDriver.java:432)
	at org.openqa.selenium.By$ByXPath.findElements(By.java:348)
	at org.openqa.selenium.remote.RemoteWebDriver.findElements(RemoteWebDriver.java:311)
	at org.openqa.selenium.support.events.EventFiringWebDriver.lambda$new$1(EventFiringWebDriver.java:105)
	at com.sun.proxy.$Proxy8.findElements(Unknown Source)
	at org.openqa.selenium.support.events.EventFiringWebDriver.findElements(EventFiringWebDriver.java:182)
	at com.kms.katalon.core.webui.common.WebUiCommonHelper.findWebElements(WebUiCommonHelper.java:762)
	at com.kms.katalon.core.webui.common.WebUiCommonHelper.findWebElement(WebUiCommonHelper.java:1109)
	at com.kms.katalon.core.webui.keyword.internal.WebUIAbstractKeyword.findWebElement(WebUIAbstractKeyword.groovy:27)
	at com.kms.katalon.core.webui.keyword.internal.WebUIAbstractKeyword.findWebElement(WebUIAbstractKeyword.groovy:26)
	at com.kms.katalon.core.webui.keyword.builtin.ClickKeyword$_click_closure1.doCall(ClickKeyword.groovy:68)
	at com.kms.katalon.core.webui.keyword.builtin.ClickKeyword$_click_closure1.call(ClickKeyword.groovy)
	at com.kms.katalon.core.webui.keyword.internal.WebUIKeywordMain.runKeyword(WebUIKeywordMain.groovy:20)
	... 19 more]]></system-err>
      </testcase>
      <testcase name="Test Cases/GestionAdministrativa/FinalizarCiclo" time="198.168" classname="Test Cases/GestionAdministrativa/FinalizarCiclo" status="FAILED">
         <failure type="FAILED" message="Test Cases/GestionAdministrativa/FinalizarCiclo FAILED.
Reason:
com.kms.katalon.core.exception.StepFailedException: Unable to click on object 'Object Repository/Gestion Administrativa/button_Guardar'
	at com.kms.katalon.core.webui.keyword.internal.WebUIKeywordMain.stepFailed(WebUIKeywordMain.groovy:64)
	at com.kms.katalon.core.webui.keyword.internal.WebUIKeywordMain.runKeyword(WebUIKeywordMain.groovy:26)
	at com.kms.katalon.core.webui.keyword.builtin.ClickKeyword.click(ClickKeyword.groovy:103)
	at com.kms.katalon.core.webui.keyword.builtin.ClickKeyword.execute(ClickKeyword.groovy:43)
	at com.kms.katalon.core.keyword.internal.KeywordExecutor.executeKeywordForPlatform(KeywordExecutor.groovy:60)
	at com.kms.katalon.core.webui.keyword.WebUiBuiltInKeywords.click(WebUiBuiltInKeywords.groovy:616)
	at com.kms.katalon.core.webui.keyword.WebUiBuiltInKeywords$click$2.call(Unknown Source)
	at FinalizarCiclo.run(FinalizarCiclo:43)
	at com.kms.katalon.core.main.ScriptEngine.run(ScriptEngine.java:194)
	at com.kms.katalon.core.main.ScriptEngine.runScriptAsRawText(ScriptEngine.java:119)
	at com.kms.katalon.core.main.TestCaseExecutor.runScript(TestCaseExecutor.java:337)
	at com.kms.katalon.core.main.TestCaseExecutor.doExecute(TestCaseExecutor.java:328)
	at com.kms.katalon.core.main.TestCaseExecutor.processExecutionPhase(TestCaseExecutor.java:307)
	at com.kms.katalon.core.main.TestCaseExecutor.accessMainPhase(TestCaseExecutor.java:299)
	at com.kms.katalon.core.main.TestCaseExecutor.execute(TestCaseExecutor.java:233)
	at com.kms.katalon.core.main.TestSuiteExecutor.accessTestCaseMainPhase(TestSuiteExecutor.java:169)
	at com.kms.katalon.core.main.TestSuiteExecutor.accessTestSuiteMainPhase(TestSuiteExecutor.java:142)
	at com.kms.katalon.core.main.TestSuiteExecutor.execute(TestSuiteExecutor.java:91)
	at com.kms.katalon.core.main.TestCaseMain.startTestSuite(TestCaseMain.java:157)
	at com.kms.katalon.core.main.TestCaseMain$startTestSuite$0.call(Unknown Source)
	at TempTestSuite1576781754247.run(TempTestSuite1576781754247.groovy:36)
Caused by: com.kms.katalon.core.webui.exception.WebElementNotFoundException: Web element with id: 'Object Repository/Gestion Administrativa/button_Guardar' located by 'By.xpath: //*[@type = 'button' and (text() = 'Guardar' or . = 'Guardar')]' not found
	at com.kms.katalon.core.webui.common.WebUiCommonHelper.findWebElement(WebUiCommonHelper.java:1113)
	at com.kms.katalon.core.webui.keyword.internal.WebUIAbstractKeyword.findWebElement(WebUIAbstractKeyword.groovy:27)
	at com.kms.katalon.core.webui.keyword.internal.WebUIAbstractKeyword.findWebElement(WebUIAbstractKeyword.groovy:26)
	at com.kms.katalon.core.webui.keyword.builtin.ClickKeyword$_click_closure1.doCall(ClickKeyword.groovy:68)
	at com.kms.katalon.core.webui.keyword.builtin.ClickKeyword$_click_closure1.call(ClickKeyword.groovy)
	at com.kms.katalon.core.webui.keyword.internal.WebUIKeywordMain.runKeyword(WebUIKeywordMain.groovy:20)
	... 19 more
"/>
         <system-out><![CDATA[2019-12-19 14:10:26 - [TEST_CASE][FAILED] - Test Cases/GestionAdministrativa/FinalizarCiclo: Test Cases/GestionAdministrativa/FinalizarCiclo FAILED.
Reason:
com.kms.katalon.core.exception.StepFailedException: Unable to click on object 'Object Repository/Gestion Administrativa/button_Guardar'
	at com.kms.katalon.core.webui.keyword.internal.WebUIKeywordMain.stepFailed(WebUIKeywordMain.groovy:64)
	at com.kms.katalon.core.webui.keyword.internal.WebUIKeywordMain.runKeyword(WebUIKeywordMain.groovy:26)
	at com.kms.katalon.core.webui.keyword.builtin.ClickKeyword.click(ClickKeyword.groovy:103)
	at com.kms.katalon.core.webui.keyword.builtin.ClickKeyword.execute(ClickKeyword.groovy:43)
	at com.kms.katalon.core.keyword.internal.KeywordExecutor.executeKeywordForPlatform(KeywordExecutor.groovy:60)
	at com.kms.katalon.core.webui.keyword.WebUiBuiltInKeywords.click(WebUiBuiltInKeywords.groovy:616)
	at com.kms.katalon.core.webui.keyword.WebUiBuiltInKeywords$click$2.call(Unknown Source)
	at FinalizarCiclo.run(FinalizarCiclo:43)
	at com.kms.katalon.core.main.ScriptEngine.run(ScriptEngine.java:194)
	at com.kms.katalon.core.main.ScriptEngine.runScriptAsRawText(ScriptEngine.java:119)
	at com.kms.katalon.core.main.TestCaseExecutor.runScript(TestCaseExecutor.java:337)
	at com.kms.katalon.core.main.TestCaseExecutor.doExecute(TestCaseExecutor.java:328)
	at com.kms.katalon.core.main.TestCaseExecutor.processExecutionPhase(TestCaseExecutor.java:307)
	at com.kms.katalon.core.main.TestCaseExecutor.accessMainPhase(TestCaseExecutor.java:299)
	at com.kms.katalon.core.main.TestCaseExecutor.execute(TestCaseExecutor.java:233)
	at com.kms.katalon.core.main.TestSuiteExecutor.accessTestCaseMainPhase(TestSuiteExecutor.java:169)
	at com.kms.katalon.core.main.TestSuiteExecutor.accessTestSuiteMainPhase(TestSuiteExecutor.java:142)
	at com.kms.katalon.core.main.TestSuiteExecutor.execute(TestSuiteExecutor.java:91)
	at com.kms.katalon.core.main.TestCaseMain.startTestSuite(TestCaseMain.java:157)
	at com.kms.katalon.core.main.TestCaseMain$startTestSuite$0.call(Unknown Source)
	at TempTestSuite1576781754247.run(TempTestSuite1576781754247.groovy:36)
Caused by: com.kms.katalon.core.webui.exception.WebElementNotFoundException: Web element with id: 'Object Repository/Gestion Administrativa/button_Guardar' located by 'By.xpath: //*[@type = 'button' and (text() = 'Guardar' or . = 'Guardar')]' not found
	at com.kms.katalon.core.webui.common.WebUiCommonHelper.findWebElement(WebUiCommonHelper.java:1113)
	at com.kms.katalon.core.webui.keyword.internal.WebUIAbstractKeyword.findWebElement(WebUIAbstractKeyword.groovy:27)
	at com.kms.katalon.core.webui.keyword.internal.WebUIAbstractKeyword.findWebElement(WebUIAbstractKeyword.groovy:26)
	at com.kms.katalon.core.webui.keyword.builtin.ClickKeyword$_click_closure1.doCall(ClickKeyword.groovy:68)
	at com.kms.katalon.core.webui.keyword.builtin.ClickKeyword$_click_closure1.call(ClickKeyword.groovy)
	at com.kms.katalon.core.webui.keyword.internal.WebUIKeywordMain.runKeyword(WebUIKeywordMain.groovy:20)
	... 19 more


2019-12-19 14:10:26 - [TEST_STEP][PASSED] - callTestCase(findTestCase("Representante/InicioSesion_AccesoCorreo"), [:], STOP_ON_FAILURE): Call Test Case 'Test Cases/Representante/InicioSesion_AccesoCorreo' successfully

2019-12-19 14:10:26 - [TEST_CASE][PASSED] - Test Cases/Representante/InicioSesion_AccesoCorreo: Test Cases/Representante/InicioSesion_AccesoCorreo

2019-12-19 14:10:26 - [TEST_STEP][PASSED] - openBrowser(""): Browser is opened with url: ''

2019-12-19 14:10:26 - [MESSAGE][WARNING] - A browser is already opened. Closing browser and opening a new one

2019-12-19 14:10:28 - [MESSAGE][INFO] - Starting 'Chrome' driver

2019-12-19 14:10:33 - [MESSAGE][PASSED] - Browser is opened with url: ''

2019-12-19 14:10:33 - [TEST_STEP][PASSED] - navigateToUrl("https://login.microsoftonline.com/common/oauth2/authorize?client_id=00000002-0000-0ff1-ce00-000000000000&redirect_uri=https%3a%2f%2foutlook.office365.com%2fowa%2f&resource=00000002-0000-0ff1-ce00-000000000000&response_mode=form_post&response_type=code+id_token&scope=openid&msafed=0&client-request-id=90e6bfa9-e6ec-46ab-82c3-1c848ab25309&protectedtoken=true&nonce=637105585405285449.f41578f0-f800-4006-b334-7ecc8f885085&state=DcsxEoAwCAVRouNxMD8GAh5HM9Jaen0p9nVbiGjNlqwgIRvdGlRdBXqkcu4hTc0DHA6wAIPv3oXtmdPDXeFa8t3q-131Bw"): Navigate to 'https://login.microsoftonline.com/common/oauth2/authorize?client_id=00000002-0000-0ff1-ce00-000000000000&redirect_uri=https%3a%2f%2foutlook.office365.com%2fowa%2f&resource=00000002-0000-0ff1-ce00-000000000000&response_mode=form_post&response_type=code+id_token&scope=openid&msafed=0&client-request-id=90e6bfa9-e6ec-46ab-82c3-1c848ab25309&protectedtoken=true&nonce=637105585405285449.f41578f0-f800-4006-b334-7ecc8f885085&state=DcsxEoAwCAVRouNxMD8GAh5HM9Jaen0p9nVbiGjNlqwgIRvdGlRdBXqkcu4hTc0DHA6wAIPv3oXtmdPDXeFa8t3q-131Bw' successfully

2019-12-19 14:10:34 - [MESSAGE][PASSED] - Navigate to 'https://login.microsoftonline.com/common/oauth2/authorize?client_id=00000002-0000-0ff1-ce00-000000000000&redirect_uri=https%3a%2f%2foutlook.office365.com%2fowa%2f&resource=00000002-0000-0ff1-ce00-000000000000&response_mode=form_post&response_type=code+id_token&scope=openid&msafed=0&client-request-id=90e6bfa9-e6ec-46ab-82c3-1c848ab25309&protectedtoken=true&nonce=637105585405285449.f41578f0-f800-4006-b334-7ecc8f885085&state=DcsxEoAwCAVRouNxMD8GAh5HM9Jaen0p9nVbiGjNlqwgIRvdGlRdBXqkcu4hTc0DHA6wAIPv3oXtmdPDXeFa8t3q-131Bw' successfully

2019-12-19 14:10:34 - [TEST_STEP][PASSED] - setText(findTestObject("Object Repository/Representante/input_to continue to Outlook_loginfmt"), "Lgarciaa@intergrupo.com"): Text 'Lgarciaa@intergrupo.com' is set on object 'Object Repository/Representante/input_to continue to Outlook_loginfmt'

2019-12-19 14:10:36 - [MESSAGE][PASSED] - Text 'Lgarciaa@intergrupo.com' is set on object 'Object Repository/Representante/input_to continue to Outlook_loginfmt'

2019-12-19 14:10:36 - [TEST_STEP][PASSED] - click(findTestObject("Object Repository/Representante/input_to continue to Outlook_idSIButton9")): Object: 'Object Repository/Representante/input_to continue to Outlook_idSIButton9' is clicked on

2019-12-19 14:10:37 - [MESSAGE][PASSED] - Object: 'Object Repository/Representante/input_to continue to Outlook_idSIButton9' is clicked on

2019-12-19 14:10:37 - [TEST_STEP][PASSED] - setEncryptedText(findTestObject("Object Repository/Representante/input_Enter password_passwd"), "ZOlv4XWAQZkh7wlYSNhOVA=="): Text ****** has been set on object 'Object Repository/Representante/input_Enter password_passwd'

2019-12-19 14:10:38 - [MESSAGE][PASSED] - Text ****** has been set on object 'Object Repository/Representante/input_Enter password_passwd'

2019-12-19 14:10:38 - [TEST_STEP][PASSED] - click(findTestObject("Object Repository/Representante/input_to continue to Outlook_idSIButton9")): Object: 'Object Repository/Representante/input_to continue to Outlook_idSIButton9' is clicked on

2019-12-19 14:10:39 - [MESSAGE][PASSED] - Object: 'Object Repository/Representante/input_to continue to Outlook_idSIButton9' is clicked on

2019-12-19 14:10:39 - [TEST_STEP][PASSED] - click(findTestObject("Object Repository/Representante/input_concat(Don  t show this again)_idBtn_Back")): Object: 'Object Repository/Representante/input_concat(Don  t show this again)_idBtn_Back' is clicked on

2019-12-19 14:10:51 - [MESSAGE][PASSED] - Object: 'Object Repository/Representante/input_concat(Don  t show this again)_idBtn_Back' is clicked on

2019-12-19 14:10:51 - [TEST_STEP][PASSED] - maximizeWindow(STOP_ON_FAILURE): Current window maximized

2019-12-19 14:10:55 - [MESSAGE][PASSED] - Current window maximized

2019-12-19 14:10:55 - [MESSAGE][INFO] - =================== Smart XPath Report =======================

2019-12-19 14:10:55 - [MESSAGE][INFO] - Refer to the link below to preview and approve auto healing on broken test objects.

2019-12-19 14:10:55 - [MESSAGE][INFO] - https://docs.katalon.com/katalon-studio/docs/auto-healing-smart-xpath.html

2019-12-19 14:10:55 - [MESSAGE][INFO] - ===============================================================

2019-12-19 14:10:55 - [MESSAGE][PASSED] - Call Test Case 'Test Cases/Representante/InicioSesion_AccesoCorreo' successfully

2019-12-19 14:10:55 - [TEST_STEP][PASSED] - click(findTestObject("Gestion Administrativa/span_20191062 PRUEBA - APROBACIN GESTIN ADMINISTRATIVA")): Object: 'Object Repository/Gestion Administrativa/span_20191062 PRUEBA - APROBACIN GESTIN ADMINISTRATIVA' is clicked on

2019-12-19 14:11:43 - [MESSAGE][INFO] - Unable to find the element located by 'By.xpath: //div[@id='AQAAAMjoylsBAAAA0EwIqQAAAAA=']/div/div/div/div[2]/div[2]/div/span'. Please recheck the objects properties to make sure the desired element is located. 

2019-12-19 14:11:43 - [MESSAGE][INFO] - [SMART_XPATH] Auto-trying out other XPath values in the test object.

2019-12-19 14:11:44 - [MESSAGE][INFO] - [SMART_XPATH] FAILED XPATH: '//div[@id='AQAAAMjoylsBAAAA0EwIqQAAAAA=']/div/div/div/div[2]/div[2]/div/span'.

2019-12-19 14:11:44 - [MESSAGE][INFO] - [SMART_XPATH] WORKING XPATH: '(.//*[normalize-space(text()) and normalize-space(.)='cafpruebassp@intergrupo.com'])[1]/following::span[5]'.

2019-12-19 14:11:44 - [MESSAGE][ERROR] - [SMART_XPATH] Cannot save screenshot to: F:/Proyectos/CAF_FlujoCorrespondencia/Reports/smart_xpath, reason: y lies outside the raster

2019-12-19 14:11:45 - [MESSAGE][INFO] - [SMART_XPATH] WORKING XPATH: '(.//*[normalize-space(text()) and normalize-space(.)='C'])[1]/following::span[6]'.

2019-12-19 14:11:45 - [MESSAGE][ERROR] - [SMART_XPATH] Cannot save screenshot to: F:/Proyectos/CAF_FlujoCorrespondencia/Reports/smart_xpath, reason: y lies outside the raster

2019-12-19 14:11:46 - [MESSAGE][INFO] - [SMART_XPATH] WORKING XPATH: '(.//*[normalize-space(text()) and normalize-space(.)='C'])[2]/preceding::span[3]'.

2019-12-19 14:11:46 - [MESSAGE][ERROR] - [SMART_XPATH] Cannot save screenshot to: F:/Proyectos/CAF_FlujoCorrespondencia/Reports/smart_xpath, reason: y lies outside the raster

2019-12-19 14:11:46 - [MESSAGE][INFO] - [SMART_XPATH] WORKING XPATH: '(.//*[normalize-space(text()) and normalize-space(.)='cafpruebassp@intergrupo.com'])[2]/preceding::span[4]'.

2019-12-19 14:11:47 - [MESSAGE][ERROR] - [SMART_XPATH] Cannot save screenshot to: F:/Proyectos/CAF_FlujoCorrespondencia/Reports/smart_xpath, reason: y lies outside the raster

2019-12-19 14:11:47 - [MESSAGE][INFO] - [SMART_XPATH] WORKING XPATH: '//*/text()[normalize-space(.)='[20191062] PRUEBA - APROBACIÓN GESTIÓN ADMINISTRATIVA']/parent::*'.

2019-12-19 14:11:48 - [MESSAGE][ERROR] - [SMART_XPATH] Cannot save screenshot to: F:/Proyectos/CAF_FlujoCorrespondencia/Reports/smart_xpath, reason: y lies outside the raster

2019-12-19 14:11:48 - [MESSAGE][INFO] - [SMART_XPATH] WORKING XPATH: '//div/div[2]/div/div/div/div/div/div[2]/div/div/div/div[2]/div[2]/div/span'.

2019-12-19 14:11:48 - [MESSAGE][ERROR] - [SMART_XPATH] Cannot save screenshot to: F:/Proyectos/CAF_FlujoCorrespondencia/Reports/smart_xpath, reason: y lies outside the raster

2019-12-19 14:11:48 - [MESSAGE][ERROR] - [SMART_XPATH] F:\Proyectos\CAF_FlujoCorrespondencia\Reports\smart_xpath\waiting-for-approval.json (The system cannot find the file specified)

2019-12-19 14:11:48 - [MESSAGE][ERROR] - [SMART_XPATH] F:/Proyectos/CAF_FlujoCorrespondencia/Reports/smart_xpath/waiting-for-approval.json does not exist or is provided by Smart XPath Plugin!

2019-12-19 14:11:48 - [MESSAGE][INFO] - [SMART_XPATH] Selected Smart XPath: '(.//*[normalize-space(text()) and normalize-space(.)='cafpruebassp@intergrupo.com'])[1]/following::span[5]'.

2019-12-19 14:11:48 - [MESSAGE][INFO] - [SMART_XPATH] Continuing executing the test case!

2019-12-19 14:11:49 - [MESSAGE][PASSED] - Object: 'Object Repository/Gestion Administrativa/span_20191062 PRUEBA - APROBACIN GESTIN ADMINISTRATIVA' is clicked on

2019-12-19 14:11:49 - [TEST_STEP][PASSED] - click(findTestObject("Object Repository/Gestion Administrativa/a_CORRESPONDENCIA")): Object: 'Object Repository/Gestion Administrativa/a_CORRESPONDENCIA' is clicked on

2019-12-19 14:11:53 - [MESSAGE][PASSED] - Object: 'Object Repository/Gestion Administrativa/a_CORRESPONDENCIA' is clicked on

2019-12-19 14:11:53 - [TEST_STEP][PASSED] - switchToWindowTitle("Control Correspondencia - 20191062"): Switched to window with title: 'Control Correspondencia - 20191062'

2019-12-19 14:11:57 - [MESSAGE][PASSED] - Switched to window with title: 'Control Correspondencia - 20191062'

2019-12-19 14:11:57 - [TEST_STEP][PASSED] - click(findTestObject("Object Repository/Gestion Administrativa/i_")): Object: 'Object Repository/Gestion Administrativa/i_' is clicked on

2019-12-19 14:11:57 - [MESSAGE][PASSED] - Object: 'Object Repository/Gestion Administrativa/i_' is clicked on

2019-12-19 14:11:57 - [TEST_STEP][PASSED] - setText(findTestObject("Object Repository/Gestion Administrativa/input_Trmite Interno_tramiteInterno-input"), "ARCHIVO"): Text 'ARCHIVO' is set on object 'Object Repository/Gestion Administrativa/input_Trmite Interno_tramiteInterno-input'

2019-12-19 14:11:58 - [MESSAGE][PASSED] - Text 'ARCHIVO' is set on object 'Object Repository/Gestion Administrativa/input_Trmite Interno_tramiteInterno-input'

2019-12-19 14:11:58 - [TEST_STEP][PASSED] - setText(findTestObject("Object Repository/Gestion Administrativa/input_Archivado en_archivadoEn-input"), "BANCOS"): Text 'BANCOS' is set on object 'Object Repository/Gestion Administrativa/input_Archivado en_archivadoEn-input'

2019-12-19 14:11:59 - [MESSAGE][PASSED] - Text 'BANCOS' is set on object 'Object Repository/Gestion Administrativa/input_Archivado en_archivadoEn-input'

2019-12-19 14:11:59 - [TEST_STEP][PASSED] - setText(findTestObject("Object Repository/Gestion Administrativa/div_finalizar"), "Finalizar"): Text 'Finalizar' is set on object 'Object Repository/Gestion Administrativa/div_finalizar'

2019-12-19 14:12:00 - [MESSAGE][PASSED] - Text 'Finalizar' is set on object 'Object Repository/Gestion Administrativa/div_finalizar'

2019-12-19 14:12:00 - [TEST_STEP][PASSED] - click(findTestObject("Object Repository/Gestion Administrativa/button_Completar tarea de aprobacin_Toggle31")): Object: 'Object Repository/Gestion Administrativa/button_Completar tarea de aprobacin_Toggle31' is clicked on

2019-12-19 14:12:47 - [MESSAGE][INFO] - Unable to find the element located by 'By.xpath: //button[@id='Toggle31']'. Please recheck the objects properties to make sure the desired element is located. 

2019-12-19 14:12:47 - [MESSAGE][INFO] - [SMART_XPATH] Auto-trying out other XPath values in the test object.

2019-12-19 14:12:47 - [MESSAGE][INFO] - [SMART_XPATH] FAILED XPATH: '//button[@id='Toggle31']'.

2019-12-19 14:12:47 - [MESSAGE][INFO] - [SMART_XPATH] WORKING XPATH: '//div[@id='correspondencia-edicion-cewp-container']/div/div/div[31]/div[2]/div/button'.

2019-12-19 14:12:48 - [MESSAGE][ERROR] - [SMART_XPATH] Cannot save screenshot to: F:/Proyectos/CAF_FlujoCorrespondencia/Reports/smart_xpath, reason: (y + height) is outside of Raster

2019-12-19 14:12:48 - [MESSAGE][INFO] - [SMART_XPATH] WORKING XPATH: '(.//*[normalize-space(text()) and normalize-space(.)='Completar tarea de aprobación'])[1]/following::button[1]'.

2019-12-19 14:12:49 - [MESSAGE][ERROR] - [SMART_XPATH] Cannot save screenshot to: F:/Proyectos/CAF_FlujoCorrespondencia/Reports/smart_xpath, reason: (y + height) is outside of Raster

2019-12-19 14:12:49 - [MESSAGE][INFO] - [SMART_XPATH] WORKING XPATH: '(.//*[normalize-space(text()) and normalize-space(.)='VER BITÁCORA'])[1]/following::button[1]'.

2019-12-19 14:12:49 - [MESSAGE][ERROR] - [SMART_XPATH] Cannot save screenshot to: F:/Proyectos/CAF_FlujoCorrespondencia/Reports/smart_xpath, reason: (y + height) is outside of Raster

2019-12-19 14:12:50 - [MESSAGE][INFO] - [SMART_XPATH] WORKING XPATH: '(.//*[normalize-space(text()) and normalize-space(.)='No'])[1]/preceding::button[1]'.

2019-12-19 14:12:50 - [MESSAGE][ERROR] - [SMART_XPATH] Cannot save screenshot to: F:/Proyectos/CAF_FlujoCorrespondencia/Reports/smart_xpath, reason: (y + height) is outside of Raster

2019-12-19 14:12:50 - [MESSAGE][INFO] - [SMART_XPATH] WORKING XPATH: '(.//*[normalize-space(text()) and normalize-space(.)='Guardar'])[1]/preceding::button[1]'.

2019-12-19 14:12:51 - [MESSAGE][ERROR] - [SMART_XPATH] Cannot save screenshot to: F:/Proyectos/CAF_FlujoCorrespondencia/Reports/smart_xpath, reason: (y + height) is outside of Raster

2019-12-19 14:12:51 - [MESSAGE][INFO] - [SMART_XPATH] WORKING XPATH: '//div[2]/div/button'.

2019-12-19 14:12:52 - [MESSAGE][ERROR] - [SMART_XPATH] Cannot save screenshot to: F:/Proyectos/CAF_FlujoCorrespondencia/Reports/smart_xpath, reason: (y + height) is outside of Raster

2019-12-19 14:12:52 - [MESSAGE][ERROR] - [SMART_XPATH] F:\Proyectos\CAF_FlujoCorrespondencia\Reports\smart_xpath\waiting-for-approval.json (The system cannot find the file specified)

2019-12-19 14:12:52 - [MESSAGE][ERROR] - [SMART_XPATH] F:/Proyectos/CAF_FlujoCorrespondencia/Reports/smart_xpath/waiting-for-approval.json does not exist or is provided by Smart XPath Plugin!

2019-12-19 14:12:52 - [MESSAGE][INFO] - [SMART_XPATH] Selected Smart XPath: '//div[@id='correspondencia-edicion-cewp-container']/div/div/div[31]/div[2]/div/button'.

2019-12-19 14:12:52 - [MESSAGE][INFO] - [SMART_XPATH] Continuing executing the test case!

2019-12-19 14:12:52 - [MESSAGE][PASSED] - Object: 'Object Repository/Gestion Administrativa/button_Completar tarea de aprobacin_Toggle31' is clicked on

2019-12-19 14:12:52 - [TEST_STEP][PASSED] - click(findTestObject("Gestion Administrativa/label_Aprobar")): Object: 'Object Repository/Gestion Administrativa/label_Aprobar' is clicked on

2019-12-19 14:12:52 - [MESSAGE][PASSED] - Object: 'Object Repository/Gestion Administrativa/label_Aprobar' is clicked on

2019-12-19 14:12:52 - [TEST_STEP][PASSED] - delay(5): Delayed 5 second(s)

2019-12-19 14:12:57 - [MESSAGE][PASSED] - Delayed 5 second(s)

2019-12-19 14:12:57 - [TEST_STEP][PASSED] - click(findTestObject("Gestion Administrativa/div_Guardar")): Object: 'Object Repository/Gestion Administrativa/div_Guardar' is clicked on

2019-12-19 14:12:58 - [MESSAGE][PASSED] - Object: 'Object Repository/Gestion Administrativa/div_Guardar' is clicked on

2019-12-19 14:12:58 - [TEST_STEP][FAILED] - click(findTestObject("Gestion Administrativa/button_Guardar")): Unable to click on object 'Object Repository/Gestion Administrativa/button_Guardar' (Root cause: com.kms.katalon.core.exception.StepFailedException: Unable to click on object 'Object Repository/Gestion Administrativa/button_Guardar'
	at com.kms.katalon.core.webui.keyword.internal.WebUIKeywordMain.stepFailed(WebUIKeywordMain.groovy:64)
	at com.kms.katalon.core.webui.keyword.internal.WebUIKeywordMain.runKeyword(WebUIKeywordMain.groovy:26)
	at com.kms.katalon.core.webui.keyword.builtin.ClickKeyword.click(ClickKeyword.groovy:103)
	at com.kms.katalon.core.webui.keyword.builtin.ClickKeyword.execute(ClickKeyword.groovy:43)
	at com.kms.katalon.core.keyword.internal.KeywordExecutor.executeKeywordForPlatform(KeywordExecutor.groovy:60)
	at com.kms.katalon.core.webui.keyword.WebUiBuiltInKeywords.click(WebUiBuiltInKeywords.groovy:616)
	at com.kms.katalon.core.webui.keyword.WebUiBuiltInKeywords$click$2.call(Unknown Source)
	at FinalizarCiclo.run(FinalizarCiclo:43)
	at com.kms.katalon.core.main.ScriptEngine.run(ScriptEngine.java:194)
	at com.kms.katalon.core.main.ScriptEngine.runScriptAsRawText(ScriptEngine.java:119)
	at com.kms.katalon.core.main.TestCaseExecutor.runScript(TestCaseExecutor.java:337)
	at com.kms.katalon.core.main.TestCaseExecutor.doExecute(TestCaseExecutor.java:328)
	at com.kms.katalon.core.main.TestCaseExecutor.processExecutionPhase(TestCaseExecutor.java:307)
	at com.kms.katalon.core.main.TestCaseExecutor.accessMainPhase(TestCaseExecutor.java:299)
	at com.kms.katalon.core.main.TestCaseExecutor.execute(TestCaseExecutor.java:233)
	at com.kms.katalon.core.main.TestSuiteExecutor.accessTestCaseMainPhase(TestSuiteExecutor.java:169)
	at com.kms.katalon.core.main.TestSuiteExecutor.accessTestSuiteMainPhase(TestSuiteExecutor.java:142)
	at com.kms.katalon.core.main.TestSuiteExecutor.execute(TestSuiteExecutor.java:91)
	at com.kms.katalon.core.main.TestCaseMain.startTestSuite(TestCaseMain.java:157)
	at com.kms.katalon.core.main.TestCaseMain$startTestSuite$0.call(Unknown Source)
	at TempTestSuite1576781754247.run(TempTestSuite1576781754247.groovy:36)
Caused by: com.kms.katalon.core.webui.exception.WebElementNotFoundException: Web element with id: 'Object Repository/Gestion Administrativa/button_Guardar' located by 'By.xpath: //*[@type = 'button' and (text() = 'Guardar' or . = 'Guardar')]' not found
	at com.kms.katalon.core.webui.common.WebUiCommonHelper.findWebElement(WebUiCommonHelper.java:1113)
	at com.kms.katalon.core.webui.keyword.internal.WebUIAbstractKeyword.findWebElement(WebUIAbstractKeyword.groovy:27)
	at com.kms.katalon.core.webui.keyword.internal.WebUIAbstractKeyword.findWebElement(WebUIAbstractKeyword.groovy:26)
	at com.kms.katalon.core.webui.keyword.builtin.ClickKeyword$_click_closure1.doCall(ClickKeyword.groovy:68)
	at com.kms.katalon.core.webui.keyword.builtin.ClickKeyword$_click_closure1.call(ClickKeyword.groovy)
	at com.kms.katalon.core.webui.keyword.internal.WebUIKeywordMain.runKeyword(WebUIKeywordMain.groovy:20)
	at com.kms.katalon.core.webui.keyword.builtin.ClickKeyword.click(ClickKeyword.groovy:103)
	at com.kms.katalon.core.webui.keyword.builtin.ClickKeyword.execute(ClickKeyword.groovy:43)
	at com.kms.katalon.core.keyword.internal.KeywordExecutor.executeKeywordForPlatform(KeywordExecutor.groovy:60)
	at com.kms.katalon.core.webui.keyword.WebUiBuiltInKeywords.click(WebUiBuiltInKeywords.groovy:616)
	at com.kms.katalon.core.webui.keyword.WebUiBuiltInKeywords$click$2.call(Unknown Source)
	at Script1575391245382.run(Script1575391245382.groovy:43)
	... 13 more
)

2019-12-19 14:13:44 - [MESSAGE][INFO] - Unable to find the element located by 'By.xpath: //*[@type = 'button' and (text() = 'Guardar' or . = 'Guardar')]'. Please recheck the objects properties to make sure the desired element is located. 

2019-12-19 14:13:44 - [MESSAGE][FAILED] - Unable to click on object 'Object Repository/Gestion Administrativa/button_Guardar' (Root cause: com.kms.katalon.core.exception.StepFailedException: Unable to click on object 'Object Repository/Gestion Administrativa/button_Guardar'
	at com.kms.katalon.core.webui.keyword.internal.WebUIKeywordMain.stepFailed(WebUIKeywordMain.groovy:64)
	at com.kms.katalon.core.webui.keyword.internal.WebUIKeywordMain.runKeyword(WebUIKeywordMain.groovy:26)
	at com.kms.katalon.core.webui.keyword.builtin.ClickKeyword.click(ClickKeyword.groovy:103)
	at com.kms.katalon.core.webui.keyword.builtin.ClickKeyword.execute(ClickKeyword.groovy:43)
	at com.kms.katalon.core.keyword.internal.KeywordExecutor.executeKeywordForPlatform(KeywordExecutor.groovy:60)
	at com.kms.katalon.core.webui.keyword.WebUiBuiltInKeywords.click(WebUiBuiltInKeywords.groovy:616)
	at com.kms.katalon.core.webui.keyword.WebUiBuiltInKeywords$click$2.call(Unknown Source)
	at FinalizarCiclo.run(FinalizarCiclo:43)
	at com.kms.katalon.core.main.ScriptEngine.run(ScriptEngine.java:194)
	at com.kms.katalon.core.main.ScriptEngine.runScriptAsRawText(ScriptEngine.java:119)
	at com.kms.katalon.core.main.TestCaseExecutor.runScript(TestCaseExecutor.java:337)
	at com.kms.katalon.core.main.TestCaseExecutor.doExecute(TestCaseExecutor.java:328)
	at com.kms.katalon.core.main.TestCaseExecutor.processExecutionPhase(TestCaseExecutor.java:307)
	at com.kms.katalon.core.main.TestCaseExecutor.accessMainPhase(TestCaseExecutor.java:299)
	at com.kms.katalon.core.main.TestCaseExecutor.execute(TestCaseExecutor.java:233)
	at com.kms.katalon.core.main.TestSuiteExecutor.accessTestCaseMainPhase(TestSuiteExecutor.java:169)
	at com.kms.katalon.core.main.TestSuiteExecutor.accessTestSuiteMainPhase(TestSuiteExecutor.java:142)
	at com.kms.katalon.core.main.TestSuiteExecutor.execute(TestSuiteExecutor.java:91)
	at com.kms.katalon.core.main.TestCaseMain.startTestSuite(TestCaseMain.java:157)
	at com.kms.katalon.core.main.TestCaseMain$startTestSuite$0.call(Unknown Source)
	at TempTestSuite1576781754247.run(TempTestSuite1576781754247.groovy:36)
Caused by: com.kms.katalon.core.webui.exception.WebElementNotFoundException: Web element with id: 'Object Repository/Gestion Administrativa/button_Guardar' located by 'By.xpath: //*[@type = 'button' and (text() = 'Guardar' or . = 'Guardar')]' not found
	at com.kms.katalon.core.webui.common.WebUiCommonHelper.findWebElement(WebUiCommonHelper.java:1113)
	at com.kms.katalon.core.webui.keyword.internal.WebUIAbstractKeyword.findWebElement(WebUIAbstractKeyword.groovy:27)
	at com.kms.katalon.core.webui.keyword.internal.WebUIAbstractKeyword.findWebElement(WebUIAbstractKeyword.groovy:26)
	at com.kms.katalon.core.webui.keyword.builtin.ClickKeyword$_click_closure1.doCall(ClickKeyword.groovy:68)
	at com.kms.katalon.core.webui.keyword.builtin.ClickKeyword$_click_closure1.call(ClickKeyword.groovy)
	at com.kms.katalon.core.webui.keyword.internal.WebUIKeywordMain.runKeyword(WebUIKeywordMain.groovy:20)
	at com.kms.katalon.core.webui.keyword.builtin.ClickKeyword.click(ClickKeyword.groovy:103)
	at com.kms.katalon.core.webui.keyword.builtin.ClickKeyword.execute(ClickKeyword.groovy:43)
	at com.kms.katalon.core.keyword.internal.KeywordExecutor.executeKeywordForPlatform(KeywordExecutor.groovy:60)
	at com.kms.katalon.core.webui.keyword.WebUiBuiltInKeywords.click(WebUiBuiltInKeywords.groovy:616)
	at com.kms.katalon.core.webui.keyword.WebUiBuiltInKeywords$click$2.call(Unknown Source)
	at Script1575391245382.run(Script1575391245382.groovy:43)
	... 13 more
)
[[ATTACHMENT|F:\\Proyectos\\CAF_FlujoCorrespondencia\\Reports\\20191219_135554\\Correspondencia\\FlujoCompleto\\20191219_135554\\1576782824343.png]]]]></system-out>
         <system-err><![CDATA[2019-12-19 14:10:26 - [TEST_CASE][FAILED] - Test Cases/GestionAdministrativa/FinalizarCiclo: Test Cases/GestionAdministrativa/FinalizarCiclo FAILED.
Reason:
com.kms.katalon.core.exception.StepFailedException: Unable to click on object 'Object Repository/Gestion Administrativa/button_Guardar'
	at com.kms.katalon.core.webui.keyword.internal.WebUIKeywordMain.stepFailed(WebUIKeywordMain.groovy:64)
	at com.kms.katalon.core.webui.keyword.internal.WebUIKeywordMain.runKeyword(WebUIKeywordMain.groovy:26)
	at com.kms.katalon.core.webui.keyword.builtin.ClickKeyword.click(ClickKeyword.groovy:103)
	at com.kms.katalon.core.webui.keyword.builtin.ClickKeyword.execute(ClickKeyword.groovy:43)
	at com.kms.katalon.core.keyword.internal.KeywordExecutor.executeKeywordForPlatform(KeywordExecutor.groovy:60)
	at com.kms.katalon.core.webui.keyword.WebUiBuiltInKeywords.click(WebUiBuiltInKeywords.groovy:616)
	at com.kms.katalon.core.webui.keyword.WebUiBuiltInKeywords$click$2.call(Unknown Source)
	at FinalizarCiclo.run(FinalizarCiclo:43)
	at com.kms.katalon.core.main.ScriptEngine.run(ScriptEngine.java:194)
	at com.kms.katalon.core.main.ScriptEngine.runScriptAsRawText(ScriptEngine.java:119)
	at com.kms.katalon.core.main.TestCaseExecutor.runScript(TestCaseExecutor.java:337)
	at com.kms.katalon.core.main.TestCaseExecutor.doExecute(TestCaseExecutor.java:328)
	at com.kms.katalon.core.main.TestCaseExecutor.processExecutionPhase(TestCaseExecutor.java:307)
	at com.kms.katalon.core.main.TestCaseExecutor.accessMainPhase(TestCaseExecutor.java:299)
	at com.kms.katalon.core.main.TestCaseExecutor.execute(TestCaseExecutor.java:233)
	at com.kms.katalon.core.main.TestSuiteExecutor.accessTestCaseMainPhase(TestSuiteExecutor.java:169)
	at com.kms.katalon.core.main.TestSuiteExecutor.accessTestSuiteMainPhase(TestSuiteExecutor.java:142)
	at com.kms.katalon.core.main.TestSuiteExecutor.execute(TestSuiteExecutor.java:91)
	at com.kms.katalon.core.main.TestCaseMain.startTestSuite(TestCaseMain.java:157)
	at com.kms.katalon.core.main.TestCaseMain$startTestSuite$0.call(Unknown Source)
	at TempTestSuite1576781754247.run(TempTestSuite1576781754247.groovy:36)
Caused by: com.kms.katalon.core.webui.exception.WebElementNotFoundException: Web element with id: 'Object Repository/Gestion Administrativa/button_Guardar' located by 'By.xpath: //*[@type = 'button' and (text() = 'Guardar' or . = 'Guardar')]' not found
	at com.kms.katalon.core.webui.common.WebUiCommonHelper.findWebElement(WebUiCommonHelper.java:1113)
	at com.kms.katalon.core.webui.keyword.internal.WebUIAbstractKeyword.findWebElement(WebUIAbstractKeyword.groovy:27)
	at com.kms.katalon.core.webui.keyword.internal.WebUIAbstractKeyword.findWebElement(WebUIAbstractKeyword.groovy:26)
	at com.kms.katalon.core.webui.keyword.builtin.ClickKeyword$_click_closure1.doCall(ClickKeyword.groovy:68)
	at com.kms.katalon.core.webui.keyword.builtin.ClickKeyword$_click_closure1.call(ClickKeyword.groovy)
	at com.kms.katalon.core.webui.keyword.internal.WebUIKeywordMain.runKeyword(WebUIKeywordMain.groovy:20)
	... 19 more]]></system-err>
      </testcase>
      <system-out><![CDATA[2019-12-19 13:55:58 - [TEST_SUITE][FAILED] - FlujoCompleto: Test Cases/Representante/ControlCorrespondencia FAILED.
Reason:
com.kms.katalon.core.exception.StepFailedException: Unable to click on object 'Object Repository/Representante/button_Guardar'
	at com.kms.katalon.core.webui.keyword.internal.WebUIKeywordMain.stepFailed(WebUIKeywordMain.groovy:64)
	at com.kms.katalon.core.webui.keyword.internal.WebUIKeywordMain.runKeyword(WebUIKeywordMain.groovy:26)
	at com.kms.katalon.core.webui.keyword.builtin.ClickKeyword.click(ClickKeyword.groovy:103)
	at com.kms.katalon.core.webui.keyword.builtin.ClickKeyword.execute(ClickKeyword.groovy:43)
	at com.kms.katalon.core.keyword.internal.KeywordExecutor.executeKeywordForPlatform(KeywordExecutor.groovy:60)
	at com.kms.katalon.core.webui.keyword.WebUiBuiltInKeywords.click(WebUiBuiltInKeywords.groovy:616)
	at com.kms.katalon.core.webui.keyword.WebUiBuiltInKeywords$click$2.call(Unknown Source)
	at ControlCorrespondencia.run(ControlCorrespondencia:47)
	at com.kms.katalon.core.main.ScriptEngine.run(ScriptEngine.java:194)
	at com.kms.katalon.core.main.ScriptEngine.runScriptAsRawText(ScriptEngine.java:119)
	at com.kms.katalon.core.main.TestCaseExecutor.runScript(TestCaseExecutor.java:337)
	at com.kms.katalon.core.main.TestCaseExecutor.doExecute(TestCaseExecutor.java:328)
	at com.kms.katalon.core.main.TestCaseExecutor.processExecutionPhase(TestCaseExecutor.java:307)
	at com.kms.katalon.core.main.TestCaseExecutor.accessMainPhase(TestCaseExecutor.java:299)
	at com.kms.katalon.core.main.TestCaseExecutor.execute(TestCaseExecutor.java:233)
	at com.kms.katalon.core.main.TestSuiteExecutor.accessTestCaseMainPhase(TestSuiteExecutor.java:169)
	at com.kms.katalon.core.main.TestSuiteExecutor.accessTestSuiteMainPhase(TestSuiteExecutor.java:142)
	at com.kms.katalon.core.main.TestSuiteExecutor.execute(TestSuiteExecutor.java:91)
	at com.kms.katalon.core.main.TestCaseMain.startTestSuite(TestCaseMain.java:157)
	at com.kms.katalon.core.main.TestCaseMain$startTestSuite$0.call(Unknown Source)
	at TempTestSuite1576781754247.run(TempTestSuite1576781754247.groovy:36)
Caused by: com.kms.katalon.core.webui.exception.WebElementNotFoundException: Web element with id: 'Object Repository/Representante/button_Guardar' located by 'By.xpath: (//button[@type='button'])[34]' not found
	at com.kms.katalon.core.webui.common.WebUiCommonHelper.findWebElement(WebUiCommonHelper.java:1113)
	at com.kms.katalon.core.webui.keyword.internal.WebUIAbstractKeyword.findWebElement(WebUIAbstractKeyword.groovy:27)
	at com.kms.katalon.core.webui.keyword.internal.WebUIAbstractKeyword.findWebElement(WebUIAbstractKeyword.groovy:26)
	at com.kms.katalon.core.webui.keyword.builtin.ClickKeyword$_click_closure1.doCall(ClickKeyword.groovy:68)
	at com.kms.katalon.core.webui.keyword.builtin.ClickKeyword$_click_closure1.call(ClickKeyword.groovy)
	at com.kms.katalon.core.webui.keyword.internal.WebUIKeywordMain.runKeyword(WebUIKeywordMain.groovy:20)
	... 19 more]]></system-out>
      <system-err><![CDATA[2019-12-19 13:55:58 - [TEST_SUITE][FAILED] - FlujoCompleto: Test Cases/Representante/ControlCorrespondencia FAILED.
Reason:
com.kms.katalon.core.exception.StepFailedException: Unable to click on object 'Object Repository/Representante/button_Guardar'
	at com.kms.katalon.core.webui.keyword.internal.WebUIKeywordMain.stepFailed(WebUIKeywordMain.groovy:64)
	at com.kms.katalon.core.webui.keyword.internal.WebUIKeywordMain.runKeyword(WebUIKeywordMain.groovy:26)
	at com.kms.katalon.core.webui.keyword.builtin.ClickKeyword.click(ClickKeyword.groovy:103)
	at com.kms.katalon.core.webui.keyword.builtin.ClickKeyword.execute(ClickKeyword.groovy:43)
	at com.kms.katalon.core.keyword.internal.KeywordExecutor.executeKeywordForPlatform(KeywordExecutor.groovy:60)
	at com.kms.katalon.core.webui.keyword.WebUiBuiltInKeywords.click(WebUiBuiltInKeywords.groovy:616)
	at com.kms.katalon.core.webui.keyword.WebUiBuiltInKeywords$click$2.call(Unknown Source)
	at ControlCorrespondencia.run(ControlCorrespondencia:47)
	at com.kms.katalon.core.main.ScriptEngine.run(ScriptEngine.java:194)
	at com.kms.katalon.core.main.ScriptEngine.runScriptAsRawText(ScriptEngine.java:119)
	at com.kms.katalon.core.main.TestCaseExecutor.runScript(TestCaseExecutor.java:337)
	at com.kms.katalon.core.main.TestCaseExecutor.doExecute(TestCaseExecutor.java:328)
	at com.kms.katalon.core.main.TestCaseExecutor.processExecutionPhase(TestCaseExecutor.java:307)
	at com.kms.katalon.core.main.TestCaseExecutor.accessMainPhase(TestCaseExecutor.java:299)
	at com.kms.katalon.core.main.TestCaseExecutor.execute(TestCaseExecutor.java:233)
	at com.kms.katalon.core.main.TestSuiteExecutor.accessTestCaseMainPhase(TestSuiteExecutor.java:169)
	at com.kms.katalon.core.main.TestSuiteExecutor.accessTestSuiteMainPhase(TestSuiteExecutor.java:142)
	at com.kms.katalon.core.main.TestSuiteExecutor.execute(TestSuiteExecutor.java:91)
	at com.kms.katalon.core.main.TestCaseMain.startTestSuite(TestCaseMain.java:157)
	at com.kms.katalon.core.main.TestCaseMain$startTestSuite$0.call(Unknown Source)
	at TempTestSuite1576781754247.run(TempTestSuite1576781754247.groovy:36)
Caused by: com.kms.katalon.core.webui.exception.WebElementNotFoundException: Web element with id: 'Object Repository/Representante/button_Guardar' located by 'By.xpath: (//button[@type='button'])[34]' not found
	at com.kms.katalon.core.webui.common.WebUiCommonHelper.findWebElement(WebUiCommonHelper.java:1113)
	at com.kms.katalon.core.webui.keyword.internal.WebUIAbstractKeyword.findWebElement(WebUIAbstractKeyword.groovy:27)
	at com.kms.katalon.core.webui.keyword.internal.WebUIAbstractKeyword.findWebElement(WebUIAbstractKeyword.groovy:26)
	at com.kms.katalon.core.webui.keyword.builtin.ClickKeyword$_click_closure1.doCall(ClickKeyword.groovy:68)
	at com.kms.katalon.core.webui.keyword.builtin.ClickKeyword$_click_closure1.call(ClickKeyword.groovy)
	at com.kms.katalon.core.webui.keyword.internal.WebUIKeywordMain.runKeyword(WebUIKeywordMain.groovy:20)
	... 19 more]]></system-err>
   </testsuite>
</testsuites>
