<?xml version="1.0" encoding="UTF-8"?>
<testsuites name="FlujoCompleto" time="180.689" tests="1" failures="1" errors="0">
   <testsuite name="FlujoCompleto" tests="1" failures="1" errors="0" time="180.689" timestamp="2019-12-19 11:30:12" hostname="Lgarciaa - P-Lgarciaa.intergrupo.com" id="Test Suites/Correspondencia/FlujoCompleto">
      <properties>
         <property name="deviceName" value=""/>
         <property name="devicePlatform" value=""/>
         <property name="logFolder" value="F:\\Proyectos\\CAF_FlujoCorrespondencia\\Reports\\20191219_113010\\Correspondencia\\FlujoCompleto\\20191219_113010"/>
         <property name="logFiles" value="F:\\Proyectos\\CAF_FlujoCorrespondencia\\Reports\\20191219_113010\\Correspondencia\\FlujoCompleto\\20191219_113010\\execution0.log"/>
         <property name="attachments" value="F:\\Proyectos\\CAF_FlujoCorrespondencia\\Reports\\20191219_113010\\Correspondencia\\FlujoCompleto\\20191219_113010\\1576773191691.png"/>
         <property name="hostName" value="Lgarciaa - P-Lgarciaa.intergrupo.com"/>
         <property name="os" value="Windows 10 64bit"/>
         <property name="katalonVersion" value="7.1.0.1"/>
         <property name="browser" value="Chrome 79.0.3945.88"/>
         <property name="hostAddress" value="10.60.6.13"/>
         <property name="sessionId" value="4fb7b92d871f724fab3884e7530d8b39"/>
         <property name="seleniumVersion" value="3.141.59"/>
         <property name="proxyInformation" value="ProxyInformation{proxyOption=NO_PROXY, proxyServerType=HTTP, password=, proxyServerAddress=, proxyServerPort=0}"/>
         <property name="platform" value="Windows 10"/>
      </properties>
      <testcase name="Test Cases/Ejecutivo_Responsable/Flujo_EjecutivoResponsable" time="179.503" classname="Test Cases/Ejecutivo_Responsable/Flujo_EjecutivoResponsable" status="FAILED">
         <failure type="FAILED" message="Test Cases/Ejecutivo_Responsable/Flujo_EjecutivoResponsable FAILED.
Reason:
com.kms.katalon.core.exception.StepFailedException: Unable to click on object 'Object Repository/EjecutivoResponsable/div_LLaura Vanessa Garca AgudeloLgarciaaint_951ad5'
	at com.kms.katalon.core.webui.keyword.internal.WebUIKeywordMain.stepFailed(WebUIKeywordMain.groovy:64)
	at com.kms.katalon.core.webui.keyword.internal.WebUIKeywordMain.runKeyword(WebUIKeywordMain.groovy:26)
	at com.kms.katalon.core.webui.keyword.builtin.ClickKeyword.click(ClickKeyword.groovy:103)
	at com.kms.katalon.core.webui.keyword.builtin.ClickKeyword.execute(ClickKeyword.groovy:43)
	at com.kms.katalon.core.keyword.internal.KeywordExecutor.executeKeywordForPlatform(KeywordExecutor.groovy:60)
	at com.kms.katalon.core.webui.keyword.WebUiBuiltInKeywords.click(WebUiBuiltInKeywords.groovy:616)
	at com.kms.katalon.core.webui.keyword.WebUiBuiltInKeywords$click$2.call(Unknown Source)
	at Flujo_EjecutivoResponsable.run(Flujo_EjecutivoResponsable:32)
	at com.kms.katalon.core.main.ScriptEngine.run(ScriptEngine.java:194)
	at com.kms.katalon.core.main.ScriptEngine.runScriptAsRawText(ScriptEngine.java:119)
	at com.kms.katalon.core.main.TestCaseExecutor.runScript(TestCaseExecutor.java:337)
	at com.kms.katalon.core.main.TestCaseExecutor.doExecute(TestCaseExecutor.java:328)
	at com.kms.katalon.core.main.TestCaseExecutor.processExecutionPhase(TestCaseExecutor.java:307)
	at com.kms.katalon.core.main.TestCaseExecutor.accessMainPhase(TestCaseExecutor.java:299)
	at com.kms.katalon.core.main.TestCaseExecutor.execute(TestCaseExecutor.java:233)
	at com.kms.katalon.core.main.TestSuiteExecutor.accessTestCaseMainPhase(TestSuiteExecutor.java:169)
	at com.kms.katalon.core.main.TestSuiteExecutor.accessTestSuiteMainPhase(TestSuiteExecutor.java:142)
	at com.kms.katalon.core.main.TestSuiteExecutor.execute(TestSuiteExecutor.java:91)
	at com.kms.katalon.core.main.TestCaseMain.startTestSuite(TestCaseMain.java:157)
	at com.kms.katalon.core.main.TestCaseMain$startTestSuite$0.call(Unknown Source)
	at TempTestSuite1576773010298.run(TempTestSuite1576773010298.groovy:36)
Caused by: com.kms.katalon.core.webui.exception.WebElementNotFoundException: Web element with id: 'Object Repository/EjecutivoResponsable/div_LLaura Vanessa Garca AgudeloLgarciaaint_951ad5' located by 'By.xpath: //div[@id='sug-0']/div/button/div/div' not found
	at com.kms.katalon.core.webui.common.WebUiCommonHelper.findWebElement(WebUiCommonHelper.java:1113)
	at com.kms.katalon.core.webui.keyword.internal.WebUIAbstractKeyword.findWebElement(WebUIAbstractKeyword.groovy:27)
	at com.kms.katalon.core.webui.keyword.internal.WebUIAbstractKeyword.findWebElement(WebUIAbstractKeyword.groovy:26)
	at com.kms.katalon.core.webui.keyword.builtin.ClickKeyword$_click_closure1.doCall(ClickKeyword.groovy:68)
	at com.kms.katalon.core.webui.keyword.builtin.ClickKeyword$_click_closure1.call(ClickKeyword.groovy)
	at com.kms.katalon.core.webui.keyword.internal.WebUIKeywordMain.runKeyword(WebUIKeywordMain.groovy:20)
	... 19 more
"/>
         <system-out><![CDATA[2019-12-19 11:30:12 - [TEST_CASE][FAILED] - Test Cases/Ejecutivo_Responsable/Flujo_EjecutivoResponsable: Test Cases/Ejecutivo_Responsable/Flujo_EjecutivoResponsable FAILED.
Reason:
com.kms.katalon.core.exception.StepFailedException: Unable to click on object 'Object Repository/EjecutivoResponsable/div_LLaura Vanessa Garca AgudeloLgarciaaint_951ad5'
	at com.kms.katalon.core.webui.keyword.internal.WebUIKeywordMain.stepFailed(WebUIKeywordMain.groovy:64)
	at com.kms.katalon.core.webui.keyword.internal.WebUIKeywordMain.runKeyword(WebUIKeywordMain.groovy:26)
	at com.kms.katalon.core.webui.keyword.builtin.ClickKeyword.click(ClickKeyword.groovy:103)
	at com.kms.katalon.core.webui.keyword.builtin.ClickKeyword.execute(ClickKeyword.groovy:43)
	at com.kms.katalon.core.keyword.internal.KeywordExecutor.executeKeywordForPlatform(KeywordExecutor.groovy:60)
	at com.kms.katalon.core.webui.keyword.WebUiBuiltInKeywords.click(WebUiBuiltInKeywords.groovy:616)
	at com.kms.katalon.core.webui.keyword.WebUiBuiltInKeywords$click$2.call(Unknown Source)
	at Flujo_EjecutivoResponsable.run(Flujo_EjecutivoResponsable:32)
	at com.kms.katalon.core.main.ScriptEngine.run(ScriptEngine.java:194)
	at com.kms.katalon.core.main.ScriptEngine.runScriptAsRawText(ScriptEngine.java:119)
	at com.kms.katalon.core.main.TestCaseExecutor.runScript(TestCaseExecutor.java:337)
	at com.kms.katalon.core.main.TestCaseExecutor.doExecute(TestCaseExecutor.java:328)
	at com.kms.katalon.core.main.TestCaseExecutor.processExecutionPhase(TestCaseExecutor.java:307)
	at com.kms.katalon.core.main.TestCaseExecutor.accessMainPhase(TestCaseExecutor.java:299)
	at com.kms.katalon.core.main.TestCaseExecutor.execute(TestCaseExecutor.java:233)
	at com.kms.katalon.core.main.TestSuiteExecutor.accessTestCaseMainPhase(TestSuiteExecutor.java:169)
	at com.kms.katalon.core.main.TestSuiteExecutor.accessTestSuiteMainPhase(TestSuiteExecutor.java:142)
	at com.kms.katalon.core.main.TestSuiteExecutor.execute(TestSuiteExecutor.java:91)
	at com.kms.katalon.core.main.TestCaseMain.startTestSuite(TestCaseMain.java:157)
	at com.kms.katalon.core.main.TestCaseMain$startTestSuite$0.call(Unknown Source)
	at TempTestSuite1576773010298.run(TempTestSuite1576773010298.groovy:36)
Caused by: com.kms.katalon.core.webui.exception.WebElementNotFoundException: Web element with id: 'Object Repository/EjecutivoResponsable/div_LLaura Vanessa Garca AgudeloLgarciaaint_951ad5' located by 'By.xpath: //div[@id='sug-0']/div/button/div/div' not found
	at com.kms.katalon.core.webui.common.WebUiCommonHelper.findWebElement(WebUiCommonHelper.java:1113)
	at com.kms.katalon.core.webui.keyword.internal.WebUIAbstractKeyword.findWebElement(WebUIAbstractKeyword.groovy:27)
	at com.kms.katalon.core.webui.keyword.internal.WebUIAbstractKeyword.findWebElement(WebUIAbstractKeyword.groovy:26)
	at com.kms.katalon.core.webui.keyword.builtin.ClickKeyword$_click_closure1.doCall(ClickKeyword.groovy:68)
	at com.kms.katalon.core.webui.keyword.builtin.ClickKeyword$_click_closure1.call(ClickKeyword.groovy)
	at com.kms.katalon.core.webui.keyword.internal.WebUIKeywordMain.runKeyword(WebUIKeywordMain.groovy:20)
	... 19 more


2019-12-19 11:30:12 - [TEST_STEP][PASSED] - callTestCase(findTestCase("Representante/InicioSesion_AccesoCorreo"), [:], STOP_ON_FAILURE): Call Test Case 'Test Cases/Representante/InicioSesion_AccesoCorreo' successfully

2019-12-19 11:30:12 - [TEST_CASE][PASSED] - Test Cases/Representante/InicioSesion_AccesoCorreo: Test Cases/Representante/InicioSesion_AccesoCorreo

2019-12-19 11:30:13 - [TEST_STEP][PASSED] - openBrowser(""): Browser is opened with url: ''

2019-12-19 11:30:13 - [MESSAGE][INFO] - Starting 'Chrome' driver

2019-12-19 11:30:13 - [MESSAGE][INFO] - Action delay is set to 0 seconds

2019-12-19 11:30:20 - [MESSAGE][PASSED] - Browser is opened with url: ''

2019-12-19 11:30:20 - [TEST_STEP][PASSED] - navigateToUrl("https://login.microsoftonline.com/common/oauth2/authorize?client_id=00000002-0000-0ff1-ce00-000000000000&redirect_uri=https%3a%2f%2foutlook.office365.com%2fowa%2f&resource=00000002-0000-0ff1-ce00-000000000000&response_mode=form_post&response_type=code+id_token&scope=openid&msafed=0&client-request-id=90e6bfa9-e6ec-46ab-82c3-1c848ab25309&protectedtoken=true&nonce=637105585405285449.f41578f0-f800-4006-b334-7ecc8f885085&state=DcsxEoAwCAVRouNxMD8GAh5HM9Jaen0p9nVbiGjNlqwgIRvdGlRdBXqkcu4hTc0DHA6wAIPv3oXtmdPDXeFa8t3q-131Bw"): Navigate to 'https://login.microsoftonline.com/common/oauth2/authorize?client_id=00000002-0000-0ff1-ce00-000000000000&redirect_uri=https%3a%2f%2foutlook.office365.com%2fowa%2f&resource=00000002-0000-0ff1-ce00-000000000000&response_mode=form_post&response_type=code+id_token&scope=openid&msafed=0&client-request-id=90e6bfa9-e6ec-46ab-82c3-1c848ab25309&protectedtoken=true&nonce=637105585405285449.f41578f0-f800-4006-b334-7ecc8f885085&state=DcsxEoAwCAVRouNxMD8GAh5HM9Jaen0p9nVbiGjNlqwgIRvdGlRdBXqkcu4hTc0DHA6wAIPv3oXtmdPDXeFa8t3q-131Bw' successfully

2019-12-19 11:30:23 - [MESSAGE][PASSED] - Navigate to 'https://login.microsoftonline.com/common/oauth2/authorize?client_id=00000002-0000-0ff1-ce00-000000000000&redirect_uri=https%3a%2f%2foutlook.office365.com%2fowa%2f&resource=00000002-0000-0ff1-ce00-000000000000&response_mode=form_post&response_type=code+id_token&scope=openid&msafed=0&client-request-id=90e6bfa9-e6ec-46ab-82c3-1c848ab25309&protectedtoken=true&nonce=637105585405285449.f41578f0-f800-4006-b334-7ecc8f885085&state=DcsxEoAwCAVRouNxMD8GAh5HM9Jaen0p9nVbiGjNlqwgIRvdGlRdBXqkcu4hTc0DHA6wAIPv3oXtmdPDXeFa8t3q-131Bw' successfully

2019-12-19 11:30:23 - [TEST_STEP][PASSED] - setText(findTestObject("Object Repository/Representante/input_to continue to Outlook_loginfmt"), "Lgarciaa@intergrupo.com"): Text 'Lgarciaa@intergrupo.com' is set on object 'Object Repository/Representante/input_to continue to Outlook_loginfmt'

2019-12-19 11:30:23 - [MESSAGE][PASSED] - Text 'Lgarciaa@intergrupo.com' is set on object 'Object Repository/Representante/input_to continue to Outlook_loginfmt'

2019-12-19 11:30:23 - [TEST_STEP][PASSED] - click(findTestObject("Object Repository/Representante/input_to continue to Outlook_idSIButton9")): Object: 'Object Repository/Representante/input_to continue to Outlook_idSIButton9' is clicked on

2019-12-19 11:30:24 - [MESSAGE][PASSED] - Object: 'Object Repository/Representante/input_to continue to Outlook_idSIButton9' is clicked on

2019-12-19 11:30:24 - [TEST_STEP][PASSED] - setEncryptedText(findTestObject("Object Repository/Representante/input_Enter password_passwd"), "ZOlv4XWAQZkh7wlYSNhOVA=="): Text ****** has been set on object 'Object Repository/Representante/input_Enter password_passwd'

2019-12-19 11:30:25 - [MESSAGE][PASSED] - Text ****** has been set on object 'Object Repository/Representante/input_Enter password_passwd'

2019-12-19 11:30:25 - [TEST_STEP][PASSED] - click(findTestObject("Object Repository/Representante/input_to continue to Outlook_idSIButton9")): Object: 'Object Repository/Representante/input_to continue to Outlook_idSIButton9' is clicked on

2019-12-19 11:30:25 - [MESSAGE][PASSED] - Object: 'Object Repository/Representante/input_to continue to Outlook_idSIButton9' is clicked on

2019-12-19 11:30:25 - [TEST_STEP][PASSED] - click(findTestObject("Object Repository/Representante/input_concat(Don  t show this again)_idBtn_Back")): Object: 'Object Repository/Representante/input_concat(Don  t show this again)_idBtn_Back' is clicked on

2019-12-19 11:30:36 - [MESSAGE][PASSED] - Object: 'Object Repository/Representante/input_concat(Don  t show this again)_idBtn_Back' is clicked on

2019-12-19 11:30:36 - [TEST_STEP][PASSED] - maximizeWindow(STOP_ON_FAILURE): Current window maximized

2019-12-19 11:30:40 - [MESSAGE][PASSED] - Current window maximized

2019-12-19 11:30:40 - [MESSAGE][INFO] - =================== Smart XPath Report =======================

2019-12-19 11:30:40 - [MESSAGE][INFO] - Refer to the link below to preview and approve auto healing on broken test objects.

2019-12-19 11:30:40 - [MESSAGE][INFO] - https://docs.katalon.com/katalon-studio/docs/auto-healing-smart-xpath.html

2019-12-19 11:30:40 - [MESSAGE][INFO] - ===============================================================

2019-12-19 11:30:40 - [MESSAGE][PASSED] - Call Test Case 'Test Cases/Representante/InicioSesion_AccesoCorreo' successfully

2019-12-19 11:30:40 - [TEST_STEP][PASSED] - click(findTestObject("EjecutivoResponsable/span_20191062 PRUEBA - APROBACIN EJECUTIVO RESPONSABLE")): Object: 'Object Repository/EjecutivoResponsable/span_20191062 PRUEBA - APROBACIN EJECUTIVO RESPONSABLE' is clicked on

2019-12-19 11:31:27 - [MESSAGE][INFO] - Unable to find the element located by 'By.xpath: //div[@id='AQAAAMjoylsBAAAA0EwIpQAAAAA=']/div/div/div/div[2]/div[2]/div/span'. Please recheck the objects properties to make sure the desired element is located. 

2019-12-19 11:31:27 - [MESSAGE][INFO] - [SMART_XPATH] Auto-trying out other XPath values in the test object.

2019-12-19 11:31:27 - [MESSAGE][INFO] - [SMART_XPATH] FAILED XPATH: '//div[@id='AQAAAMjoylsBAAAA0EwIpQAAAAA=']/div/div/div/div[2]/div[2]/div/span'.

2019-12-19 11:31:27 - [MESSAGE][INFO] - [SMART_XPATH] WORKING XPATH: '(.//*[normalize-space(text()) and normalize-space(.)='cafpruebassp@intergrupo.com'])[1]/following::span[5]'.

2019-12-19 11:31:28 - [MESSAGE][INFO] - [SMART_XPATH] Screenshot: F:/Proyectos/CAF_FlujoCorrespondencia/Reports/smart_xpath/Object Repository/EjecutivoResponsable/span_20191062 PRUEBA - APROBACIN EJECUTIVO RESPONSABLE_neighbor_0.png

2019-12-19 11:31:28 - [MESSAGE][INFO] - [SMART_XPATH] WORKING XPATH: '(.//*[normalize-space(text()) and normalize-space(.)='C'])[1]/following::span[6]'.

2019-12-19 11:31:29 - [MESSAGE][INFO] - [SMART_XPATH] Screenshot: F:/Proyectos/CAF_FlujoCorrespondencia/Reports/smart_xpath/Object Repository/EjecutivoResponsable/span_20191062 PRUEBA - APROBACIN EJECUTIVO RESPONSABLE_neighbor_1.png

2019-12-19 11:31:29 - [MESSAGE][INFO] - [SMART_XPATH] WORKING XPATH: '(.//*[normalize-space(text()) and normalize-space(.)='C'])[2]/preceding::span[3]'.

2019-12-19 11:31:29 - [MESSAGE][INFO] - [SMART_XPATH] Screenshot: F:/Proyectos/CAF_FlujoCorrespondencia/Reports/smart_xpath/Object Repository/EjecutivoResponsable/span_20191062 PRUEBA - APROBACIN EJECUTIVO RESPONSABLE_neighbor_2.png

2019-12-19 11:31:30 - [MESSAGE][INFO] - [SMART_XPATH] WORKING XPATH: '(.//*[normalize-space(text()) and normalize-space(.)='cafpruebassp@intergrupo.com'])[2]/preceding::span[4]'.

2019-12-19 11:31:30 - [MESSAGE][INFO] - [SMART_XPATH] Screenshot: F:/Proyectos/CAF_FlujoCorrespondencia/Reports/smart_xpath/Object Repository/EjecutivoResponsable/span_20191062 PRUEBA - APROBACIN EJECUTIVO RESPONSABLE_neighbor_3.png

2019-12-19 11:31:30 - [MESSAGE][INFO] - [SMART_XPATH] WORKING XPATH: '//*/text()[normalize-space(.)='[20191062] PRUEBA - APROBACIÓN EJECUTIVO RESPONSABLE']/parent::*'.

2019-12-19 11:31:31 - [MESSAGE][INFO] - [SMART_XPATH] Screenshot: F:/Proyectos/CAF_FlujoCorrespondencia/Reports/smart_xpath/Object Repository/EjecutivoResponsable/span_20191062 PRUEBA - APROBACIN EJECUTIVO RESPONSABLE_neighbor_4.png

2019-12-19 11:31:31 - [MESSAGE][INFO] - [SMART_XPATH] WORKING XPATH: '//div/div[2]/div/div/div/div/div/div[2]/div/div/div/div[2]/div[2]/div/span'.

2019-12-19 11:31:32 - [MESSAGE][INFO] - [SMART_XPATH] Screenshot: F:/Proyectos/CAF_FlujoCorrespondencia/Reports/smart_xpath/Object Repository/EjecutivoResponsable/span_20191062 PRUEBA - APROBACIN EJECUTIVO RESPONSABLE_position.png

2019-12-19 11:31:32 - [MESSAGE][ERROR] - [SMART_XPATH] F:\Proyectos\CAF_FlujoCorrespondencia\Reports\smart_xpath\waiting-for-approval.json (The system cannot find the file specified)

2019-12-19 11:31:32 - [MESSAGE][ERROR] - [SMART_XPATH] F:/Proyectos/CAF_FlujoCorrespondencia/Reports/smart_xpath/waiting-for-approval.json does not exist or is provided by Smart XPath Plugin!

2019-12-19 11:31:32 - [MESSAGE][INFO] - [SMART_XPATH] Selected Smart XPath: '(.//*[normalize-space(text()) and normalize-space(.)='cafpruebassp@intergrupo.com'])[1]/following::span[5]'.

2019-12-19 11:31:32 - [MESSAGE][INFO] - [SMART_XPATH] Continuing executing the test case!

2019-12-19 11:31:32 - [MESSAGE][PASSED] - Object: 'Object Repository/EjecutivoResponsable/span_20191062 PRUEBA - APROBACIN EJECUTIVO RESPONSABLE' is clicked on

2019-12-19 11:31:32 - [TEST_STEP][PASSED] - click(findTestObject("Object Repository/EjecutivoResponsable/a_CORRESPONDENCIA")): Object: 'Object Repository/EjecutivoResponsable/a_CORRESPONDENCIA' is clicked on

2019-12-19 11:31:33 - [MESSAGE][PASSED] - Object: 'Object Repository/EjecutivoResponsable/a_CORRESPONDENCIA' is clicked on

2019-12-19 11:31:33 - [TEST_STEP][PASSED] - switchToWindowTitle("Control Correspondencia - 20191062"): Switched to window with title: 'Control Correspondencia - 20191062'

2019-12-19 11:31:37 - [MESSAGE][PASSED] - Switched to window with title: 'Control Correspondencia - 20191062'

2019-12-19 11:31:37 - [TEST_STEP][PASSED] - setText(findTestObject("Object Repository/EjecutivoResponsable/div_sdfsfwewe"), "https://tasks.intergrupo.com/login_page.php?return=main_page.php"): Text 'https://tasks.intergrupo.com/login_page.php?return=main_page.php' is set on object 'Object Repository/EjecutivoResponsable/div_sdfsfwewe'

2019-12-19 11:31:38 - [MESSAGE][PASSED] - Text 'https://tasks.intergrupo.com/login_page.php?return=main_page.php' is set on object 'Object Repository/EjecutivoResponsable/div_sdfsfwewe'

2019-12-19 11:31:38 - [TEST_STEP][PASSED] - setText(findTestObject("Object Repository/EjecutivoResponsable/input_Reasignado a_ms-BasePicker-input input-119"), "Laura Vanessa García Agudelo"): Text 'Laura Vanessa García Agudelo' is set on object 'Object Repository/EjecutivoResponsable/input_Reasignado a_ms-BasePicker-input input-119'

2019-12-19 11:32:24 - [MESSAGE][INFO] - Unable to find the element located by 'By.xpath: (//input[@value=''])[15]'. Please recheck the objects properties to make sure the desired element is located. 

2019-12-19 11:32:24 - [MESSAGE][INFO] - [SMART_XPATH] Auto-trying out other XPath values in the test object.

2019-12-19 11:32:24 - [MESSAGE][INFO] - [SMART_XPATH] FAILED XPATH: '(//input[@value=''])[15]'.

2019-12-19 11:32:25 - [MESSAGE][INFO] - [SMART_XPATH] WORKING XPATH: '//div[@id='correspondencia-edicion-cewp-container']/div/div/div[25]/div/div/div/div/input'.

2019-12-19 11:32:25 - [MESSAGE][INFO] - [SMART_XPATH] Screenshot: F:/Proyectos/CAF_FlujoCorrespondencia/Reports/smart_xpath/Object Repository/EjecutivoResponsable/input_Reasignado a_ms-BasePicker-input input-119_idRelative.png

2019-12-19 11:32:25 - [MESSAGE][INFO] - [SMART_XPATH] WORKING XPATH: '//div[25]/div/div/div/div/input'.

2019-12-19 11:32:25 - [MESSAGE][INFO] - [SMART_XPATH] Screenshot: F:/Proyectos/CAF_FlujoCorrespondencia/Reports/smart_xpath/Object Repository/EjecutivoResponsable/input_Reasignado a_ms-BasePicker-input input-119_position.png

2019-12-19 11:32:25 - [MESSAGE][ERROR] - [SMART_XPATH] F:\Proyectos\CAF_FlujoCorrespondencia\Reports\smart_xpath\waiting-for-approval.json (The system cannot find the file specified)

2019-12-19 11:32:25 - [MESSAGE][ERROR] - [SMART_XPATH] F:/Proyectos/CAF_FlujoCorrespondencia/Reports/smart_xpath/waiting-for-approval.json does not exist or is provided by Smart XPath Plugin!

2019-12-19 11:32:25 - [MESSAGE][INFO] - [SMART_XPATH] Selected Smart XPath: '//div[@id='correspondencia-edicion-cewp-container']/div/div/div[25]/div/div/div/div/input'.

2019-12-19 11:32:25 - [MESSAGE][INFO] - [SMART_XPATH] Continuing executing the test case!

2019-12-19 11:32:26 - [MESSAGE][PASSED] - Text 'Laura Vanessa García Agudelo' is set on object 'Object Repository/EjecutivoResponsable/input_Reasignado a_ms-BasePicker-input input-119'

2019-12-19 11:32:26 - [TEST_STEP][FAILED] - click(findTestObject("Object Repository/EjecutivoResponsable/div_LLaura Vanessa Garca AgudeloLgarciaaint_951ad5")): Unable to click on object 'Object Repository/EjecutivoResponsable/div_LLaura Vanessa Garca AgudeloLgarciaaint_951ad5' (Root cause: com.kms.katalon.core.exception.StepFailedException: Unable to click on object 'Object Repository/EjecutivoResponsable/div_LLaura Vanessa Garca AgudeloLgarciaaint_951ad5'
	at com.kms.katalon.core.webui.keyword.internal.WebUIKeywordMain.stepFailed(WebUIKeywordMain.groovy:64)
	at com.kms.katalon.core.webui.keyword.internal.WebUIKeywordMain.runKeyword(WebUIKeywordMain.groovy:26)
	at com.kms.katalon.core.webui.keyword.builtin.ClickKeyword.click(ClickKeyword.groovy:103)
	at com.kms.katalon.core.webui.keyword.builtin.ClickKeyword.execute(ClickKeyword.groovy:43)
	at com.kms.katalon.core.keyword.internal.KeywordExecutor.executeKeywordForPlatform(KeywordExecutor.groovy:60)
	at com.kms.katalon.core.webui.keyword.WebUiBuiltInKeywords.click(WebUiBuiltInKeywords.groovy:616)
	at com.kms.katalon.core.webui.keyword.WebUiBuiltInKeywords$click$2.call(Unknown Source)
	at Flujo_EjecutivoResponsable.run(Flujo_EjecutivoResponsable:32)
	at com.kms.katalon.core.main.ScriptEngine.run(ScriptEngine.java:194)
	at com.kms.katalon.core.main.ScriptEngine.runScriptAsRawText(ScriptEngine.java:119)
	at com.kms.katalon.core.main.TestCaseExecutor.runScript(TestCaseExecutor.java:337)
	at com.kms.katalon.core.main.TestCaseExecutor.doExecute(TestCaseExecutor.java:328)
	at com.kms.katalon.core.main.TestCaseExecutor.processExecutionPhase(TestCaseExecutor.java:307)
	at com.kms.katalon.core.main.TestCaseExecutor.accessMainPhase(TestCaseExecutor.java:299)
	at com.kms.katalon.core.main.TestCaseExecutor.execute(TestCaseExecutor.java:233)
	at com.kms.katalon.core.main.TestSuiteExecutor.accessTestCaseMainPhase(TestSuiteExecutor.java:169)
	at com.kms.katalon.core.main.TestSuiteExecutor.accessTestSuiteMainPhase(TestSuiteExecutor.java:142)
	at com.kms.katalon.core.main.TestSuiteExecutor.execute(TestSuiteExecutor.java:91)
	at com.kms.katalon.core.main.TestCaseMain.startTestSuite(TestCaseMain.java:157)
	at com.kms.katalon.core.main.TestCaseMain$startTestSuite$0.call(Unknown Source)
	at TempTestSuite1576773010298.run(TempTestSuite1576773010298.groovy:36)
Caused by: com.kms.katalon.core.webui.exception.WebElementNotFoundException: Web element with id: 'Object Repository/EjecutivoResponsable/div_LLaura Vanessa Garca AgudeloLgarciaaint_951ad5' located by 'By.xpath: //div[@id='sug-0']/div/button/div/div' not found
	at com.kms.katalon.core.webui.common.WebUiCommonHelper.findWebElement(WebUiCommonHelper.java:1113)
	at com.kms.katalon.core.webui.keyword.internal.WebUIAbstractKeyword.findWebElement(WebUIAbstractKeyword.groovy:27)
	at com.kms.katalon.core.webui.keyword.internal.WebUIAbstractKeyword.findWebElement(WebUIAbstractKeyword.groovy:26)
	at com.kms.katalon.core.webui.keyword.builtin.ClickKeyword$_click_closure1.doCall(ClickKeyword.groovy:68)
	at com.kms.katalon.core.webui.keyword.builtin.ClickKeyword$_click_closure1.call(ClickKeyword.groovy)
	at com.kms.katalon.core.webui.keyword.internal.WebUIKeywordMain.runKeyword(WebUIKeywordMain.groovy:20)
	at com.kms.katalon.core.webui.keyword.builtin.ClickKeyword.click(ClickKeyword.groovy:103)
	at com.kms.katalon.core.webui.keyword.builtin.ClickKeyword.execute(ClickKeyword.groovy:43)
	at com.kms.katalon.core.keyword.internal.KeywordExecutor.executeKeywordForPlatform(KeywordExecutor.groovy:60)
	at com.kms.katalon.core.webui.keyword.WebUiBuiltInKeywords.click(WebUiBuiltInKeywords.groovy:616)
	at com.kms.katalon.core.webui.keyword.WebUiBuiltInKeywords$click$2.call(Unknown Source)
	at Script1575391245132.run(Script1575391245132.groovy:32)
	... 13 more
)

2019-12-19 11:33:10 - [MESSAGE][INFO] - Unable to find the element located by 'By.xpath: //div[@id='sug-0']/div/button/div/div'. Please recheck the objects properties to make sure the desired element is located. 

2019-12-19 11:33:10 - [MESSAGE][INFO] - [SMART_XPATH] Auto-trying out other XPath values in the test object.

2019-12-19 11:33:10 - [MESSAGE][INFO] - [SMART_XPATH] FAILED XPATH: '//div[@id='sug-0']/div/button/div/div'.

2019-12-19 11:33:11 - [MESSAGE][INFO] - [SMART_XPATH] FAILED XPATH: '(.//*[normalize-space(text()) and normalize-space(.)='Personas sugeridas'])[1]/following::div[5]'.

2019-12-19 11:33:11 - [MESSAGE][INFO] - [SMART_XPATH] FAILED XPATH: '(.//*[normalize-space(text()) and normalize-space(.)='Cancelar'])[1]/following::div[18]'.

2019-12-19 11:33:11 - [MESSAGE][INFO] - [SMART_XPATH] FAILED XPATH: '//div[2]/div/div/button/div/div'.

2019-12-19 11:33:11 - [MESSAGE][INFO] - [SMART_XPATH] No working XPath is found.

2019-12-19 11:33:11 - [MESSAGE][FAILED] - Unable to click on object 'Object Repository/EjecutivoResponsable/div_LLaura Vanessa Garca AgudeloLgarciaaint_951ad5' (Root cause: com.kms.katalon.core.exception.StepFailedException: Unable to click on object 'Object Repository/EjecutivoResponsable/div_LLaura Vanessa Garca AgudeloLgarciaaint_951ad5'
	at com.kms.katalon.core.webui.keyword.internal.WebUIKeywordMain.stepFailed(WebUIKeywordMain.groovy:64)
	at com.kms.katalon.core.webui.keyword.internal.WebUIKeywordMain.runKeyword(WebUIKeywordMain.groovy:26)
	at com.kms.katalon.core.webui.keyword.builtin.ClickKeyword.click(ClickKeyword.groovy:103)
	at com.kms.katalon.core.webui.keyword.builtin.ClickKeyword.execute(ClickKeyword.groovy:43)
	at com.kms.katalon.core.keyword.internal.KeywordExecutor.executeKeywordForPlatform(KeywordExecutor.groovy:60)
	at com.kms.katalon.core.webui.keyword.WebUiBuiltInKeywords.click(WebUiBuiltInKeywords.groovy:616)
	at com.kms.katalon.core.webui.keyword.WebUiBuiltInKeywords$click$2.call(Unknown Source)
	at Flujo_EjecutivoResponsable.run(Flujo_EjecutivoResponsable:32)
	at com.kms.katalon.core.main.ScriptEngine.run(ScriptEngine.java:194)
	at com.kms.katalon.core.main.ScriptEngine.runScriptAsRawText(ScriptEngine.java:119)
	at com.kms.katalon.core.main.TestCaseExecutor.runScript(TestCaseExecutor.java:337)
	at com.kms.katalon.core.main.TestCaseExecutor.doExecute(TestCaseExecutor.java:328)
	at com.kms.katalon.core.main.TestCaseExecutor.processExecutionPhase(TestCaseExecutor.java:307)
	at com.kms.katalon.core.main.TestCaseExecutor.accessMainPhase(TestCaseExecutor.java:299)
	at com.kms.katalon.core.main.TestCaseExecutor.execute(TestCaseExecutor.java:233)
	at com.kms.katalon.core.main.TestSuiteExecutor.accessTestCaseMainPhase(TestSuiteExecutor.java:169)
	at com.kms.katalon.core.main.TestSuiteExecutor.accessTestSuiteMainPhase(TestSuiteExecutor.java:142)
	at com.kms.katalon.core.main.TestSuiteExecutor.execute(TestSuiteExecutor.java:91)
	at com.kms.katalon.core.main.TestCaseMain.startTestSuite(TestCaseMain.java:157)
	at com.kms.katalon.core.main.TestCaseMain$startTestSuite$0.call(Unknown Source)
	at TempTestSuite1576773010298.run(TempTestSuite1576773010298.groovy:36)
Caused by: com.kms.katalon.core.webui.exception.WebElementNotFoundException: Web element with id: 'Object Repository/EjecutivoResponsable/div_LLaura Vanessa Garca AgudeloLgarciaaint_951ad5' located by 'By.xpath: //div[@id='sug-0']/div/button/div/div' not found
	at com.kms.katalon.core.webui.common.WebUiCommonHelper.findWebElement(WebUiCommonHelper.java:1113)
	at com.kms.katalon.core.webui.keyword.internal.WebUIAbstractKeyword.findWebElement(WebUIAbstractKeyword.groovy:27)
	at com.kms.katalon.core.webui.keyword.internal.WebUIAbstractKeyword.findWebElement(WebUIAbstractKeyword.groovy:26)
	at com.kms.katalon.core.webui.keyword.builtin.ClickKeyword$_click_closure1.doCall(ClickKeyword.groovy:68)
	at com.kms.katalon.core.webui.keyword.builtin.ClickKeyword$_click_closure1.call(ClickKeyword.groovy)
	at com.kms.katalon.core.webui.keyword.internal.WebUIKeywordMain.runKeyword(WebUIKeywordMain.groovy:20)
	at com.kms.katalon.core.webui.keyword.builtin.ClickKeyword.click(ClickKeyword.groovy:103)
	at com.kms.katalon.core.webui.keyword.builtin.ClickKeyword.execute(ClickKeyword.groovy:43)
	at com.kms.katalon.core.keyword.internal.KeywordExecutor.executeKeywordForPlatform(KeywordExecutor.groovy:60)
	at com.kms.katalon.core.webui.keyword.WebUiBuiltInKeywords.click(WebUiBuiltInKeywords.groovy:616)
	at com.kms.katalon.core.webui.keyword.WebUiBuiltInKeywords$click$2.call(Unknown Source)
	at Script1575391245132.run(Script1575391245132.groovy:32)
	... 13 more
)
[[ATTACHMENT|F:\\Proyectos\\CAF_FlujoCorrespondencia\\Reports\\20191219_113010\\Correspondencia\\FlujoCompleto\\20191219_113010\\1576773191691.png]]]]></system-out>
         <system-err><![CDATA[2019-12-19 11:30:12 - [TEST_CASE][FAILED] - Test Cases/Ejecutivo_Responsable/Flujo_EjecutivoResponsable: Test Cases/Ejecutivo_Responsable/Flujo_EjecutivoResponsable FAILED.
Reason:
com.kms.katalon.core.exception.StepFailedException: Unable to click on object 'Object Repository/EjecutivoResponsable/div_LLaura Vanessa Garca AgudeloLgarciaaint_951ad5'
	at com.kms.katalon.core.webui.keyword.internal.WebUIKeywordMain.stepFailed(WebUIKeywordMain.groovy:64)
	at com.kms.katalon.core.webui.keyword.internal.WebUIKeywordMain.runKeyword(WebUIKeywordMain.groovy:26)
	at com.kms.katalon.core.webui.keyword.builtin.ClickKeyword.click(ClickKeyword.groovy:103)
	at com.kms.katalon.core.webui.keyword.builtin.ClickKeyword.execute(ClickKeyword.groovy:43)
	at com.kms.katalon.core.keyword.internal.KeywordExecutor.executeKeywordForPlatform(KeywordExecutor.groovy:60)
	at com.kms.katalon.core.webui.keyword.WebUiBuiltInKeywords.click(WebUiBuiltInKeywords.groovy:616)
	at com.kms.katalon.core.webui.keyword.WebUiBuiltInKeywords$click$2.call(Unknown Source)
	at Flujo_EjecutivoResponsable.run(Flujo_EjecutivoResponsable:32)
	at com.kms.katalon.core.main.ScriptEngine.run(ScriptEngine.java:194)
	at com.kms.katalon.core.main.ScriptEngine.runScriptAsRawText(ScriptEngine.java:119)
	at com.kms.katalon.core.main.TestCaseExecutor.runScript(TestCaseExecutor.java:337)
	at com.kms.katalon.core.main.TestCaseExecutor.doExecute(TestCaseExecutor.java:328)
	at com.kms.katalon.core.main.TestCaseExecutor.processExecutionPhase(TestCaseExecutor.java:307)
	at com.kms.katalon.core.main.TestCaseExecutor.accessMainPhase(TestCaseExecutor.java:299)
	at com.kms.katalon.core.main.TestCaseExecutor.execute(TestCaseExecutor.java:233)
	at com.kms.katalon.core.main.TestSuiteExecutor.accessTestCaseMainPhase(TestSuiteExecutor.java:169)
	at com.kms.katalon.core.main.TestSuiteExecutor.accessTestSuiteMainPhase(TestSuiteExecutor.java:142)
	at com.kms.katalon.core.main.TestSuiteExecutor.execute(TestSuiteExecutor.java:91)
	at com.kms.katalon.core.main.TestCaseMain.startTestSuite(TestCaseMain.java:157)
	at com.kms.katalon.core.main.TestCaseMain$startTestSuite$0.call(Unknown Source)
	at TempTestSuite1576773010298.run(TempTestSuite1576773010298.groovy:36)
Caused by: com.kms.katalon.core.webui.exception.WebElementNotFoundException: Web element with id: 'Object Repository/EjecutivoResponsable/div_LLaura Vanessa Garca AgudeloLgarciaaint_951ad5' located by 'By.xpath: //div[@id='sug-0']/div/button/div/div' not found
	at com.kms.katalon.core.webui.common.WebUiCommonHelper.findWebElement(WebUiCommonHelper.java:1113)
	at com.kms.katalon.core.webui.keyword.internal.WebUIAbstractKeyword.findWebElement(WebUIAbstractKeyword.groovy:27)
	at com.kms.katalon.core.webui.keyword.internal.WebUIAbstractKeyword.findWebElement(WebUIAbstractKeyword.groovy:26)
	at com.kms.katalon.core.webui.keyword.builtin.ClickKeyword$_click_closure1.doCall(ClickKeyword.groovy:68)
	at com.kms.katalon.core.webui.keyword.builtin.ClickKeyword$_click_closure1.call(ClickKeyword.groovy)
	at com.kms.katalon.core.webui.keyword.internal.WebUIKeywordMain.runKeyword(WebUIKeywordMain.groovy:20)
	... 19 more]]></system-err>
      </testcase>
      <system-out><![CDATA[2019-12-19 11:30:12 - [TEST_SUITE][FAILED] - FlujoCompleto: Test Cases/Ejecutivo_Responsable/Flujo_EjecutivoResponsable FAILED.
Reason:
com.kms.katalon.core.exception.StepFailedException: Unable to click on object 'Object Repository/EjecutivoResponsable/div_LLaura Vanessa Garca AgudeloLgarciaaint_951ad5'
	at com.kms.katalon.core.webui.keyword.internal.WebUIKeywordMain.stepFailed(WebUIKeywordMain.groovy:64)
	at com.kms.katalon.core.webui.keyword.internal.WebUIKeywordMain.runKeyword(WebUIKeywordMain.groovy:26)
	at com.kms.katalon.core.webui.keyword.builtin.ClickKeyword.click(ClickKeyword.groovy:103)
	at com.kms.katalon.core.webui.keyword.builtin.ClickKeyword.execute(ClickKeyword.groovy:43)
	at com.kms.katalon.core.keyword.internal.KeywordExecutor.executeKeywordForPlatform(KeywordExecutor.groovy:60)
	at com.kms.katalon.core.webui.keyword.WebUiBuiltInKeywords.click(WebUiBuiltInKeywords.groovy:616)
	at com.kms.katalon.core.webui.keyword.WebUiBuiltInKeywords$click$2.call(Unknown Source)
	at Flujo_EjecutivoResponsable.run(Flujo_EjecutivoResponsable:32)
	at com.kms.katalon.core.main.ScriptEngine.run(ScriptEngine.java:194)
	at com.kms.katalon.core.main.ScriptEngine.runScriptAsRawText(ScriptEngine.java:119)
	at com.kms.katalon.core.main.TestCaseExecutor.runScript(TestCaseExecutor.java:337)
	at com.kms.katalon.core.main.TestCaseExecutor.doExecute(TestCaseExecutor.java:328)
	at com.kms.katalon.core.main.TestCaseExecutor.processExecutionPhase(TestCaseExecutor.java:307)
	at com.kms.katalon.core.main.TestCaseExecutor.accessMainPhase(TestCaseExecutor.java:299)
	at com.kms.katalon.core.main.TestCaseExecutor.execute(TestCaseExecutor.java:233)
	at com.kms.katalon.core.main.TestSuiteExecutor.accessTestCaseMainPhase(TestSuiteExecutor.java:169)
	at com.kms.katalon.core.main.TestSuiteExecutor.accessTestSuiteMainPhase(TestSuiteExecutor.java:142)
	at com.kms.katalon.core.main.TestSuiteExecutor.execute(TestSuiteExecutor.java:91)
	at com.kms.katalon.core.main.TestCaseMain.startTestSuite(TestCaseMain.java:157)
	at com.kms.katalon.core.main.TestCaseMain$startTestSuite$0.call(Unknown Source)
	at TempTestSuite1576773010298.run(TempTestSuite1576773010298.groovy:36)
Caused by: com.kms.katalon.core.webui.exception.WebElementNotFoundException: Web element with id: 'Object Repository/EjecutivoResponsable/div_LLaura Vanessa Garca AgudeloLgarciaaint_951ad5' located by 'By.xpath: //div[@id='sug-0']/div/button/div/div' not found
	at com.kms.katalon.core.webui.common.WebUiCommonHelper.findWebElement(WebUiCommonHelper.java:1113)
	at com.kms.katalon.core.webui.keyword.internal.WebUIAbstractKeyword.findWebElement(WebUIAbstractKeyword.groovy:27)
	at com.kms.katalon.core.webui.keyword.internal.WebUIAbstractKeyword.findWebElement(WebUIAbstractKeyword.groovy:26)
	at com.kms.katalon.core.webui.keyword.builtin.ClickKeyword$_click_closure1.doCall(ClickKeyword.groovy:68)
	at com.kms.katalon.core.webui.keyword.builtin.ClickKeyword$_click_closure1.call(ClickKeyword.groovy)
	at com.kms.katalon.core.webui.keyword.internal.WebUIKeywordMain.runKeyword(WebUIKeywordMain.groovy:20)
	... 19 more]]></system-out>
      <system-err><![CDATA[2019-12-19 11:30:12 - [TEST_SUITE][FAILED] - FlujoCompleto: Test Cases/Ejecutivo_Responsable/Flujo_EjecutivoResponsable FAILED.
Reason:
com.kms.katalon.core.exception.StepFailedException: Unable to click on object 'Object Repository/EjecutivoResponsable/div_LLaura Vanessa Garca AgudeloLgarciaaint_951ad5'
	at com.kms.katalon.core.webui.keyword.internal.WebUIKeywordMain.stepFailed(WebUIKeywordMain.groovy:64)
	at com.kms.katalon.core.webui.keyword.internal.WebUIKeywordMain.runKeyword(WebUIKeywordMain.groovy:26)
	at com.kms.katalon.core.webui.keyword.builtin.ClickKeyword.click(ClickKeyword.groovy:103)
	at com.kms.katalon.core.webui.keyword.builtin.ClickKeyword.execute(ClickKeyword.groovy:43)
	at com.kms.katalon.core.keyword.internal.KeywordExecutor.executeKeywordForPlatform(KeywordExecutor.groovy:60)
	at com.kms.katalon.core.webui.keyword.WebUiBuiltInKeywords.click(WebUiBuiltInKeywords.groovy:616)
	at com.kms.katalon.core.webui.keyword.WebUiBuiltInKeywords$click$2.call(Unknown Source)
	at Flujo_EjecutivoResponsable.run(Flujo_EjecutivoResponsable:32)
	at com.kms.katalon.core.main.ScriptEngine.run(ScriptEngine.java:194)
	at com.kms.katalon.core.main.ScriptEngine.runScriptAsRawText(ScriptEngine.java:119)
	at com.kms.katalon.core.main.TestCaseExecutor.runScript(TestCaseExecutor.java:337)
	at com.kms.katalon.core.main.TestCaseExecutor.doExecute(TestCaseExecutor.java:328)
	at com.kms.katalon.core.main.TestCaseExecutor.processExecutionPhase(TestCaseExecutor.java:307)
	at com.kms.katalon.core.main.TestCaseExecutor.accessMainPhase(TestCaseExecutor.java:299)
	at com.kms.katalon.core.main.TestCaseExecutor.execute(TestCaseExecutor.java:233)
	at com.kms.katalon.core.main.TestSuiteExecutor.accessTestCaseMainPhase(TestSuiteExecutor.java:169)
	at com.kms.katalon.core.main.TestSuiteExecutor.accessTestSuiteMainPhase(TestSuiteExecutor.java:142)
	at com.kms.katalon.core.main.TestSuiteExecutor.execute(TestSuiteExecutor.java:91)
	at com.kms.katalon.core.main.TestCaseMain.startTestSuite(TestCaseMain.java:157)
	at com.kms.katalon.core.main.TestCaseMain$startTestSuite$0.call(Unknown Source)
	at TempTestSuite1576773010298.run(TempTestSuite1576773010298.groovy:36)
Caused by: com.kms.katalon.core.webui.exception.WebElementNotFoundException: Web element with id: 'Object Repository/EjecutivoResponsable/div_LLaura Vanessa Garca AgudeloLgarciaaint_951ad5' located by 'By.xpath: //div[@id='sug-0']/div/button/div/div' not found
	at com.kms.katalon.core.webui.common.WebUiCommonHelper.findWebElement(WebUiCommonHelper.java:1113)
	at com.kms.katalon.core.webui.keyword.internal.WebUIAbstractKeyword.findWebElement(WebUIAbstractKeyword.groovy:27)
	at com.kms.katalon.core.webui.keyword.internal.WebUIAbstractKeyword.findWebElement(WebUIAbstractKeyword.groovy:26)
	at com.kms.katalon.core.webui.keyword.builtin.ClickKeyword$_click_closure1.doCall(ClickKeyword.groovy:68)
	at com.kms.katalon.core.webui.keyword.builtin.ClickKeyword$_click_closure1.call(ClickKeyword.groovy)
	at com.kms.katalon.core.webui.keyword.internal.WebUIKeywordMain.runKeyword(WebUIKeywordMain.groovy:20)
	... 19 more]]></system-err>
   </testsuite>
</testsuites>
